<?xml version="1.0" encoding="UTF-8"?>
<testsuites name="Cuti" time="223.365" tests="15" failures="2" errors="1">
   <testsuite name="Cuti" tests="15" failures="2" errors="1" time="223.365" skipped="0" timestamp="03-12-2024T08:57:15" hostname="Irga - Irga.mshome.net" id="Test Suites/Cuti">
      <properties>
         <property name="deviceName" value=""/>
         <property name="devicePlatform"/>
         <property name="logFolder" value="C:\\Users\\User\\git\\KatalonHadirApp\\Reports\\20241203_085648\\Cuti\\20241203_085649"/>
         <property name="logFiles" value="C:\\Users\\User\\git\\KatalonHadirApp\\Reports\\20241203_085648\\Cuti\\20241203_085649\\execution0.log"/>
         <property name="attachments" value="C:\\Users\\User\\git\\KatalonHadirApp\\Reports\\20241203_085648\\Cuti\\20241203_085649\\1733191103648.png, C:\\Users\\User\\git\\KatalonHadirApp\\Reports\\20241203_085648\\Cuti\\20241203_085649\\1733191116406.png, C:\\Users\\User\\git\\KatalonHadirApp\\Reports\\20241203_085648\\Cuti\\20241203_085649\\1733191237797.png, C:\\Users\\User\\git\\KatalonHadirApp\\Reports\\20241203_085648\\Cuti\\20241203_085649\\1733191244994.png, C:\\Users\\User\\git\\KatalonHadirApp\\Reports\\20241203_085648\\Cuti\\20241203_085649\\1733191251656.png, C:\\Users\\User\\git\\KatalonHadirApp\\Reports\\20241203_085648\\Cuti\\20241203_085649\\1733191258570.png"/>
         <property name="hostName" value="Irga - Irga.mshome.net"/>
         <property name="os" value="Windows 10 64bit"/>
         <property name="katalonVersion" value="10.0.0.223"/>
         <property name="browser" value="Chrome 131.0.0.0"/>
         <property name="hostAddress" value="172.24.112.1"/>
         <property name="sessionId" value="cb62c948b4d5bf7d8de86f391244e864"/>
         <property name="seleniumVersion" value="4.22.0"/>
         <property name="proxyInformation" value="ProxyInformation { proxyOption=NO_PROXY, proxyServerType=HTTP, username=, password=********, proxyServerAddress=, proxyServerPort=0, executionList=&quot;&quot;, isApplyToDesiredCapabilities=true }"/>
         <property name="platform" value="Windows 10"/>
      </properties>
      <testcase name="Test Cases/Admin/Laporan/02 Cuti/TCC.Hadir.04.014" time="7.553" classname="Test Cases/Admin/Laporan/02 Cuti/TCC.Hadir.04.014" status="ERROR">
         <error type="ERROR" message="Test Cases/Admin/Laporan/02 Cuti/TCC.Hadir.04.014 FAILED.&#xa;Reason:&#xa;groovy.lang.MissingPropertyException: No such property: expectedName for class: Script1732592106615&#xa;	at TCC.Hadir.04.014.run(TCC.Hadir.04.014:53)&#xa;	at com.kms.katalon.core.main.ScriptEngine.run(ScriptEngine.java:194)&#xa;	at com.kms.katalon.core.main.ScriptEngine.runScriptAsRawText(ScriptEngine.java:119)&#xa;	at com.kms.katalon.core.main.TestCaseExecutor.runScript(TestCaseExecutor.java:448)&#xa;	at com.kms.katalon.core.main.TestCaseExecutor.doExecute(TestCaseExecutor.java:439)&#xa;	at com.kms.katalon.core.main.TestCaseExecutor.processExecutionPhase(TestCaseExecutor.java:418)&#xa;	at com.kms.katalon.core.main.TestCaseExecutor.accessMainPhase(TestCaseExecutor.java:410)&#xa;	at com.kms.katalon.core.main.TestCaseExecutor.execute(TestCaseExecutor.java:285)&#xa;	at com.kms.katalon.core.main.TestCaseExecutor.execute(TestCaseExecutor.java:369)&#xa;	at com.kms.katalon.core.main.TestCaseExecutor.execute(TestCaseExecutor.java:369)&#xa;	at com.kms.katalon.core.main.TestCaseExecutor.execute(TestCaseExecutor.java:369)&#xa;	at com.kms.katalon.core.common.CommonExecutor.accessTestCaseMainPhase(CommonExecutor.java:65)&#xa;	at com.kms.katalon.core.main.TestSuiteExecutor.accessTestSuiteMainPhase(TestSuiteExecutor.java:161)&#xa;	at com.kms.katalon.core.main.TestSuiteExecutor.execute(TestSuiteExecutor.java:107)&#xa;	at com.kms.katalon.core.main.TestCaseMain.startTestSuite(TestCaseMain.java:176)&#xa;	at TempTestSuite1733191009789.run(TempTestSuite1733191009789.groovy:35)&#xa;	at java.base/jdk.internal.reflect.NativeMethodAccessorImpl.invoke0(Native Method)&#xa;	at java.base/jdk.internal.reflect.NativeMethodAccessorImpl.invoke(NativeMethodAccessorImpl.java:77)&#xa;	at java.base/jdk.internal.reflect.DelegatingMethodAccessorImpl.invoke(DelegatingMethodAccessorImpl.java:43)&#xa;"/>
         <system-out><![CDATA[03-12-2024T08:57:54 - [TEST_CASE][ERROR] - Test Cases/Admin/Laporan/02 Cuti/TCC.Hadir.04.014: Test Cases/Admin/Laporan/02 Cuti/TCC.Hadir.04.014 FAILED.
Reason:
groovy.lang.MissingPropertyException: No such property: expectedName for class: Script1732592106615
	at TCC.Hadir.04.014.run(TCC.Hadir.04.014:53)
	at com.kms.katalon.core.main.ScriptEngine.run(ScriptEngine.java:194)
	at com.kms.katalon.core.main.ScriptEngine.runScriptAsRawText(ScriptEngine.java:119)
	at com.kms.katalon.core.main.TestCaseExecutor.runScript(TestCaseExecutor.java:448)
	at com.kms.katalon.core.main.TestCaseExecutor.doExecute(TestCaseExecutor.java:439)
	at com.kms.katalon.core.main.TestCaseExecutor.processExecutionPhase(TestCaseExecutor.java:418)
	at com.kms.katalon.core.main.TestCaseExecutor.accessMainPhase(TestCaseExecutor.java:410)
	at com.kms.katalon.core.main.TestCaseExecutor.execute(TestCaseExecutor.java:285)
	at com.kms.katalon.core.main.TestCaseExecutor.execute(TestCaseExecutor.java:369)
	at com.kms.katalon.core.main.TestCaseExecutor.execute(TestCaseExecutor.java:369)
	at com.kms.katalon.core.main.TestCaseExecutor.execute(TestCaseExecutor.java:369)
	at com.kms.katalon.core.common.CommonExecutor.accessTestCaseMainPhase(CommonExecutor.java:65)
	at com.kms.katalon.core.main.TestSuiteExecutor.accessTestSuiteMainPhase(TestSuiteExecutor.java:161)
	at com.kms.katalon.core.main.TestSuiteExecutor.execute(TestSuiteExecutor.java:107)
	at com.kms.katalon.core.main.TestCaseMain.startTestSuite(TestCaseMain.java:176)
	at TempTestSuite1733191009789.run(TempTestSuite1733191009789.groovy:35)
	at java.base/jdk.internal.reflect.NativeMethodAccessorImpl.invoke0(Native Method)
	at java.base/jdk.internal.reflect.NativeMethodAccessorImpl.invoke(NativeMethodAccessorImpl.java:77)
	at java.base/jdk.internal.reflect.DelegatingMethodAccessorImpl.invoke(DelegatingMethodAccessorImpl.java:43)


03-12-2024T08:57:54 - [TEST_STEP][PASSED] - openBrowser(""): Browser is opened with url: ''

03-12-2024T08:57:54 - [MESSAGE][WARNING] - A browser is already opened. Closing browser and opening a new one

03-12-2024T08:57:54 - [MESSAGE][INFO] - Starting 'Chrome' driver

03-12-2024T08:57:54 - [MESSAGE][INFO] - Action delay is set to 0 milliseconds

03-12-2024T08:57:54 - [MESSAGE][PASSED] - Browser is opened with url: ''

03-12-2024T08:57:54 - [TEST_STEP][PASSED] - maximizeWindow(): Current window maximized

03-12-2024T08:57:55 - [MESSAGE][PASSED] - Current window maximized

03-12-2024T08:57:55 - [TEST_STEP][PASSED] - navigateToUrl("https://magang.dikahadir.com/authentication/login"): Navigate to 'https://magang.dikahadir.com/authentication/login' successfully

03-12-2024T08:57:55 - [MESSAGE][PASSED] - Navigate to 'https://magang.dikahadir.com/authentication/login' successfully

03-12-2024T08:57:55 - [TEST_STEP][PASSED] - setText(findTestObject("Object Repository/Admin/Cuti/014/Page_HADIR/input_Email_email"), "Admin@hadir.com"): Text 'Admin@hadir.com' is set on object 'Object Repository/Admin/Cuti/014/Page_HADIR/input_Email_email'

03-12-2024T08:57:56 - [MESSAGE][PASSED] - Text 'Admin@hadir.com' is set on object 'Object Repository/Admin/Cuti/014/Page_HADIR/input_Email_email'

03-12-2024T08:57:56 - [TEST_STEP][PASSED] - setEncryptedText(findTestObject("Object Repository/Admin/Cuti/014/Page_HADIR/input_Password_password"), "aSC42nPN26UggVXAwmiGmQ=="): Text ****** has been set on object 'Object Repository/Admin/Cuti/014/Page_HADIR/input_Password_password'

03-12-2024T08:57:56 - [MESSAGE][PASSED] - Text ****** has been set on object 'Object Repository/Admin/Cuti/014/Page_HADIR/input_Password_password'

03-12-2024T08:57:56 - [TEST_STEP][PASSED] - click(findTestObject("Object Repository/Admin/Cuti/014/Page_HADIR/button_Masuk")): Object: 'Object Repository/Admin/Cuti/014/Page_HADIR/button_Masuk' is clicked on

03-12-2024T08:57:56 - [MESSAGE][PASSED] - Object: 'Object Repository/Admin/Cuti/014/Page_HADIR/button_Masuk' is clicked on

03-12-2024T08:57:56 - [TEST_STEP][PASSED] - click(findTestObject("Object Repository/Admin/Cuti/014/Page_HADIR/div_Laporan")): Object: 'Object Repository/Admin/Cuti/014/Page_HADIR/div_Laporan' is clicked on

03-12-2024T08:57:58 - [MESSAGE][PASSED] - Object: 'Object Repository/Admin/Cuti/014/Page_HADIR/div_Laporan' is clicked on

03-12-2024T08:57:58 - [TEST_STEP][PASSED] - click(findTestObject("Object Repository/Admin/Cuti/014/Page_HADIR/p_Cuti")): Object: 'Object Repository/Admin/Cuti/014/Page_HADIR/p_Cuti' is clicked on

03-12-2024T08:57:59 - [MESSAGE][PASSED] - Object: 'Object Repository/Admin/Cuti/014/Page_HADIR/p_Cuti' is clicked on

03-12-2024T08:57:59 - [TEST_STEP][PASSED] - click(findTestObject("Admin/Cuti/014/Page_HADIR/StartDate")): Object: 'Object Repository/Admin/Cuti/014/Page_HADIR/StartDate' is clicked on

03-12-2024T08:58:00 - [MESSAGE][PASSED] - Object: 'Object Repository/Admin/Cuti/014/Page_HADIR/StartDate' is clicked on

03-12-2024T08:58:00 - [TEST_STEP][PASSED] - setText(findTestObject("Object Repository/Admin/Cuti/014/Page_HADIR/StartDate"), "Jun 1, 2024"): Text 'Jun 1, 2024' is set on object 'Object Repository/Admin/Cuti/014/Page_HADIR/StartDate'

03-12-2024T08:58:00 - [MESSAGE][PASSED] - Text 'Jun 1, 2024' is set on object 'Object Repository/Admin/Cuti/014/Page_HADIR/StartDate'

03-12-2024T08:58:00 - [TEST_STEP][PASSED] - click(findTestObject("Admin/Cuti/014/Page_HADIR/EndDate")): Object: 'Object Repository/Admin/Cuti/014/Page_HADIR/EndDate' is clicked on

03-12-2024T08:58:01 - [MESSAGE][PASSED] - Object: 'Object Repository/Admin/Cuti/014/Page_HADIR/EndDate' is clicked on

03-12-2024T08:58:01 - [TEST_STEP][PASSED] - setText(findTestObject("Object Repository/Admin/Cuti/014/Page_HADIR/EndDate"), "Nov 16, 2024"): Text 'Nov 16, 2024' is set on object 'Object Repository/Admin/Cuti/014/Page_HADIR/EndDate'

03-12-2024T08:58:01 - [MESSAGE][PASSED] - Text 'Nov 16, 2024' is set on object 'Object Repository/Admin/Cuti/014/Page_HADIR/EndDate'

03-12-2024T08:58:01 - [TEST_STEP][PASSED] - click(findTestObject("Object Repository/Admin/Cuti/014/Page_HADIR/button_Search")): Object: 'Object Repository/Admin/Cuti/014/Page_HADIR/button_Search' is clicked on

03-12-2024T08:58:01 - [MESSAGE][PASSED] - Object: 'Object Repository/Admin/Cuti/014/Page_HADIR/button_Search' is clicked on

03-12-2024T08:58:01 - [TEST_STEP][PASSED] - expectedLeaveDate = "24 Sep 2024": null

03-12-2024T08:58:01 - [TEST_STEP][PASSED] - nameObject = findTestObject("Object Repository/Admin/Cuti/014/Page_HADIR/Nama_table"): null

03-12-2024T08:58:01 - [TEST_STEP][PASSED] - dateObject = findTestObject("Object Repository/Admin/Cuti/014/Page_HADIR/Tanggal"): null

03-12-2024T08:58:01 - [TEST_STEP][ERROR] - verifyElementText(nameObject, expectedName, STOP_ON_FAILURE): Test Cases/Admin/Laporan/02 Cuti/TCC.Hadir.04.014 FAILED.
Reason:
groovy.lang.MissingPropertyException: No such property: expectedName for class: Script1732592106615
	at TCC.Hadir.04.014.run(TCC.Hadir.04.014:53)
	at com.kms.katalon.core.main.ScriptEngine.run(ScriptEngine.java:194)
	at com.kms.katalon.core.main.ScriptEngine.runScriptAsRawText(ScriptEngine.java:119)
	at com.kms.katalon.core.main.TestCaseExecutor.runScript(TestCaseExecutor.java:448)
	at com.kms.katalon.core.main.TestCaseExecutor.doExecute(TestCaseExecutor.java:439)
	at com.kms.katalon.core.main.TestCaseExecutor.processExecutionPhase(TestCaseExecutor.java:418)
	at com.kms.katalon.core.main.TestCaseExecutor.accessMainPhase(TestCaseExecutor.java:410)
	at com.kms.katalon.core.main.TestCaseExecutor.execute(TestCaseExecutor.java:285)
	at com.kms.katalon.core.main.TestCaseExecutor.execute(TestCaseExecutor.java:369)
	at com.kms.katalon.core.main.TestCaseExecutor.execute(TestCaseExecutor.java:369)
	at com.kms.katalon.core.main.TestCaseExecutor.execute(TestCaseExecutor.java:369)
	at com.kms.katalon.core.common.CommonExecutor.accessTestCaseMainPhase(CommonExecutor.java:65)
	at com.kms.katalon.core.main.TestSuiteExecutor.accessTestSuiteMainPhase(TestSuiteExecutor.java:161)
	at com.kms.katalon.core.main.TestSuiteExecutor.execute(TestSuiteExecutor.java:107)
	at com.kms.katalon.core.main.TestCaseMain.startTestSuite(TestCaseMain.java:176)
	at TempTestSuite1733191009789.run(TempTestSuite1733191009789.groovy:35)
	at java.base/jdk.internal.reflect.NativeMethodAccessorImpl.invoke0(Native Method)
	at java.base/jdk.internal.reflect.NativeMethodAccessorImpl.invoke(NativeMethodAccessorImpl.java:77)
	at java.base/jdk.internal.reflect.DelegatingMethodAccessorImpl.invoke(DelegatingMethodAccessorImpl.java:43)


03-12-2024T08:58:01 - [MESSAGE][ERROR] - Test Cases/Admin/Laporan/02 Cuti/TCC.Hadir.04.014 FAILED.
Reason:
groovy.lang.MissingPropertyException: No such property: expectedName for class: Script1732592106615
	at TCC.Hadir.04.014.run(TCC.Hadir.04.014:53)
	at com.kms.katalon.core.main.ScriptEngine.run(ScriptEngine.java:194)
	at com.kms.katalon.core.main.ScriptEngine.runScriptAsRawText(ScriptEngine.java:119)
	at com.kms.katalon.core.main.TestCaseExecutor.runScript(TestCaseExecutor.java:448)
	at com.kms.katalon.core.main.TestCaseExecutor.doExecute(TestCaseExecutor.java:439)
	at com.kms.katalon.core.main.TestCaseExecutor.processExecutionPhase(TestCaseExecutor.java:418)
	at com.kms.katalon.core.main.TestCaseExecutor.accessMainPhase(TestCaseExecutor.java:410)
	at com.kms.katalon.core.main.TestCaseExecutor.execute(TestCaseExecutor.java:285)
	at com.kms.katalon.core.main.TestCaseExecutor.execute(TestCaseExecutor.java:369)
	at com.kms.katalon.core.main.TestCaseExecutor.execute(TestCaseExecutor.java:369)
	at com.kms.katalon.core.main.TestCaseExecutor.execute(TestCaseExecutor.java:369)
	at com.kms.katalon.core.common.CommonExecutor.accessTestCaseMainPhase(CommonExecutor.java:65)
	at com.kms.katalon.core.main.TestSuiteExecutor.accessTestSuiteMainPhase(TestSuiteExecutor.java:161)
	at com.kms.katalon.core.main.TestSuiteExecutor.execute(TestSuiteExecutor.java:107)
	at com.kms.katalon.core.main.TestCaseMain.startTestSuite(TestCaseMain.java:176)
	at TempTestSuite1733191009789.run(TempTestSuite1733191009789.groovy:35)
	at java.base/jdk.internal.reflect.NativeMethodAccessorImpl.invoke0(Native Method)
	at java.base/jdk.internal.reflect.NativeMethodAccessorImpl.invoke(NativeMethodAccessorImpl.java:77)
	at java.base/jdk.internal.reflect.DelegatingMethodAccessorImpl.invoke(DelegatingMethodAccessorImpl.java:43)]]></system-out>
         <system-err><![CDATA[03-12-2024T08:57:54 - [TEST_CASE][ERROR] - Test Cases/Admin/Laporan/02 Cuti/TCC.Hadir.04.014: Test Cases/Admin/Laporan/02 Cuti/TCC.Hadir.04.014 FAILED.
Reason:
groovy.lang.MissingPropertyException: No such property: expectedName for class: Script1732592106615
	at TCC.Hadir.04.014.run(TCC.Hadir.04.014:53)
	at com.kms.katalon.core.main.ScriptEngine.run(ScriptEngine.java:194)
	at com.kms.katalon.core.main.ScriptEngine.runScriptAsRawText(ScriptEngine.java:119)
	at com.kms.katalon.core.main.TestCaseExecutor.runScript(TestCaseExecutor.java:448)
	at com.kms.katalon.core.main.TestCaseExecutor.doExecute(TestCaseExecutor.java:439)
	at com.kms.katalon.core.main.TestCaseExecutor.processExecutionPhase(TestCaseExecutor.java:418)
	at com.kms.katalon.core.main.TestCaseExecutor.accessMainPhase(TestCaseExecutor.java:410)
	at com.kms.katalon.core.main.TestCaseExecutor.execute(TestCaseExecutor.java:285)
	at com.kms.katalon.core.main.TestCaseExecutor.execute(TestCaseExecutor.java:369)
	at com.kms.katalon.core.main.TestCaseExecutor.execute(TestCaseExecutor.java:369)
	at com.kms.katalon.core.main.TestCaseExecutor.execute(TestCaseExecutor.java:369)
	at com.kms.katalon.core.common.CommonExecutor.accessTestCaseMainPhase(CommonExecutor.java:65)
	at com.kms.katalon.core.main.TestSuiteExecutor.accessTestSuiteMainPhase(TestSuiteExecutor.java:161)
	at com.kms.katalon.core.main.TestSuiteExecutor.execute(TestSuiteExecutor.java:107)
	at com.kms.katalon.core.main.TestCaseMain.startTestSuite(TestCaseMain.java:176)
	at TempTestSuite1733191009789.run(TempTestSuite1733191009789.groovy:35)
	at java.base/jdk.internal.reflect.NativeMethodAccessorImpl.invoke0(Native Method)
	at java.base/jdk.internal.reflect.NativeMethodAccessorImpl.invoke(NativeMethodAccessorImpl.java:77)
	at java.base/jdk.internal.reflect.DelegatingMethodAccessorImpl.invoke(DelegatingMethodAccessorImpl.java:43)]]></system-err>
      </testcase>
      <testcase name="Test Cases/Admin/Laporan/02 Cuti/TCC.Hadir.04.015" time="9.559" classname="Test Cases/Admin/Laporan/02 Cuti/TCC.Hadir.04.015" status="PASSED">
         <system-out><![CDATA[03-12-2024T08:58:01 - [TEST_CASE][PASSED] - Test Cases/Admin/Laporan/02 Cuti/TCC.Hadir.04.015: Test Cases/Admin/Laporan/02 Cuti/TCC.Hadir.04.015

03-12-2024T08:58:01 - [TEST_STEP][PASSED] - openBrowser(""): Browser is opened with url: ''

03-12-2024T08:58:01 - [MESSAGE][WARNING] - A browser is already opened. Closing browser and opening a new one

03-12-2024T08:58:01 - [MESSAGE][INFO] - Starting 'Chrome' driver

03-12-2024T08:58:01 - [MESSAGE][INFO] - Action delay is set to 0 milliseconds

03-12-2024T08:58:02 - [MESSAGE][PASSED] - Browser is opened with url: ''

03-12-2024T08:58:02 - [TEST_STEP][PASSED] - maximizeWindow(): Current window maximized

03-12-2024T08:58:02 - [MESSAGE][PASSED] - Current window maximized

03-12-2024T08:58:02 - [TEST_STEP][PASSED] - navigateToUrl("https://magang.dikahadir.com/authentication/login"): Navigate to 'https://magang.dikahadir.com/authentication/login' successfully

03-12-2024T08:58:03 - [MESSAGE][PASSED] - Navigate to 'https://magang.dikahadir.com/authentication/login' successfully

03-12-2024T08:58:03 - [TEST_STEP][PASSED] - setText(findTestObject("Object Repository/Admin/Cuti/014/Page_HADIR/input_Email_email"), "Admin@hadir.com"): Text 'Admin@hadir.com' is set on object 'Object Repository/Admin/Cuti/014/Page_HADIR/input_Email_email'

03-12-2024T08:58:03 - [MESSAGE][PASSED] - Text 'Admin@hadir.com' is set on object 'Object Repository/Admin/Cuti/014/Page_HADIR/input_Email_email'

03-12-2024T08:58:03 - [TEST_STEP][PASSED] - setEncryptedText(findTestObject("Object Repository/Admin/Cuti/014/Page_HADIR/input_Password_password"), "aSC42nPN26UggVXAwmiGmQ=="): Text ****** has been set on object 'Object Repository/Admin/Cuti/014/Page_HADIR/input_Password_password'

03-12-2024T08:58:04 - [MESSAGE][PASSED] - Text ****** has been set on object 'Object Repository/Admin/Cuti/014/Page_HADIR/input_Password_password'

03-12-2024T08:58:04 - [TEST_STEP][PASSED] - click(findTestObject("Object Repository/Admin/Cuti/014/Page_HADIR/button_Masuk")): Object: 'Object Repository/Admin/Cuti/014/Page_HADIR/button_Masuk' is clicked on

03-12-2024T08:58:04 - [MESSAGE][PASSED] - Object: 'Object Repository/Admin/Cuti/014/Page_HADIR/button_Masuk' is clicked on

03-12-2024T08:58:04 - [TEST_STEP][PASSED] - click(findTestObject("Object Repository/Admin/Cuti/014/Page_HADIR/div_Laporan")): Object: 'Object Repository/Admin/Cuti/014/Page_HADIR/div_Laporan' is clicked on

03-12-2024T08:58:05 - [MESSAGE][PASSED] - Object: 'Object Repository/Admin/Cuti/014/Page_HADIR/div_Laporan' is clicked on

03-12-2024T08:58:05 - [TEST_STEP][PASSED] - click(findTestObject("Object Repository/Admin/Cuti/014/Page_HADIR/p_Cuti")): Object: 'Object Repository/Admin/Cuti/014/Page_HADIR/p_Cuti' is clicked on

03-12-2024T08:58:06 - [MESSAGE][PASSED] - Object: 'Object Repository/Admin/Cuti/014/Page_HADIR/p_Cuti' is clicked on

03-12-2024T08:58:06 - [TEST_STEP][PASSED] - setText(findTestObject("Object Repository/Admin/IzinPulangCepatPage/002/Page_HADIR/input_Search_search"), "Anif Biantoro"): Text 'Anif Biantoro' is set on object 'Object Repository/Admin/IzinPulangCepatPage/002/Page_HADIR/input_Search_search'

03-12-2024T08:58:08 - [MESSAGE][PASSED] - Text 'Anif Biantoro' is set on object 'Object Repository/Admin/IzinPulangCepatPage/002/Page_HADIR/input_Search_search'

03-12-2024T08:58:08 - [TEST_STEP][PASSED] - click(findTestObject("Admin/Cuti/014/Page_HADIR/StartDate")): Object: 'Object Repository/Admin/Cuti/014/Page_HADIR/StartDate' is clicked on

03-12-2024T08:58:08 - [MESSAGE][PASSED] - Object: 'Object Repository/Admin/Cuti/014/Page_HADIR/StartDate' is clicked on

03-12-2024T08:58:08 - [TEST_STEP][PASSED] - setText(findTestObject("Object Repository/Admin/Cuti/014/Page_HADIR/StartDate"), "Jun 1, 2024"): Text 'Jun 1, 2024' is set on object 'Object Repository/Admin/Cuti/014/Page_HADIR/StartDate'

03-12-2024T08:58:08 - [MESSAGE][PASSED] - Text 'Jun 1, 2024' is set on object 'Object Repository/Admin/Cuti/014/Page_HADIR/StartDate'

03-12-2024T08:58:08 - [TEST_STEP][PASSED] - click(findTestObject("Admin/Cuti/014/Page_HADIR/EndDate")): Object: 'Object Repository/Admin/Cuti/014/Page_HADIR/EndDate' is clicked on

03-12-2024T08:58:09 - [MESSAGE][PASSED] - Object: 'Object Repository/Admin/Cuti/014/Page_HADIR/EndDate' is clicked on

03-12-2024T08:58:09 - [TEST_STEP][PASSED] - setText(findTestObject("Object Repository/Admin/Cuti/014/Page_HADIR/EndDate"), "Nov 16, 2024"): Text 'Nov 16, 2024' is set on object 'Object Repository/Admin/Cuti/014/Page_HADIR/EndDate'

03-12-2024T08:58:09 - [MESSAGE][PASSED] - Text 'Nov 16, 2024' is set on object 'Object Repository/Admin/Cuti/014/Page_HADIR/EndDate'

03-12-2024T08:58:09 - [TEST_STEP][PASSED] - click(findTestObject("Object Repository/Admin/Cuti/014/Page_HADIR/button_Search")): Object: 'Object Repository/Admin/Cuti/014/Page_HADIR/button_Search' is clicked on

03-12-2024T08:58:09 - [MESSAGE][PASSED] - Object: 'Object Repository/Admin/Cuti/014/Page_HADIR/button_Search' is clicked on

03-12-2024T08:58:09 - [TEST_STEP][PASSED] - expectedName = "Anif Biantoro": null

03-12-2024T08:58:09 - [TEST_STEP][PASSED] - expectedLeaveDate = "24 Sep 2024": null

03-12-2024T08:58:09 - [TEST_STEP][PASSED] - nameObject = findTestObject("Object Repository/Admin/Cuti/014/Page_HADIR/Nama_table"): null

03-12-2024T08:58:09 - [TEST_STEP][PASSED] - dateObject = findTestObject("Object Repository/Admin/Cuti/014/Page_HADIR/Tanggal"): null

03-12-2024T08:58:09 - [TEST_STEP][PASSED] - verifyElementText(nameObject, expectedName, STOP_ON_FAILURE): Actual text and expected text of test object 'Object Repository/Admin/Cuti/014/Page_HADIR/Nama_table' are matched.

03-12-2024T08:58:10 - [MESSAGE][PASSED] - Actual text and expected text of test object 'Object Repository/Admin/Cuti/014/Page_HADIR/Nama_table' are matched.

03-12-2024T08:58:10 - [TEST_STEP][PASSED] - verifyElementText(dateObject, expectedLeaveDate, STOP_ON_FAILURE): Actual text and expected text of test object 'Object Repository/Admin/Cuti/014/Page_HADIR/Tanggal' are matched.

03-12-2024T08:58:10 - [MESSAGE][PASSED] - Actual text and expected text of test object 'Object Repository/Admin/Cuti/014/Page_HADIR/Tanggal' are matched.

03-12-2024T08:58:10 - [TEST_STEP][PASSED] - actualStartDate = getAttribute(findTestObject("Object Repository/Admin/Cuti/014/Page_HADIR/StartDate"), "value"): Attribute 'value' of object 'Object Repository/Admin/Cuti/014/Page_HADIR/StartDate' is: 'Jun 1, 2024'

03-12-2024T08:58:10 - [MESSAGE][PASSED] - Attribute 'value' of object 'Object Repository/Admin/Cuti/014/Page_HADIR/StartDate' is: 'Jun 1, 2024'

03-12-2024T08:58:10 - [TEST_STEP][PASSED] - actualEndDate = getAttribute(findTestObject("Object Repository/Admin/Cuti/014/Page_HADIR/EndDate"), "value"): Attribute 'value' of object 'Object Repository/Admin/Cuti/014/Page_HADIR/EndDate' is: 'Nov 16, 2024'

03-12-2024T08:58:11 - [MESSAGE][PASSED] - Attribute 'value' of object 'Object Repository/Admin/Cuti/014/Page_HADIR/EndDate' is: 'Nov 16, 2024'

03-12-2024T08:58:11 - [TEST_STEP][PASSED] - verifyMatch(actualStartDate, "Jun 1, 2024", false): Actual text 'Jun 1, 2024' and expected text 'Jun 1, 2024' are matched 

03-12-2024T08:58:11 - [MESSAGE][PASSED] - Actual text 'Jun 1, 2024' and expected text 'Jun 1, 2024' are matched 

03-12-2024T08:58:11 - [TEST_STEP][PASSED] - verifyMatch(actualEndDate, "Nov 16, 2024", false): Actual text 'Nov 16, 2024' and expected text 'Nov 16, 2024' are matched 

03-12-2024T08:58:11 - [MESSAGE][PASSED] - Actual text 'Nov 16, 2024' and expected text 'Nov 16, 2024' are matched 

03-12-2024T08:58:11 - [TEST_STEP][PASSED] - closeBrowser(): Browser is closed

03-12-2024T08:58:11 - [MESSAGE][PASSED] - Browser is closed]]></system-out>
         <system-err><![CDATA[]]></system-err>
      </testcase>
      <testcase name="Test Cases/Admin/Laporan/02 Cuti/TCC.Hadir.04.016" time="12.478" classname="Test Cases/Admin/Laporan/02 Cuti/TCC.Hadir.04.016" status="PASSED">
         <system-out><![CDATA[03-12-2024T08:58:11 - [TEST_CASE][PASSED] - Test Cases/Admin/Laporan/02 Cuti/TCC.Hadir.04.016: Test Cases/Admin/Laporan/02 Cuti/TCC.Hadir.04.016

03-12-2024T08:58:11 - [TEST_STEP][PASSED] - openBrowser(""): Browser is opened with url: ''

03-12-2024T08:58:11 - [MESSAGE][INFO] - Starting 'Chrome' driver

03-12-2024T08:58:11 - [MESSAGE][INFO] - Action delay is set to 0 milliseconds

03-12-2024T08:58:12 - [MESSAGE][PASSED] - Browser is opened with url: ''

03-12-2024T08:58:12 - [TEST_STEP][PASSED] - maximizeWindow(): Current window maximized

03-12-2024T08:58:12 - [MESSAGE][PASSED] - Current window maximized

03-12-2024T08:58:12 - [TEST_STEP][PASSED] - navigateToUrl("https://magang.dikahadir.com/authentication/login"): Navigate to 'https://magang.dikahadir.com/authentication/login' successfully

03-12-2024T08:58:12 - [MESSAGE][PASSED] - Navigate to 'https://magang.dikahadir.com/authentication/login' successfully

03-12-2024T08:58:12 - [TEST_STEP][PASSED] - setText(findTestObject("Object Repository/Admin/Cuti/014/Page_HADIR/input_Email_email"), "Admin@hadir.com"): Text 'Admin@hadir.com' is set on object 'Object Repository/Admin/Cuti/014/Page_HADIR/input_Email_email'

03-12-2024T08:58:13 - [MESSAGE][PASSED] - Text 'Admin@hadir.com' is set on object 'Object Repository/Admin/Cuti/014/Page_HADIR/input_Email_email'

03-12-2024T08:58:13 - [TEST_STEP][PASSED] - setEncryptedText(findTestObject("Object Repository/Admin/Cuti/014/Page_HADIR/input_Password_password"), "aSC42nPN26UggVXAwmiGmQ=="): Text ****** has been set on object 'Object Repository/Admin/Cuti/014/Page_HADIR/input_Password_password'

03-12-2024T08:58:13 - [MESSAGE][PASSED] - Text ****** has been set on object 'Object Repository/Admin/Cuti/014/Page_HADIR/input_Password_password'

03-12-2024T08:58:13 - [TEST_STEP][PASSED] - click(findTestObject("Object Repository/Admin/Cuti/014/Page_HADIR/button_Masuk")): Object: 'Object Repository/Admin/Cuti/014/Page_HADIR/button_Masuk' is clicked on

03-12-2024T08:58:13 - [MESSAGE][PASSED] - Object: 'Object Repository/Admin/Cuti/014/Page_HADIR/button_Masuk' is clicked on

03-12-2024T08:58:13 - [TEST_STEP][PASSED] - click(findTestObject("Object Repository/Admin/Cuti/014/Page_HADIR/div_Laporan")): Object: 'Object Repository/Admin/Cuti/014/Page_HADIR/div_Laporan' is clicked on

03-12-2024T08:58:15 - [MESSAGE][PASSED] - Object: 'Object Repository/Admin/Cuti/014/Page_HADIR/div_Laporan' is clicked on

03-12-2024T08:58:15 - [TEST_STEP][PASSED] - click(findTestObject("Object Repository/Admin/Cuti/014/Page_HADIR/p_Cuti")): Object: 'Object Repository/Admin/Cuti/014/Page_HADIR/p_Cuti' is clicked on

03-12-2024T08:58:16 - [MESSAGE][PASSED] - Object: 'Object Repository/Admin/Cuti/014/Page_HADIR/p_Cuti' is clicked on

03-12-2024T08:58:16 - [TEST_STEP][PASSED] - setText(findTestObject("Object Repository/Admin/IzinPulangCepatPage/002/Page_HADIR/input_Search_search"), "Abc"): Text 'Abc' is set on object 'Object Repository/Admin/IzinPulangCepatPage/002/Page_HADIR/input_Search_search'

03-12-2024T08:58:17 - [MESSAGE][PASSED] - Text 'Abc' is set on object 'Object Repository/Admin/IzinPulangCepatPage/002/Page_HADIR/input_Search_search'

03-12-2024T08:58:17 - [TEST_STEP][PASSED] - click(findTestObject("Object Repository/Admin/Cuti/014/Page_HADIR/button_Search")): Object: 'Object Repository/Admin/Cuti/014/Page_HADIR/button_Search' is clicked on

03-12-2024T08:58:17 - [MESSAGE][PASSED] - Object: 'Object Repository/Admin/Cuti/014/Page_HADIR/button_Search' is clicked on

03-12-2024T08:58:17 - [TEST_STEP][PASSED] - tableObject = findTestObject("Object Repository/Admin/Cuti/014/Page_HADIR/Table"): null

03-12-2024T08:58:17 - [TEST_STEP][PASSED] - isTablePresent = verifyElementPresent(tableObject, 5, OPTIONAL): com.kms.katalon.core.webui.exception.WebElementNotFoundException: Web element with id: 'Object Repository/Admin/Cuti/014/Page_HADIR/Table' located by '//tbody/tr' not found (Root cause: com.kms.katalon.core.exception.StepFailedException: com.kms.katalon.core.webui.exception.WebElementNotFoundException: Web element with id: 'Object Repository/Admin/Cuti/014/Page_HADIR/Table' located by '//tbody/tr' not found
	at com.kms.katalon.core.webui.keyword.internal.WebUIKeywordMain.stepFailed(WebUIKeywordMain.groovy:117)
	at com.kms.katalon.core.webui.keyword.builtin.VerifyElementPresentKeyword$_verifyElementPresent_closure1.doCall(VerifyElementPresentKeyword.groovy:85)
	at com.kms.katalon.core.webui.keyword.builtin.VerifyElementPresentKeyword$_verifyElementPresent_closure1.call(VerifyElementPresentKeyword.groovy)
	at com.kms.katalon.core.webui.keyword.internal.WebUIKeywordMain.runKeyword(WebUIKeywordMain.groovy:35)
	at com.kms.katalon.core.webui.keyword.builtin.VerifyElementPresentKeyword.verifyElementPresent(VerifyElementPresentKeyword.groovy:92)
	at com.kms.katalon.core.webui.keyword.builtin.VerifyElementPresentKeyword.execute(VerifyElementPresentKeyword.groovy:68)
	at com.kms.katalon.core.keyword.internal.KeywordExecutor.executeKeywordForPlatform(KeywordExecutor.groovy:74)
	at com.kms.katalon.core.webui.keyword.WebUiBuiltInKeywords.verifyElementPresent(WebUiBuiltInKeywords.groovy:1524)
	at TCC.Hadir.04.016.run(TCC.Hadir.04.016:44)
	at com.kms.katalon.core.main.ScriptEngine.run(ScriptEngine.java:194)
	at com.kms.katalon.core.main.ScriptEngine.runScriptAsRawText(ScriptEngine.java:119)
	at com.kms.katalon.core.main.TestCaseExecutor.runScript(TestCaseExecutor.java:448)
	at com.kms.katalon.core.main.TestCaseExecutor.doExecute(TestCaseExecutor.java:439)
	at com.kms.katalon.core.main.TestCaseExecutor.processExecutionPhase(TestCaseExecutor.java:418)
	at com.kms.katalon.core.main.TestCaseExecutor.accessMainPhase(TestCaseExecutor.java:410)
	at com.kms.katalon.core.main.TestCaseExecutor.execute(TestCaseExecutor.java:285)
	at com.kms.katalon.core.common.CommonExecutor.accessTestCaseMainPhase(CommonExecutor.java:65)
	at com.kms.katalon.core.main.TestSuiteExecutor.accessTestSuiteMainPhase(TestSuiteExecutor.java:161)
	at com.kms.katalon.core.main.TestSuiteExecutor.execute(TestSuiteExecutor.java:107)
	at com.kms.katalon.core.main.TestCaseMain.startTestSuite(TestCaseMain.java:176)
	at TempTestSuite1733191009789.run(TempTestSuite1733191009789.groovy:35)
	at java.base/jdk.internal.reflect.NativeMethodAccessorImpl.invoke0(Native Method)
	at java.base/jdk.internal.reflect.NativeMethodAccessorImpl.invoke(NativeMethodAccessorImpl.java:77)
	at java.base/jdk.internal.reflect.DelegatingMethodAccessorImpl.invoke(DelegatingMethodAccessorImpl.java:43)
)

03-12-2024T08:58:23 - [MESSAGE][INFO] - Unable to find the element located by 'By.xpath: //tbody/tr'. Please recheck the objects properties to make sure the desired element is located. 

03-12-2024T08:58:23 - [MESSAGE][WARNING] - com.kms.katalon.core.webui.exception.WebElementNotFoundException: Web element with id: 'Object Repository/Admin/Cuti/014/Page_HADIR/Table' located by '//tbody/tr' not found (Root cause: com.kms.katalon.core.exception.StepFailedException: com.kms.katalon.core.webui.exception.WebElementNotFoundException: Web element with id: 'Object Repository/Admin/Cuti/014/Page_HADIR/Table' located by '//tbody/tr' not found
	at com.kms.katalon.core.webui.keyword.internal.WebUIKeywordMain.stepFailed(WebUIKeywordMain.groovy:117)
	at com.kms.katalon.core.webui.keyword.builtin.VerifyElementPresentKeyword$_verifyElementPresent_closure1.doCall(VerifyElementPresentKeyword.groovy:85)
	at com.kms.katalon.core.webui.keyword.builtin.VerifyElementPresentKeyword$_verifyElementPresent_closure1.call(VerifyElementPresentKeyword.groovy)
	at com.kms.katalon.core.webui.keyword.internal.WebUIKeywordMain.runKeyword(WebUIKeywordMain.groovy:35)
	at com.kms.katalon.core.webui.keyword.builtin.VerifyElementPresentKeyword.verifyElementPresent(VerifyElementPresentKeyword.groovy:92)
	at com.kms.katalon.core.webui.keyword.builtin.VerifyElementPresentKeyword.execute(VerifyElementPresentKeyword.groovy:68)
	at com.kms.katalon.core.keyword.internal.KeywordExecutor.executeKeywordForPlatform(KeywordExecutor.groovy:74)
	at com.kms.katalon.core.webui.keyword.WebUiBuiltInKeywords.verifyElementPresent(WebUiBuiltInKeywords.groovy:1524)
	at TCC.Hadir.04.016.run(TCC.Hadir.04.016:44)
	at com.kms.katalon.core.main.ScriptEngine.run(ScriptEngine.java:194)
	at com.kms.katalon.core.main.ScriptEngine.runScriptAsRawText(ScriptEngine.java:119)
	at com.kms.katalon.core.main.TestCaseExecutor.runScript(TestCaseExecutor.java:448)
	at com.kms.katalon.core.main.TestCaseExecutor.doExecute(TestCaseExecutor.java:439)
	at com.kms.katalon.core.main.TestCaseExecutor.processExecutionPhase(TestCaseExecutor.java:418)
	at com.kms.katalon.core.main.TestCaseExecutor.accessMainPhase(TestCaseExecutor.java:410)
	at com.kms.katalon.core.main.TestCaseExecutor.execute(TestCaseExecutor.java:285)
	at com.kms.katalon.core.common.CommonExecutor.accessTestCaseMainPhase(CommonExecutor.java:65)
	at com.kms.katalon.core.main.TestSuiteExecutor.accessTestSuiteMainPhase(TestSuiteExecutor.java:161)
	at com.kms.katalon.core.main.TestSuiteExecutor.execute(TestSuiteExecutor.java:107)
	at com.kms.katalon.core.main.TestCaseMain.startTestSuite(TestCaseMain.java:176)
	at TempTestSuite1733191009789.run(TempTestSuite1733191009789.groovy:35)
	at java.base/jdk.internal.reflect.NativeMethodAccessorImpl.invoke0(Native Method)
	at java.base/jdk.internal.reflect.NativeMethodAccessorImpl.invoke(NativeMethodAccessorImpl.java:77)
	at java.base/jdk.internal.reflect.DelegatingMethodAccessorImpl.invoke(DelegatingMethodAccessorImpl.java:43)
)
[[ATTACHMENT|C:\\Users\\User\\git\\KatalonHadirApp\\Reports\\20241203_085648\\Cuti\\20241203_085649\\1733191103648.png]]

03-12-2024T08:58:23 - [TEST_STEP][PASSED] - if (isTablePresent): null

03-12-2024T08:58:23 - [TEST_STEP][PASSED] - else: null

03-12-2024T08:58:23 - [TEST_STEP][PASSED] - comment("Table is not present on the page."): Table is not present on the page.

03-12-2024T08:58:23 - [MESSAGE][INFO] - Table is not present on the page.

03-12-2024T08:58:23 - [TEST_STEP][PASSED] - assert true: null

03-12-2024T08:58:23 - [TEST_STEP][PASSED] - closeBrowser(): Browser is closed

03-12-2024T08:58:23 - [MESSAGE][PASSED] - Browser is closed]]></system-out>
         <system-err><![CDATA[]]></system-err>
      </testcase>
      <testcase name="Test Cases/Admin/Laporan/02 Cuti/TCC.Hadir.04.017" time="12.738" classname="Test Cases/Admin/Laporan/02 Cuti/TCC.Hadir.04.017" status="PASSED">
         <system-out><![CDATA[03-12-2024T08:58:23 - [TEST_CASE][PASSED] - Test Cases/Admin/Laporan/02 Cuti/TCC.Hadir.04.017: Test Cases/Admin/Laporan/02 Cuti/TCC.Hadir.04.017

03-12-2024T08:58:23 - [TEST_STEP][PASSED] - openBrowser(""): Browser is opened with url: ''

03-12-2024T08:58:23 - [MESSAGE][INFO] - Starting 'Chrome' driver

03-12-2024T08:58:23 - [MESSAGE][INFO] - Action delay is set to 0 milliseconds

03-12-2024T08:58:24 - [MESSAGE][PASSED] - Browser is opened with url: ''

03-12-2024T08:58:24 - [TEST_STEP][PASSED] - maximizeWindow(): Current window maximized

03-12-2024T08:58:24 - [MESSAGE][PASSED] - Current window maximized

03-12-2024T08:58:24 - [TEST_STEP][PASSED] - navigateToUrl("https://magang.dikahadir.com/authentication/login"): Navigate to 'https://magang.dikahadir.com/authentication/login' successfully

03-12-2024T08:58:25 - [MESSAGE][PASSED] - Navigate to 'https://magang.dikahadir.com/authentication/login' successfully

03-12-2024T08:58:25 - [TEST_STEP][PASSED] - setText(findTestObject("Object Repository/Admin/Cuti/014/Page_HADIR/input_Email_email"), "Admin@hadir.com"): Text 'Admin@hadir.com' is set on object 'Object Repository/Admin/Cuti/014/Page_HADIR/input_Email_email'

03-12-2024T08:58:25 - [MESSAGE][PASSED] - Text 'Admin@hadir.com' is set on object 'Object Repository/Admin/Cuti/014/Page_HADIR/input_Email_email'

03-12-2024T08:58:25 - [TEST_STEP][PASSED] - setEncryptedText(findTestObject("Object Repository/Admin/Cuti/014/Page_HADIR/input_Password_password"), "aSC42nPN26UggVXAwmiGmQ=="): Text ****** has been set on object 'Object Repository/Admin/Cuti/014/Page_HADIR/input_Password_password'

03-12-2024T08:58:26 - [MESSAGE][PASSED] - Text ****** has been set on object 'Object Repository/Admin/Cuti/014/Page_HADIR/input_Password_password'

03-12-2024T08:58:26 - [TEST_STEP][PASSED] - click(findTestObject("Object Repository/Admin/Cuti/014/Page_HADIR/button_Masuk")): Object: 'Object Repository/Admin/Cuti/014/Page_HADIR/button_Masuk' is clicked on

03-12-2024T08:58:26 - [MESSAGE][PASSED] - Object: 'Object Repository/Admin/Cuti/014/Page_HADIR/button_Masuk' is clicked on

03-12-2024T08:58:26 - [TEST_STEP][PASSED] - click(findTestObject("Object Repository/Admin/Cuti/014/Page_HADIR/div_Laporan")): Object: 'Object Repository/Admin/Cuti/014/Page_HADIR/div_Laporan' is clicked on

03-12-2024T08:58:27 - [MESSAGE][PASSED] - Object: 'Object Repository/Admin/Cuti/014/Page_HADIR/div_Laporan' is clicked on

03-12-2024T08:58:27 - [TEST_STEP][PASSED] - click(findTestObject("Object Repository/Admin/Cuti/014/Page_HADIR/p_Cuti")): Object: 'Object Repository/Admin/Cuti/014/Page_HADIR/p_Cuti' is clicked on

03-12-2024T08:58:28 - [MESSAGE][PASSED] - Object: 'Object Repository/Admin/Cuti/014/Page_HADIR/p_Cuti' is clicked on

03-12-2024T08:58:28 - [TEST_STEP][PASSED] - setText(findTestObject("Object Repository/Admin/IzinPulangCepatPage/002/Page_HADIR/input_Search_search"), "29001"): Text '29001' is set on object 'Object Repository/Admin/IzinPulangCepatPage/002/Page_HADIR/input_Search_search'

03-12-2024T08:58:30 - [MESSAGE][PASSED] - Text '29001' is set on object 'Object Repository/Admin/IzinPulangCepatPage/002/Page_HADIR/input_Search_search'

03-12-2024T08:58:30 - [TEST_STEP][PASSED] - click(findTestObject("Object Repository/Admin/Cuti/014/Page_HADIR/button_Search")): Object: 'Object Repository/Admin/Cuti/014/Page_HADIR/button_Search' is clicked on

03-12-2024T08:58:30 - [MESSAGE][PASSED] - Object: 'Object Repository/Admin/Cuti/014/Page_HADIR/button_Search' is clicked on

03-12-2024T08:58:30 - [TEST_STEP][PASSED] - tableObject = findTestObject("Object Repository/Admin/Cuti/014/Page_HADIR/Table"): null

03-12-2024T08:58:30 - [TEST_STEP][PASSED] - isTablePresent = verifyElementPresent(tableObject, 5, OPTIONAL): com.kms.katalon.core.webui.exception.WebElementNotFoundException: Web element with id: 'Object Repository/Admin/Cuti/014/Page_HADIR/Table' located by '//tbody/tr' not found (Root cause: com.kms.katalon.core.exception.StepFailedException: com.kms.katalon.core.webui.exception.WebElementNotFoundException: Web element with id: 'Object Repository/Admin/Cuti/014/Page_HADIR/Table' located by '//tbody/tr' not found
	at com.kms.katalon.core.webui.keyword.internal.WebUIKeywordMain.stepFailed(WebUIKeywordMain.groovy:117)
	at com.kms.katalon.core.webui.keyword.builtin.VerifyElementPresentKeyword$_verifyElementPresent_closure1.doCall(VerifyElementPresentKeyword.groovy:85)
	at com.kms.katalon.core.webui.keyword.builtin.VerifyElementPresentKeyword$_verifyElementPresent_closure1.call(VerifyElementPresentKeyword.groovy)
	at com.kms.katalon.core.webui.keyword.internal.WebUIKeywordMain.runKeyword(WebUIKeywordMain.groovy:35)
	at com.kms.katalon.core.webui.keyword.builtin.VerifyElementPresentKeyword.verifyElementPresent(VerifyElementPresentKeyword.groovy:92)
	at com.kms.katalon.core.webui.keyword.builtin.VerifyElementPresentKeyword.execute(VerifyElementPresentKeyword.groovy:68)
	at com.kms.katalon.core.keyword.internal.KeywordExecutor.executeKeywordForPlatform(KeywordExecutor.groovy:74)
	at com.kms.katalon.core.webui.keyword.WebUiBuiltInKeywords.verifyElementPresent(WebUiBuiltInKeywords.groovy:1524)
	at TCC.Hadir.04.017.run(TCC.Hadir.04.017:63)
	at com.kms.katalon.core.main.ScriptEngine.run(ScriptEngine.java:194)
	at com.kms.katalon.core.main.ScriptEngine.runScriptAsRawText(ScriptEngine.java:119)
	at com.kms.katalon.core.main.TestCaseExecutor.runScript(TestCaseExecutor.java:448)
	at com.kms.katalon.core.main.TestCaseExecutor.doExecute(TestCaseExecutor.java:439)
	at com.kms.katalon.core.main.TestCaseExecutor.processExecutionPhase(TestCaseExecutor.java:418)
	at com.kms.katalon.core.main.TestCaseExecutor.accessMainPhase(TestCaseExecutor.java:410)
	at com.kms.katalon.core.main.TestCaseExecutor.execute(TestCaseExecutor.java:285)
	at com.kms.katalon.core.common.CommonExecutor.accessTestCaseMainPhase(CommonExecutor.java:65)
	at com.kms.katalon.core.main.TestSuiteExecutor.accessTestSuiteMainPhase(TestSuiteExecutor.java:161)
	at com.kms.katalon.core.main.TestSuiteExecutor.execute(TestSuiteExecutor.java:107)
	at com.kms.katalon.core.main.TestCaseMain.startTestSuite(TestCaseMain.java:176)
	at TempTestSuite1733191009789.run(TempTestSuite1733191009789.groovy:35)
	at java.base/jdk.internal.reflect.NativeMethodAccessorImpl.invoke0(Native Method)
	at java.base/jdk.internal.reflect.NativeMethodAccessorImpl.invoke(NativeMethodAccessorImpl.java:77)
	at java.base/jdk.internal.reflect.DelegatingMethodAccessorImpl.invoke(DelegatingMethodAccessorImpl.java:43)
)

03-12-2024T08:58:36 - [MESSAGE][INFO] - Unable to find the element located by 'By.xpath: //tbody/tr'. Please recheck the objects properties to make sure the desired element is located. 

03-12-2024T08:58:36 - [MESSAGE][WARNING] - com.kms.katalon.core.webui.exception.WebElementNotFoundException: Web element with id: 'Object Repository/Admin/Cuti/014/Page_HADIR/Table' located by '//tbody/tr' not found (Root cause: com.kms.katalon.core.exception.StepFailedException: com.kms.katalon.core.webui.exception.WebElementNotFoundException: Web element with id: 'Object Repository/Admin/Cuti/014/Page_HADIR/Table' located by '//tbody/tr' not found
	at com.kms.katalon.core.webui.keyword.internal.WebUIKeywordMain.stepFailed(WebUIKeywordMain.groovy:117)
	at com.kms.katalon.core.webui.keyword.builtin.VerifyElementPresentKeyword$_verifyElementPresent_closure1.doCall(VerifyElementPresentKeyword.groovy:85)
	at com.kms.katalon.core.webui.keyword.builtin.VerifyElementPresentKeyword$_verifyElementPresent_closure1.call(VerifyElementPresentKeyword.groovy)
	at com.kms.katalon.core.webui.keyword.internal.WebUIKeywordMain.runKeyword(WebUIKeywordMain.groovy:35)
	at com.kms.katalon.core.webui.keyword.builtin.VerifyElementPresentKeyword.verifyElementPresent(VerifyElementPresentKeyword.groovy:92)
	at com.kms.katalon.core.webui.keyword.builtin.VerifyElementPresentKeyword.execute(VerifyElementPresentKeyword.groovy:68)
	at com.kms.katalon.core.keyword.internal.KeywordExecutor.executeKeywordForPlatform(KeywordExecutor.groovy:74)
	at com.kms.katalon.core.webui.keyword.WebUiBuiltInKeywords.verifyElementPresent(WebUiBuiltInKeywords.groovy:1524)
	at TCC.Hadir.04.017.run(TCC.Hadir.04.017:63)
	at com.kms.katalon.core.main.ScriptEngine.run(ScriptEngine.java:194)
	at com.kms.katalon.core.main.ScriptEngine.runScriptAsRawText(ScriptEngine.java:119)
	at com.kms.katalon.core.main.TestCaseExecutor.runScript(TestCaseExecutor.java:448)
	at com.kms.katalon.core.main.TestCaseExecutor.doExecute(TestCaseExecutor.java:439)
	at com.kms.katalon.core.main.TestCaseExecutor.processExecutionPhase(TestCaseExecutor.java:418)
	at com.kms.katalon.core.main.TestCaseExecutor.accessMainPhase(TestCaseExecutor.java:410)
	at com.kms.katalon.core.main.TestCaseExecutor.execute(TestCaseExecutor.java:285)
	at com.kms.katalon.core.common.CommonExecutor.accessTestCaseMainPhase(CommonExecutor.java:65)
	at com.kms.katalon.core.main.TestSuiteExecutor.accessTestSuiteMainPhase(TestSuiteExecutor.java:161)
	at com.kms.katalon.core.main.TestSuiteExecutor.execute(TestSuiteExecutor.java:107)
	at com.kms.katalon.core.main.TestCaseMain.startTestSuite(TestCaseMain.java:176)
	at TempTestSuite1733191009789.run(TempTestSuite1733191009789.groovy:35)
	at java.base/jdk.internal.reflect.NativeMethodAccessorImpl.invoke0(Native Method)
	at java.base/jdk.internal.reflect.NativeMethodAccessorImpl.invoke(NativeMethodAccessorImpl.java:77)
	at java.base/jdk.internal.reflect.DelegatingMethodAccessorImpl.invoke(DelegatingMethodAccessorImpl.java:43)
)
[[ATTACHMENT|C:\\Users\\User\\git\\KatalonHadirApp\\Reports\\20241203_085648\\Cuti\\20241203_085649\\1733191116406.png]]

03-12-2024T08:58:36 - [TEST_STEP][PASSED] - if (isTablePresent): null

03-12-2024T08:58:36 - [TEST_STEP][PASSED] - else: null

03-12-2024T08:58:36 - [TEST_STEP][PASSED] - comment("Table is not present on the page."): Table is not present on the page.

03-12-2024T08:58:36 - [MESSAGE][INFO] - Table is not present on the page.

03-12-2024T08:58:36 - [TEST_STEP][PASSED] - assert true: null

03-12-2024T08:58:36 - [TEST_STEP][PASSED] - closeBrowser(): Browser is closed

03-12-2024T08:58:36 - [MESSAGE][PASSED] - Browser is closed]]></system-out>
         <system-err><![CDATA[]]></system-err>
      </testcase>
      <testcase name="Test Cases/Admin/Laporan/02 Cuti/TCC.Hadir.04.018" time="7.113" classname="Test Cases/Admin/Laporan/02 Cuti/TCC.Hadir.04.018" status="PASSED">
         <system-out><![CDATA[03-12-2024T08:58:36 - [TEST_CASE][PASSED] - Test Cases/Admin/Laporan/02 Cuti/TCC.Hadir.04.018: Test Cases/Admin/Laporan/02 Cuti/TCC.Hadir.04.018

03-12-2024T08:58:36 - [TEST_STEP][PASSED] - openBrowser(""): Browser is opened with url: ''

03-12-2024T08:58:36 - [MESSAGE][INFO] - Starting 'Chrome' driver

03-12-2024T08:58:36 - [MESSAGE][INFO] - Action delay is set to 0 milliseconds

03-12-2024T08:58:37 - [MESSAGE][PASSED] - Browser is opened with url: ''

03-12-2024T08:58:37 - [TEST_STEP][PASSED] - maximizeWindow(): Current window maximized

03-12-2024T08:58:37 - [MESSAGE][PASSED] - Current window maximized

03-12-2024T08:58:37 - [TEST_STEP][PASSED] - navigateToUrl("https://magang.dikahadir.com/authentication/login"): Navigate to 'https://magang.dikahadir.com/authentication/login' successfully

03-12-2024T08:58:37 - [MESSAGE][PASSED] - Navigate to 'https://magang.dikahadir.com/authentication/login' successfully

03-12-2024T08:58:37 - [TEST_STEP][PASSED] - setText(findTestObject("Object Repository/Admin/Cuti/014/Page_HADIR/input_Email_email"), "Admin@hadir.com"): Text 'Admin@hadir.com' is set on object 'Object Repository/Admin/Cuti/014/Page_HADIR/input_Email_email'

03-12-2024T08:58:38 - [MESSAGE][PASSED] - Text 'Admin@hadir.com' is set on object 'Object Repository/Admin/Cuti/014/Page_HADIR/input_Email_email'

03-12-2024T08:58:38 - [TEST_STEP][PASSED] - setEncryptedText(findTestObject("Object Repository/Admin/Cuti/014/Page_HADIR/input_Password_password"), "aSC42nPN26UggVXAwmiGmQ=="): Text ****** has been set on object 'Object Repository/Admin/Cuti/014/Page_HADIR/input_Password_password'

03-12-2024T08:58:38 - [MESSAGE][PASSED] - Text ****** has been set on object 'Object Repository/Admin/Cuti/014/Page_HADIR/input_Password_password'

03-12-2024T08:58:38 - [TEST_STEP][PASSED] - click(findTestObject("Object Repository/Admin/Cuti/014/Page_HADIR/button_Masuk")): Object: 'Object Repository/Admin/Cuti/014/Page_HADIR/button_Masuk' is clicked on

03-12-2024T08:58:39 - [MESSAGE][PASSED] - Object: 'Object Repository/Admin/Cuti/014/Page_HADIR/button_Masuk' is clicked on

03-12-2024T08:58:39 - [TEST_STEP][PASSED] - click(findTestObject("Object Repository/Admin/Cuti/014/Page_HADIR/div_Laporan")): Object: 'Object Repository/Admin/Cuti/014/Page_HADIR/div_Laporan' is clicked on

03-12-2024T08:58:40 - [MESSAGE][PASSED] - Object: 'Object Repository/Admin/Cuti/014/Page_HADIR/div_Laporan' is clicked on

03-12-2024T08:58:40 - [TEST_STEP][PASSED] - click(findTestObject("Object Repository/Admin/Cuti/014/Page_HADIR/p_Cuti")): Object: 'Object Repository/Admin/Cuti/014/Page_HADIR/p_Cuti' is clicked on

03-12-2024T08:58:41 - [MESSAGE][PASSED] - Object: 'Object Repository/Admin/Cuti/014/Page_HADIR/p_Cuti' is clicked on

03-12-2024T08:58:41 - [TEST_STEP][PASSED] - click(findTestObject("Object Repository/Admin/Cuti/014/Page_HADIR/button_Search")): Object: 'Object Repository/Admin/Cuti/014/Page_HADIR/button_Search' is clicked on

03-12-2024T08:58:42 - [MESSAGE][PASSED] - Object: 'Object Repository/Admin/Cuti/014/Page_HADIR/button_Search' is clicked on

03-12-2024T08:58:42 - [TEST_STEP][PASSED] - tableObject = findTestObject("Object Repository/Admin/Cuti/014/Page_HADIR/Table"): null

03-12-2024T08:58:42 - [TEST_STEP][PASSED] - isTablePresent = verifyElementPresent(tableObject, 5, OPTIONAL): Object 'Object Repository/Admin/Cuti/014/Page_HADIR/Table' is present

03-12-2024T08:58:43 - [MESSAGE][PASSED] - Object 'Object Repository/Admin/Cuti/014/Page_HADIR/Table' is present

03-12-2024T08:58:43 - [TEST_STEP][PASSED] - if (isTablePresent): null

03-12-2024T08:58:43 - [TEST_STEP][PASSED] - tableText = getText(tableObject).trim(): Text of object 'Object Repository/Admin/Cuti/014/Page_HADIR/Table' is: 'AB
Anif Biantoro
24 Sep 2024
25 Sep 2024 - 25 Sep 2024
Sayurbox
-
-
Cuti persalinan (3 bulan)
Testing 3 (Ajuan di tanggal sama)
Lihat Selengkapnya
Dibatalkan
Notes :
Lihat Selengkapnya'

03-12-2024T08:58:43 - [MESSAGE][PASSED] - Text of object 'Object Repository/Admin/Cuti/014/Page_HADIR/Table' is: 'AB
Anif Biantoro
24 Sep 2024
25 Sep 2024 - 25 Sep 2024
Sayurbox
-
-
Cuti persalinan (3 bulan)
Testing 3 (Ajuan di tanggal sama)
Lihat Selengkapnya
Dibatalkan
Notes :
Lihat Selengkapnya'

03-12-2024T08:58:43 - [TEST_STEP][PASSED] - if (tableText == null || tableText.isEmpty()): null

03-12-2024T08:58:43 - [TEST_STEP][PASSED] - else: null

03-12-2024T08:58:43 - [TEST_STEP][PASSED] - comment("Table contains data: " + tableText): Table contains data: AB
Anif Biantoro
24 Sep 2024
25 Sep 2024 - 25 Sep 2024
Sayurbox
-
-
Cuti persalinan (3 bulan)
Testing 3 (Ajuan di tanggal sama)
Lihat Selengkapnya
Dibatalkan
Notes :
Lihat Selengkapnya

03-12-2024T08:58:43 - [MESSAGE][INFO] - Table contains data: AB
Anif Biantoro
24 Sep 2024
25 Sep 2024 - 25 Sep 2024
Sayurbox
-
-
Cuti persalinan (3 bulan)
Testing 3 (Ajuan di tanggal sama)
Lihat Selengkapnya
Dibatalkan
Notes :
Lihat Selengkapnya

03-12-2024T08:58:43 - [TEST_STEP][PASSED] - assert true: null

03-12-2024T08:58:43 - [TEST_STEP][PASSED] - closeBrowser(): Browser is closed

03-12-2024T08:58:43 - [MESSAGE][PASSED] - Browser is closed]]></system-out>
         <system-err><![CDATA[]]></system-err>
      </testcase>
      <testcase name="Test Cases/Admin/Laporan/02 Cuti/TCC.Hadir.04.019" time="7.024" classname="Test Cases/Admin/Laporan/02 Cuti/TCC.Hadir.04.019" status="PASSED">
         <system-out><![CDATA[03-12-2024T08:58:43 - [TEST_CASE][PASSED] - Test Cases/Admin/Laporan/02 Cuti/TCC.Hadir.04.019: Test Cases/Admin/Laporan/02 Cuti/TCC.Hadir.04.019

03-12-2024T08:58:43 - [TEST_STEP][PASSED] - openBrowser(""): Browser is opened with url: ''

03-12-2024T08:58:43 - [MESSAGE][INFO] - Starting 'Chrome' driver

03-12-2024T08:58:43 - [MESSAGE][INFO] - Action delay is set to 0 milliseconds

03-12-2024T08:58:44 - [MESSAGE][PASSED] - Browser is opened with url: ''

03-12-2024T08:58:44 - [TEST_STEP][PASSED] - maximizeWindow(): Current window maximized

03-12-2024T08:58:44 - [MESSAGE][PASSED] - Current window maximized

03-12-2024T08:58:44 - [TEST_STEP][PASSED] - navigateToUrl("https://magang.dikahadir.com/authentication/login"): Navigate to 'https://magang.dikahadir.com/authentication/login' successfully

03-12-2024T08:58:44 - [MESSAGE][PASSED] - Navigate to 'https://magang.dikahadir.com/authentication/login' successfully

03-12-2024T08:58:44 - [TEST_STEP][PASSED] - setText(findTestObject("Object Repository/Admin/Cuti/014/Page_HADIR/input_Email_email"), "Admin@hadir.com"): Text 'Admin@hadir.com' is set on object 'Object Repository/Admin/Cuti/014/Page_HADIR/input_Email_email'

03-12-2024T08:58:45 - [MESSAGE][PASSED] - Text 'Admin@hadir.com' is set on object 'Object Repository/Admin/Cuti/014/Page_HADIR/input_Email_email'

03-12-2024T08:58:45 - [TEST_STEP][PASSED] - setEncryptedText(findTestObject("Object Repository/Admin/Cuti/014/Page_HADIR/input_Password_password"), "aSC42nPN26UggVXAwmiGmQ=="): Text ****** has been set on object 'Object Repository/Admin/Cuti/014/Page_HADIR/input_Password_password'

03-12-2024T08:58:45 - [MESSAGE][PASSED] - Text ****** has been set on object 'Object Repository/Admin/Cuti/014/Page_HADIR/input_Password_password'

03-12-2024T08:58:45 - [TEST_STEP][PASSED] - click(findTestObject("Object Repository/Admin/Cuti/014/Page_HADIR/button_Masuk")): Object: 'Object Repository/Admin/Cuti/014/Page_HADIR/button_Masuk' is clicked on

03-12-2024T08:58:46 - [MESSAGE][PASSED] - Object: 'Object Repository/Admin/Cuti/014/Page_HADIR/button_Masuk' is clicked on

03-12-2024T08:58:46 - [TEST_STEP][PASSED] - click(findTestObject("Object Repository/Admin/Cuti/014/Page_HADIR/div_Laporan")): Object: 'Object Repository/Admin/Cuti/014/Page_HADIR/div_Laporan' is clicked on

03-12-2024T08:58:47 - [MESSAGE][PASSED] - Object: 'Object Repository/Admin/Cuti/014/Page_HADIR/div_Laporan' is clicked on

03-12-2024T08:58:47 - [TEST_STEP][PASSED] - click(findTestObject("Object Repository/Admin/Cuti/014/Page_HADIR/p_Cuti")): Object: 'Object Repository/Admin/Cuti/014/Page_HADIR/p_Cuti' is clicked on

03-12-2024T08:58:48 - [MESSAGE][PASSED] - Object: 'Object Repository/Admin/Cuti/014/Page_HADIR/p_Cuti' is clicked on

03-12-2024T08:58:48 - [TEST_STEP][PASSED] - click(findTestObject("Admin/Cuti/014/Page_HADIR/EndDate")): Object: 'Object Repository/Admin/Cuti/014/Page_HADIR/EndDate' is clicked on

03-12-2024T08:58:49 - [MESSAGE][PASSED] - Object: 'Object Repository/Admin/Cuti/014/Page_HADIR/EndDate' is clicked on

03-12-2024T08:58:49 - [TEST_STEP][PASSED] - setText(findTestObject("Object Repository/Admin/Cuti/014/Page_HADIR/EndDate"), "Nov 16, 2024"): Text 'Nov 16, 2024' is set on object 'Object Repository/Admin/Cuti/014/Page_HADIR/EndDate'

03-12-2024T08:58:49 - [MESSAGE][PASSED] - Text 'Nov 16, 2024' is set on object 'Object Repository/Admin/Cuti/014/Page_HADIR/EndDate'

03-12-2024T08:58:49 - [TEST_STEP][PASSED] - click(findTestObject("Object Repository/Admin/Cuti/014/Page_HADIR/button_Search")): Object: 'Object Repository/Admin/Cuti/014/Page_HADIR/button_Search' is clicked on

03-12-2024T08:58:50 - [MESSAGE][PASSED] - Object: 'Object Repository/Admin/Cuti/014/Page_HADIR/button_Search' is clicked on

03-12-2024T08:58:50 - [TEST_STEP][PASSED] - nameObject = findTestObject("Object Repository/Admin/Cuti/014/Page_HADIR/Nama_table"): null

03-12-2024T08:58:50 - [TEST_STEP][PASSED] - isTableVisible = verifyElementPresent(nameObject, 10): Object 'Object Repository/Admin/Cuti/014/Page_HADIR/Nama_table' is present

03-12-2024T08:58:50 - [MESSAGE][PASSED] - Object 'Object Repository/Admin/Cuti/014/Page_HADIR/Nama_table' is present

03-12-2024T08:58:50 - [TEST_STEP][PASSED] - if (isTableVisible): Data table is visible on the page.

03-12-2024T08:58:50 - [TEST_STEP][PASSED] - comment("Data table is visible on the page."): Data table is visible on the page.

03-12-2024T08:58:50 - [MESSAGE][INFO] - Data table is visible on the page.

03-12-2024T08:58:50 - [TEST_STEP][PASSED] - closeBrowser(): Browser is closed

03-12-2024T08:58:50 - [MESSAGE][PASSED] - Browser is closed]]></system-out>
         <system-err><![CDATA[]]></system-err>
      </testcase>
      <testcase name="Test Cases/Admin/Laporan/02 Cuti/TCC.Hadir.04.020" time="9.191" classname="Test Cases/Admin/Laporan/02 Cuti/TCC.Hadir.04.020" status="PASSED">
         <system-out><![CDATA[03-12-2024T08:58:50 - [TEST_CASE][PASSED] - Test Cases/Admin/Laporan/02 Cuti/TCC.Hadir.04.020: Test Cases/Admin/Laporan/02 Cuti/TCC.Hadir.04.020

03-12-2024T08:58:50 - [TEST_STEP][PASSED] - openBrowser(""): Browser is opened with url: ''

03-12-2024T08:58:50 - [MESSAGE][INFO] - Starting 'Chrome' driver

03-12-2024T08:58:50 - [MESSAGE][INFO] - Action delay is set to 0 milliseconds

03-12-2024T08:58:51 - [MESSAGE][PASSED] - Browser is opened with url: ''

03-12-2024T08:58:51 - [TEST_STEP][PASSED] - maximizeWindow(): Current window maximized

03-12-2024T08:58:51 - [MESSAGE][PASSED] - Current window maximized

03-12-2024T08:58:51 - [TEST_STEP][PASSED] - navigateToUrl("https://magang.dikahadir.com/authentication/login"): Navigate to 'https://magang.dikahadir.com/authentication/login' successfully

03-12-2024T08:58:51 - [MESSAGE][PASSED] - Navigate to 'https://magang.dikahadir.com/authentication/login' successfully

03-12-2024T08:58:51 - [TEST_STEP][PASSED] - setText(findTestObject("Object Repository/Admin/Cuti/014/Page_HADIR/input_Email_email"), "Admin@hadir.com"): Text 'Admin@hadir.com' is set on object 'Object Repository/Admin/Cuti/014/Page_HADIR/input_Email_email'

03-12-2024T08:58:52 - [MESSAGE][PASSED] - Text 'Admin@hadir.com' is set on object 'Object Repository/Admin/Cuti/014/Page_HADIR/input_Email_email'

03-12-2024T08:58:52 - [TEST_STEP][PASSED] - setEncryptedText(findTestObject("Object Repository/Admin/Cuti/014/Page_HADIR/input_Password_password"), "aSC42nPN26UggVXAwmiGmQ=="): Text ****** has been set on object 'Object Repository/Admin/Cuti/014/Page_HADIR/input_Password_password'

03-12-2024T08:58:52 - [MESSAGE][PASSED] - Text ****** has been set on object 'Object Repository/Admin/Cuti/014/Page_HADIR/input_Password_password'

03-12-2024T08:58:52 - [TEST_STEP][PASSED] - click(findTestObject("Object Repository/Admin/Cuti/014/Page_HADIR/button_Masuk")): Object: 'Object Repository/Admin/Cuti/014/Page_HADIR/button_Masuk' is clicked on

03-12-2024T08:58:53 - [MESSAGE][PASSED] - Object: 'Object Repository/Admin/Cuti/014/Page_HADIR/button_Masuk' is clicked on

03-12-2024T08:58:53 - [TEST_STEP][PASSED] - click(findTestObject("Object Repository/Admin/Cuti/014/Page_HADIR/div_Laporan")): Object: 'Object Repository/Admin/Cuti/014/Page_HADIR/div_Laporan' is clicked on

03-12-2024T08:58:54 - [MESSAGE][PASSED] - Object: 'Object Repository/Admin/Cuti/014/Page_HADIR/div_Laporan' is clicked on

03-12-2024T08:58:54 - [TEST_STEP][PASSED] - click(findTestObject("Object Repository/Admin/Cuti/014/Page_HADIR/p_Cuti")): Object: 'Object Repository/Admin/Cuti/014/Page_HADIR/p_Cuti' is clicked on

03-12-2024T08:58:55 - [MESSAGE][PASSED] - Object: 'Object Repository/Admin/Cuti/014/Page_HADIR/p_Cuti' is clicked on

03-12-2024T08:58:55 - [TEST_STEP][PASSED] - click(findTestObject("Admin/Cuti/014/Page_HADIR/StartDate")): Object: 'Object Repository/Admin/Cuti/014/Page_HADIR/StartDate' is clicked on

03-12-2024T08:58:56 - [MESSAGE][PASSED] - Object: 'Object Repository/Admin/Cuti/014/Page_HADIR/StartDate' is clicked on

03-12-2024T08:58:56 - [TEST_STEP][PASSED] - setText(findTestObject("Object Repository/Admin/Cuti/014/Page_HADIR/StartDate"), "Jun 1, 2024"): Text 'Jun 1, 2024' is set on object 'Object Repository/Admin/Cuti/014/Page_HADIR/StartDate'

03-12-2024T08:58:56 - [MESSAGE][PASSED] - Text 'Jun 1, 2024' is set on object 'Object Repository/Admin/Cuti/014/Page_HADIR/StartDate'

03-12-2024T08:58:56 - [TEST_STEP][PASSED] - click(findTestObject("Object Repository/Admin/Cuti/014/Page_HADIR/button_Search")): Object: 'Object Repository/Admin/Cuti/014/Page_HADIR/button_Search' is clicked on

03-12-2024T08:58:57 - [MESSAGE][PASSED] - Object: 'Object Repository/Admin/Cuti/014/Page_HADIR/button_Search' is clicked on

03-12-2024T08:58:57 - [TEST_STEP][PASSED] - nameObject = findTestObject("Object Repository/Admin/Cuti/014/Page_HADIR/Nama_table"): null

03-12-2024T08:58:57 - [TEST_STEP][PASSED] - isTableVisible = verifyElementPresent(nameObject, 10): Object 'Object Repository/Admin/Cuti/014/Page_HADIR/Nama_table' is present

03-12-2024T08:58:59 - [MESSAGE][PASSED] - Object 'Object Repository/Admin/Cuti/014/Page_HADIR/Nama_table' is present

03-12-2024T08:58:59 - [TEST_STEP][PASSED] - if (isTableVisible): Data table is visible on the page.

03-12-2024T08:58:59 - [TEST_STEP][PASSED] - comment("Data table is visible on the page."): Data table is visible on the page.

03-12-2024T08:58:59 - [MESSAGE][INFO] - Data table is visible on the page.

03-12-2024T08:58:59 - [TEST_STEP][PASSED] - closeBrowser(): Browser is closed

03-12-2024T08:58:59 - [MESSAGE][PASSED] - Browser is closed]]></system-out>
         <system-err><![CDATA[]]></system-err>
      </testcase>
      <testcase name="Test Cases/Admin/Laporan/02 Cuti/TCC.Hadir.04.021" time="7.774" classname="Test Cases/Admin/Laporan/02 Cuti/TCC.Hadir.04.021" status="FAILED">
         <failure type="FAILED" message="Test Cases/Admin/Laporan/02 Cuti/TCC.Hadir.04.021 FAILED.&#xa;Reason:&#xa;java.lang.AssertionError: The table is not empty. It contains data.. Expression: isTableEmpty. Values: isTableEmpty = false&#xa;	at TCC.Hadir.04.021.run(TCC.Hadir.04.021:52)&#xa;	at com.kms.katalon.core.main.ScriptEngine.run(ScriptEngine.java:194)&#xa;	at com.kms.katalon.core.main.ScriptEngine.runScriptAsRawText(ScriptEngine.java:119)&#xa;	at com.kms.katalon.core.main.TestCaseExecutor.runScript(TestCaseExecutor.java:448)&#xa;	at com.kms.katalon.core.main.TestCaseExecutor.doExecute(TestCaseExecutor.java:439)&#xa;	at com.kms.katalon.core.main.TestCaseExecutor.processExecutionPhase(TestCaseExecutor.java:418)&#xa;	at com.kms.katalon.core.main.TestCaseExecutor.accessMainPhase(TestCaseExecutor.java:410)&#xa;	at com.kms.katalon.core.main.TestCaseExecutor.execute(TestCaseExecutor.java:285)&#xa;	at com.kms.katalon.core.main.TestCaseExecutor.execute(TestCaseExecutor.java:369)&#xa;	at com.kms.katalon.core.main.TestCaseExecutor.execute(TestCaseExecutor.java:369)&#xa;	at com.kms.katalon.core.main.TestCaseExecutor.execute(TestCaseExecutor.java:369)&#xa;	at com.kms.katalon.core.common.CommonExecutor.accessTestCaseMainPhase(CommonExecutor.java:65)&#xa;	at com.kms.katalon.core.main.TestSuiteExecutor.accessTestSuiteMainPhase(TestSuiteExecutor.java:161)&#xa;	at com.kms.katalon.core.main.TestSuiteExecutor.execute(TestSuiteExecutor.java:107)&#xa;	at com.kms.katalon.core.main.TestCaseMain.startTestSuite(TestCaseMain.java:176)&#xa;	at TempTestSuite1733191009789.run(TempTestSuite1733191009789.groovy:35)&#xa;	at java.base/jdk.internal.reflect.NativeMethodAccessorImpl.invoke0(Native Method)&#xa;	at java.base/jdk.internal.reflect.NativeMethodAccessorImpl.invoke(NativeMethodAccessorImpl.java:77)&#xa;	at java.base/jdk.internal.reflect.DelegatingMethodAccessorImpl.invoke(DelegatingMethodAccessorImpl.java:43)&#xa;"/>
         <system-out><![CDATA[03-12-2024T08:59:25 - [TEST_CASE][FAILED] - Test Cases/Admin/Laporan/02 Cuti/TCC.Hadir.04.021: Test Cases/Admin/Laporan/02 Cuti/TCC.Hadir.04.021 FAILED.
Reason:
java.lang.AssertionError: The table is not empty. It contains data.. Expression: isTableEmpty. Values: isTableEmpty = false
	at TCC.Hadir.04.021.run(TCC.Hadir.04.021:52)
	at com.kms.katalon.core.main.ScriptEngine.run(ScriptEngine.java:194)
	at com.kms.katalon.core.main.ScriptEngine.runScriptAsRawText(ScriptEngine.java:119)
	at com.kms.katalon.core.main.TestCaseExecutor.runScript(TestCaseExecutor.java:448)
	at com.kms.katalon.core.main.TestCaseExecutor.doExecute(TestCaseExecutor.java:439)
	at com.kms.katalon.core.main.TestCaseExecutor.processExecutionPhase(TestCaseExecutor.java:418)
	at com.kms.katalon.core.main.TestCaseExecutor.accessMainPhase(TestCaseExecutor.java:410)
	at com.kms.katalon.core.main.TestCaseExecutor.execute(TestCaseExecutor.java:285)
	at com.kms.katalon.core.main.TestCaseExecutor.execute(TestCaseExecutor.java:369)
	at com.kms.katalon.core.main.TestCaseExecutor.execute(TestCaseExecutor.java:369)
	at com.kms.katalon.core.main.TestCaseExecutor.execute(TestCaseExecutor.java:369)
	at com.kms.katalon.core.common.CommonExecutor.accessTestCaseMainPhase(CommonExecutor.java:65)
	at com.kms.katalon.core.main.TestSuiteExecutor.accessTestSuiteMainPhase(TestSuiteExecutor.java:161)
	at com.kms.katalon.core.main.TestSuiteExecutor.execute(TestSuiteExecutor.java:107)
	at com.kms.katalon.core.main.TestCaseMain.startTestSuite(TestCaseMain.java:176)
	at TempTestSuite1733191009789.run(TempTestSuite1733191009789.groovy:35)
	at java.base/jdk.internal.reflect.NativeMethodAccessorImpl.invoke0(Native Method)
	at java.base/jdk.internal.reflect.NativeMethodAccessorImpl.invoke(NativeMethodAccessorImpl.java:77)
	at java.base/jdk.internal.reflect.DelegatingMethodAccessorImpl.invoke(DelegatingMethodAccessorImpl.java:43)


03-12-2024T08:59:25 - [TEST_STEP][PASSED] - openBrowser(""): Browser is opened with url: ''

03-12-2024T08:59:25 - [MESSAGE][WARNING] - A browser is already opened. Closing browser and opening a new one

03-12-2024T08:59:25 - [MESSAGE][INFO] - Starting 'Chrome' driver

03-12-2024T08:59:25 - [MESSAGE][INFO] - Action delay is set to 0 milliseconds

03-12-2024T08:59:26 - [MESSAGE][PASSED] - Browser is opened with url: ''

03-12-2024T08:59:26 - [TEST_STEP][PASSED] - maximizeWindow(): Current window maximized

03-12-2024T08:59:26 - [MESSAGE][PASSED] - Current window maximized

03-12-2024T08:59:26 - [TEST_STEP][PASSED] - navigateToUrl("https://magang.dikahadir.com/authentication/login"): Navigate to 'https://magang.dikahadir.com/authentication/login' successfully

03-12-2024T08:59:26 - [MESSAGE][PASSED] - Navigate to 'https://magang.dikahadir.com/authentication/login' successfully

03-12-2024T08:59:26 - [TEST_STEP][PASSED] - setText(findTestObject("Object Repository/Admin/Cuti/014/Page_HADIR/input_Email_email"), "Admin@hadir.com"): Text 'Admin@hadir.com' is set on object 'Object Repository/Admin/Cuti/014/Page_HADIR/input_Email_email'

03-12-2024T08:59:27 - [MESSAGE][PASSED] - Text 'Admin@hadir.com' is set on object 'Object Repository/Admin/Cuti/014/Page_HADIR/input_Email_email'

03-12-2024T08:59:27 - [TEST_STEP][PASSED] - setEncryptedText(findTestObject("Object Repository/Admin/Cuti/014/Page_HADIR/input_Password_password"), "aSC42nPN26UggVXAwmiGmQ=="): Text ****** has been set on object 'Object Repository/Admin/Cuti/014/Page_HADIR/input_Password_password'

03-12-2024T08:59:27 - [MESSAGE][PASSED] - Text ****** has been set on object 'Object Repository/Admin/Cuti/014/Page_HADIR/input_Password_password'

03-12-2024T08:59:27 - [TEST_STEP][PASSED] - click(findTestObject("Object Repository/Admin/Cuti/014/Page_HADIR/button_Masuk")): Object: 'Object Repository/Admin/Cuti/014/Page_HADIR/button_Masuk' is clicked on

03-12-2024T08:59:27 - [MESSAGE][PASSED] - Object: 'Object Repository/Admin/Cuti/014/Page_HADIR/button_Masuk' is clicked on

03-12-2024T08:59:27 - [TEST_STEP][PASSED] - click(findTestObject("Object Repository/Admin/Cuti/014/Page_HADIR/div_Laporan")): Object: 'Object Repository/Admin/Cuti/014/Page_HADIR/div_Laporan' is clicked on

03-12-2024T08:59:29 - [MESSAGE][PASSED] - Object: 'Object Repository/Admin/Cuti/014/Page_HADIR/div_Laporan' is clicked on

03-12-2024T08:59:29 - [TEST_STEP][PASSED] - click(findTestObject("Object Repository/Admin/Cuti/014/Page_HADIR/p_Cuti")): Object: 'Object Repository/Admin/Cuti/014/Page_HADIR/p_Cuti' is clicked on

03-12-2024T08:59:30 - [MESSAGE][PASSED] - Object: 'Object Repository/Admin/Cuti/014/Page_HADIR/p_Cuti' is clicked on

03-12-2024T08:59:30 - [TEST_STEP][PASSED] - click(findTestObject("Admin/Cuti/014/Page_HADIR/StartDate")): Object: 'Object Repository/Admin/Cuti/014/Page_HADIR/StartDate' is clicked on

03-12-2024T08:59:30 - [MESSAGE][PASSED] - Object: 'Object Repository/Admin/Cuti/014/Page_HADIR/StartDate' is clicked on

03-12-2024T08:59:30 - [TEST_STEP][PASSED] - setText(findTestObject("Object Repository/Admin/Cuti/014/Page_HADIR/StartDate"), "Nov 30, 2025"): Text 'Nov 30, 2025' is set on object 'Object Repository/Admin/Cuti/014/Page_HADIR/StartDate'

03-12-2024T08:59:31 - [MESSAGE][PASSED] - Text 'Nov 30, 2025' is set on object 'Object Repository/Admin/Cuti/014/Page_HADIR/StartDate'

03-12-2024T08:59:31 - [TEST_STEP][PASSED] - click(findTestObject("Admin/Cuti/014/Page_HADIR/EndDate")): Object: 'Object Repository/Admin/Cuti/014/Page_HADIR/EndDate' is clicked on

03-12-2024T08:59:31 - [MESSAGE][PASSED] - Object: 'Object Repository/Admin/Cuti/014/Page_HADIR/EndDate' is clicked on

03-12-2024T08:59:31 - [TEST_STEP][PASSED] - setText(findTestObject("Object Repository/Admin/Cuti/014/Page_HADIR/EndDate"), "Nov 30, 2025"): Text 'Nov 30, 2025' is set on object 'Object Repository/Admin/Cuti/014/Page_HADIR/EndDate'

03-12-2024T08:59:32 - [MESSAGE][PASSED] - Text 'Nov 30, 2025' is set on object 'Object Repository/Admin/Cuti/014/Page_HADIR/EndDate'

03-12-2024T08:59:32 - [TEST_STEP][PASSED] - click(findTestObject("Object Repository/Admin/Cuti/014/Page_HADIR/button_Search")): Object: 'Object Repository/Admin/Cuti/014/Page_HADIR/button_Search' is clicked on

03-12-2024T08:59:32 - [MESSAGE][PASSED] - Object: 'Object Repository/Admin/Cuti/014/Page_HADIR/button_Search' is clicked on

03-12-2024T08:59:32 - [TEST_STEP][PASSED] - table = findTestObject("Object Repository/Admin/Cuti/014/Page_HADIR/Table"): null

03-12-2024T08:59:32 - [TEST_STEP][PASSED] - isTableEmpty = getText(table).isEmpty(): Text of object 'Object Repository/Admin/Cuti/014/Page_HADIR/Table' is: 'AB
Anif Biantoro
24 Sep 2024
25 Sep 2024 - 25 Sep 2024
Sayurbox
-
-
Cuti persalinan (3 bulan)
Testing 3 (Ajuan di tanggal sama)
Lihat Selengkapnya
Dibatalkan
Notes :
Lihat Selengkapnya'

03-12-2024T08:59:33 - [MESSAGE][PASSED] - Text of object 'Object Repository/Admin/Cuti/014/Page_HADIR/Table' is: 'AB
Anif Biantoro
24 Sep 2024
25 Sep 2024 - 25 Sep 2024
Sayurbox
-
-
Cuti persalinan (3 bulan)
Testing 3 (Ajuan di tanggal sama)
Lihat Selengkapnya
Dibatalkan
Notes :
Lihat Selengkapnya'

03-12-2024T08:59:33 - [TEST_STEP][FAILED] - assert isTableEmpty : "The table is not empty. It contains data.": Test Cases/Admin/Laporan/02 Cuti/TCC.Hadir.04.021 FAILED.
Reason:
java.lang.AssertionError: The table is not empty. It contains data.. Expression: isTableEmpty. Values: isTableEmpty = false
	at TCC.Hadir.04.021.run(TCC.Hadir.04.021:52)
	at com.kms.katalon.core.main.ScriptEngine.run(ScriptEngine.java:194)
	at com.kms.katalon.core.main.ScriptEngine.runScriptAsRawText(ScriptEngine.java:119)
	at com.kms.katalon.core.main.TestCaseExecutor.runScript(TestCaseExecutor.java:448)
	at com.kms.katalon.core.main.TestCaseExecutor.doExecute(TestCaseExecutor.java:439)
	at com.kms.katalon.core.main.TestCaseExecutor.processExecutionPhase(TestCaseExecutor.java:418)
	at com.kms.katalon.core.main.TestCaseExecutor.accessMainPhase(TestCaseExecutor.java:410)
	at com.kms.katalon.core.main.TestCaseExecutor.execute(TestCaseExecutor.java:285)
	at com.kms.katalon.core.main.TestCaseExecutor.execute(TestCaseExecutor.java:369)
	at com.kms.katalon.core.main.TestCaseExecutor.execute(TestCaseExecutor.java:369)
	at com.kms.katalon.core.main.TestCaseExecutor.execute(TestCaseExecutor.java:369)
	at com.kms.katalon.core.common.CommonExecutor.accessTestCaseMainPhase(CommonExecutor.java:65)
	at com.kms.katalon.core.main.TestSuiteExecutor.accessTestSuiteMainPhase(TestSuiteExecutor.java:161)
	at com.kms.katalon.core.main.TestSuiteExecutor.execute(TestSuiteExecutor.java:107)
	at com.kms.katalon.core.main.TestCaseMain.startTestSuite(TestCaseMain.java:176)
	at TempTestSuite1733191009789.run(TempTestSuite1733191009789.groovy:35)
	at java.base/jdk.internal.reflect.NativeMethodAccessorImpl.invoke0(Native Method)
	at java.base/jdk.internal.reflect.NativeMethodAccessorImpl.invoke(NativeMethodAccessorImpl.java:77)
	at java.base/jdk.internal.reflect.DelegatingMethodAccessorImpl.invoke(DelegatingMethodAccessorImpl.java:43)


03-12-2024T08:59:33 - [MESSAGE][FAILED] - Test Cases/Admin/Laporan/02 Cuti/TCC.Hadir.04.021 FAILED.
Reason:
java.lang.AssertionError: The table is not empty. It contains data.. Expression: isTableEmpty. Values: isTableEmpty = false
	at TCC.Hadir.04.021.run(TCC.Hadir.04.021:52)
	at com.kms.katalon.core.main.ScriptEngine.run(ScriptEngine.java:194)
	at com.kms.katalon.core.main.ScriptEngine.runScriptAsRawText(ScriptEngine.java:119)
	at com.kms.katalon.core.main.TestCaseExecutor.runScript(TestCaseExecutor.java:448)
	at com.kms.katalon.core.main.TestCaseExecutor.doExecute(TestCaseExecutor.java:439)
	at com.kms.katalon.core.main.TestCaseExecutor.processExecutionPhase(TestCaseExecutor.java:418)
	at com.kms.katalon.core.main.TestCaseExecutor.accessMainPhase(TestCaseExecutor.java:410)
	at com.kms.katalon.core.main.TestCaseExecutor.execute(TestCaseExecutor.java:285)
	at com.kms.katalon.core.main.TestCaseExecutor.execute(TestCaseExecutor.java:369)
	at com.kms.katalon.core.main.TestCaseExecutor.execute(TestCaseExecutor.java:369)
	at com.kms.katalon.core.main.TestCaseExecutor.execute(TestCaseExecutor.java:369)
	at com.kms.katalon.core.common.CommonExecutor.accessTestCaseMainPhase(CommonExecutor.java:65)
	at com.kms.katalon.core.main.TestSuiteExecutor.accessTestSuiteMainPhase(TestSuiteExecutor.java:161)
	at com.kms.katalon.core.main.TestSuiteExecutor.execute(TestSuiteExecutor.java:107)
	at com.kms.katalon.core.main.TestCaseMain.startTestSuite(TestCaseMain.java:176)
	at TempTestSuite1733191009789.run(TempTestSuite1733191009789.groovy:35)
	at java.base/jdk.internal.reflect.NativeMethodAccessorImpl.invoke0(Native Method)
	at java.base/jdk.internal.reflect.NativeMethodAccessorImpl.invoke(NativeMethodAccessorImpl.java:77)
	at java.base/jdk.internal.reflect.DelegatingMethodAccessorImpl.invoke(DelegatingMethodAccessorImpl.java:43)]]></system-out>
         <system-err><![CDATA[03-12-2024T08:59:25 - [TEST_CASE][FAILED] - Test Cases/Admin/Laporan/02 Cuti/TCC.Hadir.04.021: Test Cases/Admin/Laporan/02 Cuti/TCC.Hadir.04.021 FAILED.
Reason:
java.lang.AssertionError: The table is not empty. It contains data.. Expression: isTableEmpty. Values: isTableEmpty = false
	at TCC.Hadir.04.021.run(TCC.Hadir.04.021:52)
	at com.kms.katalon.core.main.ScriptEngine.run(ScriptEngine.java:194)
	at com.kms.katalon.core.main.ScriptEngine.runScriptAsRawText(ScriptEngine.java:119)
	at com.kms.katalon.core.main.TestCaseExecutor.runScript(TestCaseExecutor.java:448)
	at com.kms.katalon.core.main.TestCaseExecutor.doExecute(TestCaseExecutor.java:439)
	at com.kms.katalon.core.main.TestCaseExecutor.processExecutionPhase(TestCaseExecutor.java:418)
	at com.kms.katalon.core.main.TestCaseExecutor.accessMainPhase(TestCaseExecutor.java:410)
	at com.kms.katalon.core.main.TestCaseExecutor.execute(TestCaseExecutor.java:285)
	at com.kms.katalon.core.main.TestCaseExecutor.execute(TestCaseExecutor.java:369)
	at com.kms.katalon.core.main.TestCaseExecutor.execute(TestCaseExecutor.java:369)
	at com.kms.katalon.core.main.TestCaseExecutor.execute(TestCaseExecutor.java:369)
	at com.kms.katalon.core.common.CommonExecutor.accessTestCaseMainPhase(CommonExecutor.java:65)
	at com.kms.katalon.core.main.TestSuiteExecutor.accessTestSuiteMainPhase(TestSuiteExecutor.java:161)
	at com.kms.katalon.core.main.TestSuiteExecutor.execute(TestSuiteExecutor.java:107)
	at com.kms.katalon.core.main.TestCaseMain.startTestSuite(TestCaseMain.java:176)
	at TempTestSuite1733191009789.run(TempTestSuite1733191009789.groovy:35)
	at java.base/jdk.internal.reflect.NativeMethodAccessorImpl.invoke0(Native Method)
	at java.base/jdk.internal.reflect.NativeMethodAccessorImpl.invoke(NativeMethodAccessorImpl.java:77)
	at java.base/jdk.internal.reflect.DelegatingMethodAccessorImpl.invoke(DelegatingMethodAccessorImpl.java:43)]]></system-err>
      </testcase>
      <testcase name="Test Cases/Admin/Laporan/02 Cuti/TCC.Hadir.04.022" time="10.258" classname="Test Cases/Admin/Laporan/02 Cuti/TCC.Hadir.04.022" status="PASSED">
         <system-out><![CDATA[03-12-2024T08:59:33 - [TEST_CASE][PASSED] - Test Cases/Admin/Laporan/02 Cuti/TCC.Hadir.04.022: Test Cases/Admin/Laporan/02 Cuti/TCC.Hadir.04.022

03-12-2024T08:59:33 - [TEST_STEP][PASSED] - openBrowser(""): Browser is opened with url: ''

03-12-2024T08:59:33 - [MESSAGE][WARNING] - A browser is already opened. Closing browser and opening a new one

03-12-2024T08:59:33 - [MESSAGE][INFO] - Starting 'Chrome' driver

03-12-2024T08:59:33 - [MESSAGE][INFO] - Action delay is set to 0 milliseconds

03-12-2024T08:59:33 - [MESSAGE][PASSED] - Browser is opened with url: ''

03-12-2024T08:59:33 - [TEST_STEP][PASSED] - maximizeWindow(): Current window maximized

03-12-2024T08:59:33 - [MESSAGE][PASSED] - Current window maximized

03-12-2024T08:59:33 - [TEST_STEP][PASSED] - navigateToUrl("https://magang.dikahadir.com/authentication/login"): Navigate to 'https://magang.dikahadir.com/authentication/login' successfully

03-12-2024T08:59:34 - [MESSAGE][PASSED] - Navigate to 'https://magang.dikahadir.com/authentication/login' successfully

03-12-2024T08:59:34 - [TEST_STEP][PASSED] - setText(findTestObject("Object Repository/Admin/Cuti/022/Page_HADIR/input_Email_email"), "Admin@hadir.com"): Text 'Admin@hadir.com' is set on object 'Object Repository/Admin/Cuti/022/Page_HADIR/input_Email_email'

03-12-2024T08:59:35 - [MESSAGE][PASSED] - Text 'Admin@hadir.com' is set on object 'Object Repository/Admin/Cuti/022/Page_HADIR/input_Email_email'

03-12-2024T08:59:35 - [TEST_STEP][PASSED] - setEncryptedText(findTestObject("Object Repository/Admin/Cuti/022/Page_HADIR/input_Password_password"), "aSC42nPN26UggVXAwmiGmQ=="): Text ****** has been set on object 'Object Repository/Admin/Cuti/022/Page_HADIR/input_Password_password'

03-12-2024T08:59:35 - [MESSAGE][PASSED] - Text ****** has been set on object 'Object Repository/Admin/Cuti/022/Page_HADIR/input_Password_password'

03-12-2024T08:59:35 - [TEST_STEP][PASSED] - click(findTestObject("Object Repository/Admin/Cuti/022/Page_HADIR/button_Masuk")): Object: 'Object Repository/Admin/Cuti/022/Page_HADIR/button_Masuk' is clicked on

03-12-2024T08:59:36 - [MESSAGE][PASSED] - Object: 'Object Repository/Admin/Cuti/022/Page_HADIR/button_Masuk' is clicked on

03-12-2024T08:59:36 - [TEST_STEP][PASSED] - click(findTestObject("Object Repository/Admin/Cuti/022/Page_HADIR/div_Laporan")): Object: 'Object Repository/Admin/Cuti/022/Page_HADIR/div_Laporan' is clicked on

03-12-2024T08:59:37 - [MESSAGE][PASSED] - Object: 'Object Repository/Admin/Cuti/022/Page_HADIR/div_Laporan' is clicked on

03-12-2024T08:59:37 - [TEST_STEP][PASSED] - click(findTestObject("Object Repository/Admin/Cuti/022/Page_HADIR/p_Cuti")): Object: 'Object Repository/Admin/Cuti/022/Page_HADIR/p_Cuti' is clicked on

03-12-2024T08:59:38 - [MESSAGE][PASSED] - Object: 'Object Repository/Admin/Cuti/022/Page_HADIR/p_Cuti' is clicked on

03-12-2024T08:59:38 - [TEST_STEP][PASSED] - click(findTestObject("Object Repository/Admin/Cuti/022/Page_HADIR/button__Filter")): Object: 'Object Repository/Admin/Cuti/022/Page_HADIR/button__Filter' is clicked on

03-12-2024T08:59:41 - [MESSAGE][PASSED] - Object: 'Object Repository/Admin/Cuti/022/Page_HADIR/button__Filter' is clicked on

03-12-2024T08:59:41 - [TEST_STEP][PASSED] - setText(findTestObject("Object Repository/Admin/Cuti/022/Page_HADIR/input_Unit_job_departement"), "AMEX MERCHANT"): Text 'AMEX MERCHANT' is set on object 'Object Repository/Admin/Cuti/022/Page_HADIR/input_Unit_job_departement'

03-12-2024T08:59:41 - [MESSAGE][PASSED] - Text 'AMEX MERCHANT' is set on object 'Object Repository/Admin/Cuti/022/Page_HADIR/input_Unit_job_departement'

03-12-2024T08:59:41 - [TEST_STEP][PASSED] - sendKeys(findTestObject("Object Repository/Admin/Cuti/022/Page_HADIR/input_Unit_job_departement"), Keys.chord(DOWN)): Keys 'DOWN + ' sent to object: 'Object Repository/Admin/Cuti/022/Page_HADIR/input_Unit_job_departement'

03-12-2024T08:59:42 - [MESSAGE][PASSED] - Keys 'DOWN + ' sent to object: 'Object Repository/Admin/Cuti/022/Page_HADIR/input_Unit_job_departement'

03-12-2024T08:59:42 - [TEST_STEP][PASSED] - sendKeys(findTestObject("Object Repository/Admin/Cuti/022/Page_HADIR/input_Unit_job_departement"), Keys.chord(ENTER)): Keys 'ENTER + ' sent to object: 'Object Repository/Admin/Cuti/022/Page_HADIR/input_Unit_job_departement'

03-12-2024T08:59:42 - [MESSAGE][PASSED] - Keys 'ENTER + ' sent to object: 'Object Repository/Admin/Cuti/022/Page_HADIR/input_Unit_job_departement'

03-12-2024T08:59:42 - [TEST_STEP][PASSED] - nameObject = findTestObject("Object Repository/Admin/Cuti/014/Page_HADIR/Nama_table"): null

03-12-2024T08:59:42 - [TEST_STEP][PASSED] - isTableVisible = verifyElementPresent(nameObject, 10): Object 'Object Repository/Admin/Cuti/014/Page_HADIR/Nama_table' is present

03-12-2024T08:59:43 - [MESSAGE][PASSED] - Object 'Object Repository/Admin/Cuti/014/Page_HADIR/Nama_table' is present

03-12-2024T08:59:43 - [TEST_STEP][PASSED] - if (isTableVisible): Data table is visible on the page.

03-12-2024T08:59:43 - [TEST_STEP][PASSED] - comment("Data table is visible on the page."): Data table is visible on the page.

03-12-2024T08:59:43 - [MESSAGE][INFO] - Data table is visible on the page.

03-12-2024T08:59:43 - [TEST_STEP][PASSED] - closeBrowser(): Browser is closed

03-12-2024T08:59:43 - [MESSAGE][PASSED] - Browser is closed]]></system-out>
         <system-err><![CDATA[]]></system-err>
      </testcase>
      <testcase name="Test Cases/Admin/Laporan/02 Cuti/TCC.Hadir.04.023" time="10.277" classname="Test Cases/Admin/Laporan/02 Cuti/TCC.Hadir.04.023" status="PASSED">
         <system-out><![CDATA[03-12-2024T08:59:43 - [TEST_CASE][PASSED] - Test Cases/Admin/Laporan/02 Cuti/TCC.Hadir.04.023: Test Cases/Admin/Laporan/02 Cuti/TCC.Hadir.04.023

03-12-2024T08:59:43 - [TEST_STEP][PASSED] - openBrowser(""): Browser is opened with url: ''

03-12-2024T08:59:43 - [MESSAGE][INFO] - Starting 'Chrome' driver

03-12-2024T08:59:43 - [MESSAGE][INFO] - Action delay is set to 0 milliseconds

03-12-2024T08:59:44 - [MESSAGE][PASSED] - Browser is opened with url: ''

03-12-2024T08:59:44 - [TEST_STEP][PASSED] - maximizeWindow(): Current window maximized

03-12-2024T08:59:44 - [MESSAGE][PASSED] - Current window maximized

03-12-2024T08:59:44 - [TEST_STEP][PASSED] - navigateToUrl("https://magang.dikahadir.com/authentication/login"): Navigate to 'https://magang.dikahadir.com/authentication/login' successfully

03-12-2024T08:59:44 - [MESSAGE][PASSED] - Navigate to 'https://magang.dikahadir.com/authentication/login' successfully

03-12-2024T08:59:44 - [TEST_STEP][PASSED] - setText(findTestObject("Object Repository/Admin/Cuti/022/Page_HADIR/input_Email_email"), "Admin@hadir.com"): Text 'Admin@hadir.com' is set on object 'Object Repository/Admin/Cuti/022/Page_HADIR/input_Email_email'

03-12-2024T08:59:45 - [MESSAGE][PASSED] - Text 'Admin@hadir.com' is set on object 'Object Repository/Admin/Cuti/022/Page_HADIR/input_Email_email'

03-12-2024T08:59:45 - [TEST_STEP][PASSED] - setEncryptedText(findTestObject("Object Repository/Admin/Cuti/022/Page_HADIR/input_Password_password"), "aSC42nPN26UggVXAwmiGmQ=="): Text ****** has been set on object 'Object Repository/Admin/Cuti/022/Page_HADIR/input_Password_password'

03-12-2024T08:59:45 - [MESSAGE][PASSED] - Text ****** has been set on object 'Object Repository/Admin/Cuti/022/Page_HADIR/input_Password_password'

03-12-2024T08:59:45 - [TEST_STEP][PASSED] - click(findTestObject("Object Repository/Admin/Cuti/022/Page_HADIR/button_Masuk")): Object: 'Object Repository/Admin/Cuti/022/Page_HADIR/button_Masuk' is clicked on

03-12-2024T08:59:46 - [MESSAGE][PASSED] - Object: 'Object Repository/Admin/Cuti/022/Page_HADIR/button_Masuk' is clicked on

03-12-2024T08:59:46 - [TEST_STEP][PASSED] - click(findTestObject("Object Repository/Admin/Cuti/022/Page_HADIR/div_Laporan")): Object: 'Object Repository/Admin/Cuti/022/Page_HADIR/div_Laporan' is clicked on

03-12-2024T08:59:47 - [MESSAGE][PASSED] - Object: 'Object Repository/Admin/Cuti/022/Page_HADIR/div_Laporan' is clicked on

03-12-2024T08:59:47 - [TEST_STEP][PASSED] - click(findTestObject("Object Repository/Admin/Cuti/022/Page_HADIR/p_Cuti")): Object: 'Object Repository/Admin/Cuti/022/Page_HADIR/p_Cuti' is clicked on

03-12-2024T08:59:48 - [MESSAGE][PASSED] - Object: 'Object Repository/Admin/Cuti/022/Page_HADIR/p_Cuti' is clicked on

03-12-2024T08:59:48 - [TEST_STEP][PASSED] - click(findTestObject("Object Repository/Admin/Cuti/022/Page_HADIR/button__Filter")): Object: 'Object Repository/Admin/Cuti/022/Page_HADIR/button__Filter' is clicked on

03-12-2024T08:59:51 - [MESSAGE][PASSED] - Object: 'Object Repository/Admin/Cuti/022/Page_HADIR/button__Filter' is clicked on

03-12-2024T08:59:51 - [TEST_STEP][PASSED] - setText(findTestObject("Object Repository/Admin/Cuti/022/Page_HADIR/input_Unit_job_departement"), "ABC"): Text 'ABC' is set on object 'Object Repository/Admin/Cuti/022/Page_HADIR/input_Unit_job_departement'

03-12-2024T08:59:51 - [MESSAGE][PASSED] - Text 'ABC' is set on object 'Object Repository/Admin/Cuti/022/Page_HADIR/input_Unit_job_departement'

03-12-2024T08:59:51 - [TEST_STEP][PASSED] - sendKeys(findTestObject("Object Repository/Admin/Cuti/022/Page_HADIR/input_Unit_job_departement"), Keys.chord(DOWN)): Keys 'DOWN + ' sent to object: 'Object Repository/Admin/Cuti/022/Page_HADIR/input_Unit_job_departement'

03-12-2024T08:59:52 - [MESSAGE][PASSED] - Keys 'DOWN + ' sent to object: 'Object Repository/Admin/Cuti/022/Page_HADIR/input_Unit_job_departement'

03-12-2024T08:59:52 - [TEST_STEP][PASSED] - sendKeys(findTestObject("Object Repository/Admin/Cuti/022/Page_HADIR/input_Unit_job_departement"), Keys.chord(ENTER)): Keys 'ENTER + ' sent to object: 'Object Repository/Admin/Cuti/022/Page_HADIR/input_Unit_job_departement'

03-12-2024T08:59:52 - [MESSAGE][PASSED] - Keys 'ENTER + ' sent to object: 'Object Repository/Admin/Cuti/022/Page_HADIR/input_Unit_job_departement'

03-12-2024T08:59:52 - [TEST_STEP][PASSED] - nameObject = findTestObject("Object Repository/Admin/Cuti/014/Page_HADIR/Nama_table"): null

03-12-2024T08:59:52 - [TEST_STEP][PASSED] - isTableVisible = verifyElementPresent(nameObject, 10): Object 'Object Repository/Admin/Cuti/014/Page_HADIR/Nama_table' is present

03-12-2024T08:59:53 - [MESSAGE][PASSED] - Object 'Object Repository/Admin/Cuti/014/Page_HADIR/Nama_table' is present

03-12-2024T08:59:53 - [TEST_STEP][PASSED] - if (isTableVisible): Data table is visible on the page.

03-12-2024T08:59:53 - [TEST_STEP][PASSED] - comment("Data table is visible on the page."): Data table is visible on the page.

03-12-2024T08:59:53 - [MESSAGE][INFO] - Data table is visible on the page.

03-12-2024T08:59:53 - [TEST_STEP][PASSED] - closeBrowser(): Browser is closed

03-12-2024T08:59:53 - [MESSAGE][PASSED] - Browser is closed]]></system-out>
         <system-err><![CDATA[]]></system-err>
      </testcase>
      <testcase name="Test Cases/Admin/Laporan/02 Cuti/TCC.Hadir.04.024" time="11.618" classname="Test Cases/Admin/Laporan/02 Cuti/TCC.Hadir.04.024" status="PASSED">
         <system-out><![CDATA[03-12-2024T08:59:53 - [TEST_CASE][PASSED] - Test Cases/Admin/Laporan/02 Cuti/TCC.Hadir.04.024: Test Cases/Admin/Laporan/02 Cuti/TCC.Hadir.04.024

03-12-2024T08:59:53 - [TEST_STEP][PASSED] - openBrowser(""): Browser is opened with url: ''

03-12-2024T08:59:53 - [MESSAGE][INFO] - Starting 'Chrome' driver

03-12-2024T08:59:53 - [MESSAGE][INFO] - Action delay is set to 0 milliseconds

03-12-2024T08:59:54 - [MESSAGE][PASSED] - Browser is opened with url: ''

03-12-2024T08:59:54 - [TEST_STEP][PASSED] - maximizeWindow(): Current window maximized

03-12-2024T08:59:54 - [MESSAGE][PASSED] - Current window maximized

03-12-2024T08:59:54 - [TEST_STEP][PASSED] - navigateToUrl("https://magang.dikahadir.com/authentication/login"): Navigate to 'https://magang.dikahadir.com/authentication/login' successfully

03-12-2024T08:59:54 - [MESSAGE][PASSED] - Navigate to 'https://magang.dikahadir.com/authentication/login' successfully

03-12-2024T08:59:54 - [TEST_STEP][PASSED] - setText(findTestObject("Object Repository/Admin/Cuti/014/Page_HADIR/input_Email_email"), "Admin@hadir.com"): Text 'Admin@hadir.com' is set on object 'Object Repository/Admin/Cuti/014/Page_HADIR/input_Email_email'

03-12-2024T08:59:55 - [MESSAGE][PASSED] - Text 'Admin@hadir.com' is set on object 'Object Repository/Admin/Cuti/014/Page_HADIR/input_Email_email'

03-12-2024T08:59:55 - [TEST_STEP][PASSED] - setEncryptedText(findTestObject("Object Repository/Admin/Cuti/014/Page_HADIR/input_Password_password"), "aSC42nPN26UggVXAwmiGmQ=="): Text ****** has been set on object 'Object Repository/Admin/Cuti/014/Page_HADIR/input_Password_password'

03-12-2024T08:59:55 - [MESSAGE][PASSED] - Text ****** has been set on object 'Object Repository/Admin/Cuti/014/Page_HADIR/input_Password_password'

03-12-2024T08:59:55 - [TEST_STEP][PASSED] - click(findTestObject("Object Repository/Admin/Cuti/014/Page_HADIR/button_Masuk")): Object: 'Object Repository/Admin/Cuti/014/Page_HADIR/button_Masuk' is clicked on

03-12-2024T08:59:56 - [MESSAGE][PASSED] - Object: 'Object Repository/Admin/Cuti/014/Page_HADIR/button_Masuk' is clicked on

03-12-2024T08:59:56 - [TEST_STEP][PASSED] - click(findTestObject("Object Repository/Admin/Cuti/014/Page_HADIR/div_Laporan")): Object: 'Object Repository/Admin/Cuti/014/Page_HADIR/div_Laporan' is clicked on

03-12-2024T08:59:57 - [MESSAGE][PASSED] - Object: 'Object Repository/Admin/Cuti/014/Page_HADIR/div_Laporan' is clicked on

03-12-2024T08:59:57 - [TEST_STEP][PASSED] - click(findTestObject("Object Repository/Admin/Cuti/014/Page_HADIR/p_Cuti")): Object: 'Object Repository/Admin/Cuti/014/Page_HADIR/p_Cuti' is clicked on

03-12-2024T08:59:58 - [MESSAGE][PASSED] - Object: 'Object Repository/Admin/Cuti/014/Page_HADIR/p_Cuti' is clicked on

03-12-2024T08:59:58 - [TEST_STEP][PASSED] - click(findTestObject("Object Repository/Admin/Cuti/022/Page_HADIR/button__Filter")): Object: 'Object Repository/Admin/Cuti/022/Page_HADIR/button__Filter' is clicked on

03-12-2024T08:59:59 - [MESSAGE][PASSED] - Object: 'Object Repository/Admin/Cuti/022/Page_HADIR/button__Filter' is clicked on

03-12-2024T08:59:59 - [TEST_STEP][PASSED] - setText(findTestObject("Object Repository/Admin/Cuti/022/Page_HADIR/input_Unit_job_departement"), "IT Programmer"): Text 'IT Programmer' is set on object 'Object Repository/Admin/Cuti/022/Page_HADIR/input_Unit_job_departement'

03-12-2024T08:59:59 - [MESSAGE][PASSED] - Text 'IT Programmer' is set on object 'Object Repository/Admin/Cuti/022/Page_HADIR/input_Unit_job_departement'

03-12-2024T08:59:59 - [TEST_STEP][PASSED] - sendKeys(findTestObject("Object Repository/Admin/Cuti/022/Page_HADIR/input_Unit_job_departement"), Keys.chord(DOWN)): Keys 'DOWN + ' sent to object: 'Object Repository/Admin/Cuti/022/Page_HADIR/input_Unit_job_departement'

03-12-2024T09:00:00 - [MESSAGE][PASSED] - Keys 'DOWN + ' sent to object: 'Object Repository/Admin/Cuti/022/Page_HADIR/input_Unit_job_departement'

03-12-2024T09:00:00 - [TEST_STEP][PASSED] - sendKeys(findTestObject("Object Repository/Admin/Cuti/022/Page_HADIR/input_Unit_job_departement"), Keys.chord(ENTER)): Keys 'ENTER + ' sent to object: 'Object Repository/Admin/Cuti/022/Page_HADIR/input_Unit_job_departement'

03-12-2024T09:00:01 - [MESSAGE][PASSED] - Keys 'ENTER + ' sent to object: 'Object Repository/Admin/Cuti/022/Page_HADIR/input_Unit_job_departement'

03-12-2024T09:00:01 - [TEST_STEP][PASSED] - click(findTestObject("Admin/Cuti/022/Page_HADIR/button__FilterTerapkan")): Object: 'Object Repository/Admin/Cuti/022/Page_HADIR/button__FilterTerapkan' is clicked on

03-12-2024T09:00:01 - [MESSAGE][PASSED] - Object: 'Object Repository/Admin/Cuti/022/Page_HADIR/button__FilterTerapkan' is clicked on

03-12-2024T09:00:01 - [TEST_STEP][PASSED] - setText(findTestObject("Object Repository/Admin/IzinPulangCepatPage/002/Page_HADIR/input_Search_search"), "Anif Biantoro"): Text 'Anif Biantoro' is set on object 'Object Repository/Admin/IzinPulangCepatPage/002/Page_HADIR/input_Search_search'

03-12-2024T09:00:04 - [MESSAGE][PASSED] - Text 'Anif Biantoro' is set on object 'Object Repository/Admin/IzinPulangCepatPage/002/Page_HADIR/input_Search_search'

03-12-2024T09:00:04 - [TEST_STEP][PASSED] - click(findTestObject("Object Repository/Admin/Cuti/014/Page_HADIR/button_Search")): Object: 'Object Repository/Admin/Cuti/014/Page_HADIR/button_Search' is clicked on

03-12-2024T09:00:04 - [MESSAGE][PASSED] - Object: 'Object Repository/Admin/Cuti/014/Page_HADIR/button_Search' is clicked on

03-12-2024T09:00:04 - [TEST_STEP][PASSED] - expectedName = "Anif Biantoro": null

03-12-2024T09:00:04 - [TEST_STEP][PASSED] - nameObject = findTestObject("Object Repository/Admin/Cuti/014/Page_HADIR/Nama_table"): null

03-12-2024T09:00:04 - [TEST_STEP][PASSED] - verifyElementText(nameObject, expectedName, STOP_ON_FAILURE): Actual text and expected text of test object 'Object Repository/Admin/Cuti/014/Page_HADIR/Nama_table' are matched.

03-12-2024T09:00:05 - [MESSAGE][PASSED] - Actual text and expected text of test object 'Object Repository/Admin/Cuti/014/Page_HADIR/Nama_table' are matched.

03-12-2024T09:00:05 - [TEST_STEP][PASSED] - closeBrowser(): Browser is closed

03-12-2024T09:00:05 - [MESSAGE][PASSED] - Browser is closed]]></system-out>
         <system-err><![CDATA[]]></system-err>
      </testcase>
      <testcase name="Test Cases/Admin/Laporan/02 Cuti/TCC.Hadir.04.025" time="8.722" classname="Test Cases/Admin/Laporan/02 Cuti/TCC.Hadir.04.025" status="PASSED">
         <system-out><![CDATA[03-12-2024T09:00:05 - [TEST_CASE][PASSED] - Test Cases/Admin/Laporan/02 Cuti/TCC.Hadir.04.025: Test Cases/Admin/Laporan/02 Cuti/TCC.Hadir.04.025

03-12-2024T09:00:05 - [TEST_STEP][PASSED] - openBrowser(""): Browser is opened with url: ''

03-12-2024T09:00:05 - [MESSAGE][INFO] - Starting 'Chrome' driver

03-12-2024T09:00:05 - [MESSAGE][INFO] - Action delay is set to 0 milliseconds

03-12-2024T09:00:05 - [MESSAGE][PASSED] - Browser is opened with url: ''

03-12-2024T09:00:05 - [TEST_STEP][PASSED] - maximizeWindow(): Current window maximized

03-12-2024T09:00:05 - [MESSAGE][PASSED] - Current window maximized

03-12-2024T09:00:05 - [TEST_STEP][PASSED] - navigateToUrl("https://magang.dikahadir.com/authentication/login"): Navigate to 'https://magang.dikahadir.com/authentication/login' successfully

03-12-2024T09:00:06 - [MESSAGE][PASSED] - Navigate to 'https://magang.dikahadir.com/authentication/login' successfully

03-12-2024T09:00:06 - [TEST_STEP][PASSED] - setText(findTestObject("Object Repository/Admin/Cuti/025/Page_HADIR/input_Email_email"), "Admin@hadir.com"): Text 'Admin@hadir.com' is set on object 'Object Repository/Admin/Cuti/025/Page_HADIR/input_Email_email'

03-12-2024T09:00:07 - [MESSAGE][PASSED] - Text 'Admin@hadir.com' is set on object 'Object Repository/Admin/Cuti/025/Page_HADIR/input_Email_email'

03-12-2024T09:00:07 - [TEST_STEP][PASSED] - setEncryptedText(findTestObject("Object Repository/Admin/Cuti/025/Page_HADIR/input_Password_password"), "aSC42nPN26UggVXAwmiGmQ=="): Text ****** has been set on object 'Object Repository/Admin/Cuti/025/Page_HADIR/input_Password_password'

03-12-2024T09:00:07 - [MESSAGE][PASSED] - Text ****** has been set on object 'Object Repository/Admin/Cuti/025/Page_HADIR/input_Password_password'

03-12-2024T09:00:07 - [TEST_STEP][PASSED] - click(findTestObject("Object Repository/Admin/Cuti/025/Page_HADIR/button_Masuk")): Object: 'Object Repository/Admin/Cuti/025/Page_HADIR/button_Masuk' is clicked on

03-12-2024T09:00:07 - [MESSAGE][PASSED] - Object: 'Object Repository/Admin/Cuti/025/Page_HADIR/button_Masuk' is clicked on

03-12-2024T09:00:07 - [TEST_STEP][PASSED] - click(findTestObject("Object Repository/Admin/Cuti/025/Page_HADIR/div_Laporan")): Object: 'Object Repository/Admin/Cuti/025/Page_HADIR/div_Laporan' is clicked on

03-12-2024T09:00:09 - [MESSAGE][PASSED] - Object: 'Object Repository/Admin/Cuti/025/Page_HADIR/div_Laporan' is clicked on

03-12-2024T09:00:09 - [TEST_STEP][PASSED] - click(findTestObject("Object Repository/Admin/Cuti/025/Page_HADIR/div_Cuti")): Object: 'Object Repository/Admin/Cuti/025/Page_HADIR/div_Cuti' is clicked on

03-12-2024T09:00:10 - [MESSAGE][PASSED] - Object: 'Object Repository/Admin/Cuti/025/Page_HADIR/div_Cuti' is clicked on

03-12-2024T09:00:10 - [TEST_STEP][PASSED] - click(findTestObject("Admin/Cuti/025/Page_HADIR/button__filter")): Object: 'Object Repository/Admin/Cuti/025/Page_HADIR/button__filter' is clicked on

03-12-2024T09:00:10 - [MESSAGE][PASSED] - Object: 'Object Repository/Admin/Cuti/025/Page_HADIR/button__filter' is clicked on

03-12-2024T09:00:10 - [TEST_STEP][PASSED] - verifyElementVisible(findTestObject("Object Repository/Admin/Cuti/025/Page_HADIR/form_filterby")): Object 'Object Repository/Admin/Cuti/025/Page_HADIR/form_filterby' is visible

03-12-2024T09:00:11 - [MESSAGE][PASSED] - Object 'Object Repository/Admin/Cuti/025/Page_HADIR/form_filterby' is visible

03-12-2024T09:00:11 - [TEST_STEP][PASSED] - click(findTestObject("Object Repository/Admin/Cuti/025/Page_HADIR/button_Batal")): Object: 'Object Repository/Admin/Cuti/025/Page_HADIR/button_Batal' is clicked on

03-12-2024T09:00:11 - [MESSAGE][PASSED] - Object: 'Object Repository/Admin/Cuti/025/Page_HADIR/button_Batal' is clicked on

03-12-2024T09:00:11 - [TEST_STEP][PASSED] - delay(2): Delayed 2 second(s)

03-12-2024T09:00:13 - [MESSAGE][PASSED] - Delayed 2 second(s)

03-12-2024T09:00:13 - [TEST_STEP][PASSED] - nameObject = findTestObject("Object Repository/Admin/Cuti/014/Page_HADIR/Nama_table"): null

03-12-2024T09:00:13 - [TEST_STEP][PASSED] - isTableVisible = verifyElementPresent(nameObject, 10): Object 'Object Repository/Admin/Cuti/014/Page_HADIR/Nama_table' is present

03-12-2024T09:00:13 - [MESSAGE][PASSED] - Object 'Object Repository/Admin/Cuti/014/Page_HADIR/Nama_table' is present

03-12-2024T09:00:13 - [TEST_STEP][PASSED] - if (isTableVisible): Data table is visible on the page.

03-12-2024T09:00:13 - [TEST_STEP][PASSED] - comment("Data table is visible on the page."): Data table is visible on the page.

03-12-2024T09:00:13 - [MESSAGE][INFO] - Data table is visible on the page.

03-12-2024T09:00:13 - [TEST_STEP][PASSED] - closeBrowser(): Browser is closed

03-12-2024T09:00:13 - [MESSAGE][PASSED] - Browser is closed]]></system-out>
         <system-err><![CDATA[]]></system-err>
      </testcase>
      <testcase name="Test Cases/Admin/Laporan/02 Cuti/TCC.Hadir.04.026" time="8.415" classname="Test Cases/Admin/Laporan/02 Cuti/TCC.Hadir.04.026" status="PASSED">
         <system-out><![CDATA[03-12-2024T09:00:13 - [TEST_CASE][PASSED] - Test Cases/Admin/Laporan/02 Cuti/TCC.Hadir.04.026: Test Cases/Admin/Laporan/02 Cuti/TCC.Hadir.04.026

03-12-2024T09:00:14 - [TEST_STEP][PASSED] - openBrowser(""): Browser is opened with url: ''

03-12-2024T09:00:14 - [MESSAGE][INFO] - Starting 'Chrome' driver

03-12-2024T09:00:14 - [MESSAGE][INFO] - Action delay is set to 0 milliseconds

03-12-2024T09:00:14 - [MESSAGE][PASSED] - Browser is opened with url: ''

03-12-2024T09:00:14 - [TEST_STEP][PASSED] - maximizeWindow(): Current window maximized

03-12-2024T09:00:14 - [MESSAGE][PASSED] - Current window maximized

03-12-2024T09:00:14 - [TEST_STEP][PASSED] - navigateToUrl("https://magang.dikahadir.com/authentication/login"): Navigate to 'https://magang.dikahadir.com/authentication/login' successfully

03-12-2024T09:00:15 - [MESSAGE][PASSED] - Navigate to 'https://magang.dikahadir.com/authentication/login' successfully

03-12-2024T09:00:15 - [TEST_STEP][PASSED] - setText(findTestObject("Object Repository/Admin/Cuti/025/Page_HADIR/input_Email_email"), "Admin@hadir.com"): Text 'Admin@hadir.com' is set on object 'Object Repository/Admin/Cuti/025/Page_HADIR/input_Email_email'

03-12-2024T09:00:15 - [MESSAGE][PASSED] - Text 'Admin@hadir.com' is set on object 'Object Repository/Admin/Cuti/025/Page_HADIR/input_Email_email'

03-12-2024T09:00:15 - [TEST_STEP][PASSED] - setEncryptedText(findTestObject("Object Repository/Admin/Cuti/025/Page_HADIR/input_Password_password"), "aSC42nPN26UggVXAwmiGmQ=="): Text ****** has been set on object 'Object Repository/Admin/Cuti/025/Page_HADIR/input_Password_password'

03-12-2024T09:00:16 - [MESSAGE][PASSED] - Text ****** has been set on object 'Object Repository/Admin/Cuti/025/Page_HADIR/input_Password_password'

03-12-2024T09:00:16 - [TEST_STEP][PASSED] - click(findTestObject("Object Repository/Admin/Cuti/025/Page_HADIR/button_Masuk")): Object: 'Object Repository/Admin/Cuti/025/Page_HADIR/button_Masuk' is clicked on

03-12-2024T09:00:16 - [MESSAGE][PASSED] - Object: 'Object Repository/Admin/Cuti/025/Page_HADIR/button_Masuk' is clicked on

03-12-2024T09:00:16 - [TEST_STEP][PASSED] - click(findTestObject("Object Repository/Admin/Cuti/025/Page_HADIR/div_Laporan")): Object: 'Object Repository/Admin/Cuti/025/Page_HADIR/div_Laporan' is clicked on

03-12-2024T09:00:17 - [MESSAGE][PASSED] - Object: 'Object Repository/Admin/Cuti/025/Page_HADIR/div_Laporan' is clicked on

03-12-2024T09:00:17 - [TEST_STEP][PASSED] - click(findTestObject("Object Repository/Admin/Cuti/025/Page_HADIR/div_Cuti")): Object: 'Object Repository/Admin/Cuti/025/Page_HADIR/div_Cuti' is clicked on

03-12-2024T09:00:18 - [MESSAGE][PASSED] - Object: 'Object Repository/Admin/Cuti/025/Page_HADIR/div_Cuti' is clicked on

03-12-2024T09:00:18 - [TEST_STEP][PASSED] - click(findTestObject("Admin/Cuti/025/Page_HADIR/button__filter")): Object: 'Object Repository/Admin/Cuti/025/Page_HADIR/button__filter' is clicked on

03-12-2024T09:00:19 - [MESSAGE][PASSED] - Object: 'Object Repository/Admin/Cuti/025/Page_HADIR/button__filter' is clicked on

03-12-2024T09:00:19 - [TEST_STEP][PASSED] - verifyElementVisible(findTestObject("Object Repository/Admin/Cuti/025/Page_HADIR/form_filterby")): Object 'Object Repository/Admin/Cuti/025/Page_HADIR/form_filterby' is visible

03-12-2024T09:00:19 - [MESSAGE][PASSED] - Object 'Object Repository/Admin/Cuti/025/Page_HADIR/form_filterby' is visible

03-12-2024T09:00:19 - [TEST_STEP][PASSED] - click(findTestObject("Object Repository/Admin/Cuti/025/Page_HADIR/button_Batal")): Object: 'Object Repository/Admin/Cuti/025/Page_HADIR/button_Batal' is clicked on

03-12-2024T09:00:20 - [MESSAGE][PASSED] - Object: 'Object Repository/Admin/Cuti/025/Page_HADIR/button_Batal' is clicked on

03-12-2024T09:00:20 - [TEST_STEP][PASSED] - delay(2): Delayed 2 second(s)

03-12-2024T09:00:22 - [MESSAGE][PASSED] - Delayed 2 second(s)

03-12-2024T09:00:22 - [TEST_STEP][PASSED] - nameObject = findTestObject("Object Repository/Admin/Cuti/014/Page_HADIR/Nama_table"): null

03-12-2024T09:00:22 - [TEST_STEP][PASSED] - isTableVisible = verifyElementPresent(nameObject, 10): Object 'Object Repository/Admin/Cuti/014/Page_HADIR/Nama_table' is present

03-12-2024T09:00:22 - [MESSAGE][PASSED] - Object 'Object Repository/Admin/Cuti/014/Page_HADIR/Nama_table' is present

03-12-2024T09:00:22 - [TEST_STEP][PASSED] - if (isTableVisible): Data table is visible on the page.

03-12-2024T09:00:22 - [TEST_STEP][PASSED] - comment("Data table is visible on the page."): Data table is visible on the page.

03-12-2024T09:00:22 - [MESSAGE][INFO] - Data table is visible on the page.

03-12-2024T09:00:22 - [TEST_STEP][PASSED] - closeBrowser(): Browser is closed

03-12-2024T09:00:22 - [MESSAGE][PASSED] - Browser is closed]]></system-out>
         <system-err><![CDATA[]]></system-err>
      </testcase>
      <testcase name="Test Cases/Admin/Laporan/02 Cuti/TCC.Hadir.04.027" time="8.548" classname="Test Cases/Admin/Laporan/02 Cuti/TCC.Hadir.04.027" status="PASSED">
         <system-out><![CDATA[03-12-2024T09:00:22 - [TEST_CASE][PASSED] - Test Cases/Admin/Laporan/02 Cuti/TCC.Hadir.04.027: Test Cases/Admin/Laporan/02 Cuti/TCC.Hadir.04.027

03-12-2024T09:00:22 - [TEST_STEP][PASSED] - openBrowser(""): Browser is opened with url: ''

03-12-2024T09:00:22 - [MESSAGE][INFO] - Starting 'Chrome' driver

03-12-2024T09:00:22 - [MESSAGE][INFO] - Action delay is set to 0 milliseconds

03-12-2024T09:00:23 - [MESSAGE][PASSED] - Browser is opened with url: ''

03-12-2024T09:00:23 - [TEST_STEP][PASSED] - maximizeWindow(): Current window maximized

03-12-2024T09:00:23 - [MESSAGE][PASSED] - Current window maximized

03-12-2024T09:00:23 - [TEST_STEP][PASSED] - navigateToUrl("https://magang.dikahadir.com/authentication/login"): Navigate to 'https://magang.dikahadir.com/authentication/login' successfully

03-12-2024T09:00:23 - [MESSAGE][PASSED] - Navigate to 'https://magang.dikahadir.com/authentication/login' successfully

03-12-2024T09:00:23 - [TEST_STEP][PASSED] - setText(findTestObject("Object Repository/Admin/Cuti/014/Page_HADIR/input_Email_email"), "Admin@hadir.com"): Text 'Admin@hadir.com' is set on object 'Object Repository/Admin/Cuti/014/Page_HADIR/input_Email_email'

03-12-2024T09:00:24 - [MESSAGE][PASSED] - Text 'Admin@hadir.com' is set on object 'Object Repository/Admin/Cuti/014/Page_HADIR/input_Email_email'

03-12-2024T09:00:24 - [TEST_STEP][PASSED] - setEncryptedText(findTestObject("Object Repository/Admin/Cuti/014/Page_HADIR/input_Password_password"), "aSC42nPN26UggVXAwmiGmQ=="): Text ****** has been set on object 'Object Repository/Admin/Cuti/014/Page_HADIR/input_Password_password'

03-12-2024T09:00:24 - [MESSAGE][PASSED] - Text ****** has been set on object 'Object Repository/Admin/Cuti/014/Page_HADIR/input_Password_password'

03-12-2024T09:00:24 - [TEST_STEP][PASSED] - click(findTestObject("Object Repository/Admin/Cuti/014/Page_HADIR/button_Masuk")): Object: 'Object Repository/Admin/Cuti/014/Page_HADIR/button_Masuk' is clicked on

03-12-2024T09:00:24 - [MESSAGE][PASSED] - Object: 'Object Repository/Admin/Cuti/014/Page_HADIR/button_Masuk' is clicked on

03-12-2024T09:00:24 - [TEST_STEP][PASSED] - click(findTestObject("Object Repository/Admin/Cuti/014/Page_HADIR/div_Laporan")): Object: 'Object Repository/Admin/Cuti/014/Page_HADIR/div_Laporan' is clicked on

03-12-2024T09:00:26 - [MESSAGE][PASSED] - Object: 'Object Repository/Admin/Cuti/014/Page_HADIR/div_Laporan' is clicked on

03-12-2024T09:00:26 - [TEST_STEP][PASSED] - click(findTestObject("Object Repository/Admin/Cuti/014/Page_HADIR/p_Cuti")): Object: 'Object Repository/Admin/Cuti/014/Page_HADIR/p_Cuti' is clicked on

03-12-2024T09:00:27 - [MESSAGE][PASSED] - Object: 'Object Repository/Admin/Cuti/014/Page_HADIR/p_Cuti' is clicked on

03-12-2024T09:00:27 - [TEST_STEP][PASSED] - click(findTestObject("Object Repository/Admin/Cuti/022/Page_HADIR/button__Filter")): Object: 'Object Repository/Admin/Cuti/022/Page_HADIR/button__Filter' is clicked on

03-12-2024T09:00:28 - [MESSAGE][PASSED] - Object: 'Object Repository/Admin/Cuti/022/Page_HADIR/button__Filter' is clicked on

03-12-2024T09:00:28 - [TEST_STEP][PASSED] - setText(findTestObject("Object Repository/Admin/Cuti/022/Page_HADIR/input_Unit_job_departement"), "IT Programmer"): Text 'IT Programmer' is set on object 'Object Repository/Admin/Cuti/022/Page_HADIR/input_Unit_job_departement'

03-12-2024T09:00:29 - [MESSAGE][PASSED] - Text 'IT Programmer' is set on object 'Object Repository/Admin/Cuti/022/Page_HADIR/input_Unit_job_departement'

03-12-2024T09:00:29 - [TEST_STEP][PASSED] - sendKeys(findTestObject("Object Repository/Admin/Cuti/022/Page_HADIR/input_Unit_job_departement"), Keys.chord(DOWN)): Keys 'DOWN + ' sent to object: 'Object Repository/Admin/Cuti/022/Page_HADIR/input_Unit_job_departement'

03-12-2024T09:00:29 - [MESSAGE][PASSED] - Keys 'DOWN + ' sent to object: 'Object Repository/Admin/Cuti/022/Page_HADIR/input_Unit_job_departement'

03-12-2024T09:00:29 - [TEST_STEP][PASSED] - sendKeys(findTestObject("Object Repository/Admin/Cuti/022/Page_HADIR/input_Unit_job_departement"), Keys.chord(ENTER)): Keys 'ENTER + ' sent to object: 'Object Repository/Admin/Cuti/022/Page_HADIR/input_Unit_job_departement'

03-12-2024T09:00:30 - [MESSAGE][PASSED] - Keys 'ENTER + ' sent to object: 'Object Repository/Admin/Cuti/022/Page_HADIR/input_Unit_job_departement'

03-12-2024T09:00:30 - [TEST_STEP][PASSED] - click(findTestObject("Admin/Cuti/025/Page_HADIR/button_clear")): Object: 'Object Repository/Admin/Cuti/025/Page_HADIR/button_clear' is clicked on

03-12-2024T09:00:30 - [MESSAGE][PASSED] - Object: 'Object Repository/Admin/Cuti/025/Page_HADIR/button_clear' is clicked on

03-12-2024T09:00:30 - [TEST_STEP][PASSED] - inputValue = getAttribute(findTestObject("Object Repository/Admin/Cuti/022/Page_HADIR/input_Unit_job_departement"), "value"): Attribute 'value' of object 'Object Repository/Admin/Cuti/022/Page_HADIR/input_Unit_job_departement' is: ''

03-12-2024T09:00:30 - [MESSAGE][PASSED] - Attribute 'value' of object 'Object Repository/Admin/Cuti/022/Page_HADIR/input_Unit_job_departement' is: ''

03-12-2024T09:00:30 - [TEST_STEP][PASSED] - assert inputValue == "" : "Input field is not cleared!": null

03-12-2024T09:00:30 - [TEST_STEP][PASSED] - closeBrowser(): Browser is closed

03-12-2024T09:00:30 - [MESSAGE][PASSED] - Browser is closed]]></system-out>
         <system-err><![CDATA[]]></system-err>
      </testcase>
      <testcase name="Test Cases/Admin/Laporan/02 Cuti/TCC.Hadir.04.028" time="6.913" classname="Test Cases/Admin/Laporan/02 Cuti/TCC.Hadir.04.028" status="FAILED">
         <failure type="FAILED" message="Test Cases/Admin/Laporan/02 Cuti/TCC.Hadir.04.028 FAILED.&#xa;Reason:&#xa;java.lang.AssertionError: An unexpected exception occurred: Unable to set text 'BCA' of object 'Object Repository/Admin/Cuti/028/Page_HADIR/inputUpliner'. Expression: false&#xa;	at TCC.Hadir.04.028.run(TCC.Hadir.04.028:26)&#xa;	at com.kms.katalon.core.main.ScriptEngine.run(ScriptEngine.java:194)&#xa;	at com.kms.katalon.core.main.ScriptEngine.runScriptAsRawText(ScriptEngine.java:119)&#xa;	at com.kms.katalon.core.main.TestCaseExecutor.runScript(TestCaseExecutor.java:448)&#xa;	at com.kms.katalon.core.main.TestCaseExecutor.doExecute(TestCaseExecutor.java:439)&#xa;	at com.kms.katalon.core.main.TestCaseExecutor.processExecutionPhase(TestCaseExecutor.java:418)&#xa;	at com.kms.katalon.core.main.TestCaseExecutor.accessMainPhase(TestCaseExecutor.java:410)&#xa;	at com.kms.katalon.core.main.TestCaseExecutor.execute(TestCaseExecutor.java:285)&#xa;	at com.kms.katalon.core.main.TestCaseExecutor.execute(TestCaseExecutor.java:369)&#xa;	at com.kms.katalon.core.main.TestCaseExecutor.execute(TestCaseExecutor.java:369)&#xa;	at com.kms.katalon.core.main.TestCaseExecutor.execute(TestCaseExecutor.java:369)&#xa;	at com.kms.katalon.core.common.CommonExecutor.accessTestCaseMainPhase(CommonExecutor.java:65)&#xa;	at com.kms.katalon.core.main.TestSuiteExecutor.accessTestSuiteMainPhase(TestSuiteExecutor.java:161)&#xa;	at com.kms.katalon.core.main.TestSuiteExecutor.execute(TestSuiteExecutor.java:107)&#xa;	at com.kms.katalon.core.main.TestCaseMain.startTestSuite(TestCaseMain.java:176)&#xa;	at TempTestSuite1733191009789.run(TempTestSuite1733191009789.groovy:35)&#xa;	at java.base/jdk.internal.reflect.NativeMethodAccessorImpl.invoke0(Native Method)&#xa;	at java.base/jdk.internal.reflect.NativeMethodAccessorImpl.invoke(NativeMethodAccessorImpl.java:77)&#xa;	at java.base/jdk.internal.reflect.DelegatingMethodAccessorImpl.invoke(DelegatingMethodAccessorImpl.java:43)&#xa;"/>
         <system-out><![CDATA[03-12-2024T09:00:51 - [TEST_CASE][FAILED] - Test Cases/Admin/Laporan/02 Cuti/TCC.Hadir.04.028: Test Cases/Admin/Laporan/02 Cuti/TCC.Hadir.04.028 FAILED.
Reason:
java.lang.AssertionError: An unexpected exception occurred: Unable to set text 'BCA' of object 'Object Repository/Admin/Cuti/028/Page_HADIR/inputUpliner'. Expression: false
	at TCC.Hadir.04.028.run(TCC.Hadir.04.028:26)
	at com.kms.katalon.core.main.ScriptEngine.run(ScriptEngine.java:194)
	at com.kms.katalon.core.main.ScriptEngine.runScriptAsRawText(ScriptEngine.java:119)
	at com.kms.katalon.core.main.TestCaseExecutor.runScript(TestCaseExecutor.java:448)
	at com.kms.katalon.core.main.TestCaseExecutor.doExecute(TestCaseExecutor.java:439)
	at com.kms.katalon.core.main.TestCaseExecutor.processExecutionPhase(TestCaseExecutor.java:418)
	at com.kms.katalon.core.main.TestCaseExecutor.accessMainPhase(TestCaseExecutor.java:410)
	at com.kms.katalon.core.main.TestCaseExecutor.execute(TestCaseExecutor.java:285)
	at com.kms.katalon.core.main.TestCaseExecutor.execute(TestCaseExecutor.java:369)
	at com.kms.katalon.core.main.TestCaseExecutor.execute(TestCaseExecutor.java:369)
	at com.kms.katalon.core.main.TestCaseExecutor.execute(TestCaseExecutor.java:369)
	at com.kms.katalon.core.common.CommonExecutor.accessTestCaseMainPhase(CommonExecutor.java:65)
	at com.kms.katalon.core.main.TestSuiteExecutor.accessTestSuiteMainPhase(TestSuiteExecutor.java:161)
	at com.kms.katalon.core.main.TestSuiteExecutor.execute(TestSuiteExecutor.java:107)
	at com.kms.katalon.core.main.TestCaseMain.startTestSuite(TestCaseMain.java:176)
	at TempTestSuite1733191009789.run(TempTestSuite1733191009789.groovy:35)
	at java.base/jdk.internal.reflect.NativeMethodAccessorImpl.invoke0(Native Method)
	at java.base/jdk.internal.reflect.NativeMethodAccessorImpl.invoke(NativeMethodAccessorImpl.java:77)
	at java.base/jdk.internal.reflect.DelegatingMethodAccessorImpl.invoke(DelegatingMethodAccessorImpl.java:43)


03-12-2024T09:00:51 - [TEST_STEP][PASSED] - openBrowser(""): Browser is opened with url: ''

03-12-2024T09:00:51 - [MESSAGE][WARNING] - A browser is already opened. Closing browser and opening a new one

03-12-2024T09:00:51 - [MESSAGE][INFO] - Starting 'Chrome' driver

03-12-2024T09:00:51 - [MESSAGE][INFO] - Action delay is set to 0 milliseconds

03-12-2024T09:00:52 - [MESSAGE][PASSED] - Browser is opened with url: ''

03-12-2024T09:00:52 - [TEST_STEP][PASSED] - maximizeWindow(): Current window maximized

03-12-2024T09:00:52 - [MESSAGE][PASSED] - Current window maximized

03-12-2024T09:00:52 - [TEST_STEP][PASSED] - navigateToUrl("https://magang.dikahadir.com/authentication/login"): Navigate to 'https://magang.dikahadir.com/authentication/login' successfully

03-12-2024T09:00:53 - [MESSAGE][PASSED] - Navigate to 'https://magang.dikahadir.com/authentication/login' successfully

03-12-2024T09:00:53 - [TEST_STEP][PASSED] - setText(findTestObject("Object Repository/Admin/Cuti/028/Page_HADIR/input_Email_email"), "Admin@hadir.com"): Text 'Admin@hadir.com' is set on object 'Object Repository/Admin/Cuti/028/Page_HADIR/input_Email_email'

03-12-2024T09:00:53 - [MESSAGE][PASSED] - Text 'Admin@hadir.com' is set on object 'Object Repository/Admin/Cuti/028/Page_HADIR/input_Email_email'

03-12-2024T09:00:53 - [TEST_STEP][PASSED] - setEncryptedText(findTestObject("Object Repository/Admin/Cuti/028/Page_HADIR/input_Password_password"), "aSC42nPN26UggVXAwmiGmQ=="): Text ****** has been set on object 'Object Repository/Admin/Cuti/028/Page_HADIR/input_Password_password'

03-12-2024T09:00:54 - [MESSAGE][PASSED] - Text ****** has been set on object 'Object Repository/Admin/Cuti/028/Page_HADIR/input_Password_password'

03-12-2024T09:00:54 - [TEST_STEP][PASSED] - click(findTestObject("Object Repository/Admin/Cuti/014/Page_HADIR/button_Masuk")): Object: 'Object Repository/Admin/Cuti/014/Page_HADIR/button_Masuk' is clicked on

03-12-2024T09:00:54 - [MESSAGE][PASSED] - Object: 'Object Repository/Admin/Cuti/014/Page_HADIR/button_Masuk' is clicked on

03-12-2024T09:00:54 - [TEST_STEP][PASSED] - click(findTestObject("Object Repository/Admin/Cuti/028/Page_HADIR/div_Laporan")): Object: 'Object Repository/Admin/Cuti/028/Page_HADIR/div_Laporan' is clicked on

03-12-2024T09:00:55 - [MESSAGE][PASSED] - Object: 'Object Repository/Admin/Cuti/028/Page_HADIR/div_Laporan' is clicked on

03-12-2024T09:00:55 - [TEST_STEP][PASSED] - click(findTestObject("Object Repository/Admin/Cuti/028/Page_HADIR/p_Cuti")): Object: 'Object Repository/Admin/Cuti/028/Page_HADIR/p_Cuti' is clicked on

03-12-2024T09:00:56 - [MESSAGE][PASSED] - Object: 'Object Repository/Admin/Cuti/028/Page_HADIR/p_Cuti' is clicked on

03-12-2024T09:00:56 - [TEST_STEP][PASSED] - click(findTestObject("Object Repository/Admin/Cuti/028/Page_HADIR/svg_Menunggu Approval V1_feather feather-mo_10e371")): Object: 'Object Repository/Admin/Cuti/028/Page_HADIR/svg_Menunggu Approval V1_feather feather-mo_10e371' is clicked on

03-12-2024T09:00:57 - [MESSAGE][PASSED] - Object: 'Object Repository/Admin/Cuti/028/Page_HADIR/svg_Menunggu Approval V1_feather feather-mo_10e371' is clicked on

03-12-2024T09:00:57 - [TEST_STEP][PASSED] - click(findTestObject("Object Repository/Admin/Cuti/028/Page_HADIR/button_Edit")): Object: 'Object Repository/Admin/Cuti/028/Page_HADIR/button_Edit' is clicked on

03-12-2024T09:00:57 - [MESSAGE][WARNING] - [SELF-HEALING] Failed to find element with id 'Object Repository/Admin/Cuti/028/Page_HADIR/button_Edit'. Try using Self-healing.

03-12-2024T09:00:58 - [MESSAGE][WARNING] - [SELF-HEALING] The current locator of test object 'Object Repository/Admin/Cuti/028/Page_HADIR/button_Edit' was broken. Propose an alternative one: '(//button[@type='button'])[22]'.

03-12-2024T09:00:58 - [MESSAGE][PASSED] - Object: 'Object Repository/Admin/Cuti/028/Page_HADIR/button_Edit' is clicked on

03-12-2024T09:00:58 - [TEST_STEP][FAILED] - try: Unable to set text 'BCA' of object 'Object Repository/Admin/Cuti/028/Page_HADIR/inputUpliner' (Root cause: com.kms.katalon.core.exception.StepFailedException: Unable to set text 'BCA' of object 'Object Repository/Admin/Cuti/028/Page_HADIR/inputUpliner'
	at com.kms.katalon.core.webui.keyword.internal.WebUIKeywordMain.stepFailed(WebUIKeywordMain.groovy:117)
	at com.kms.katalon.core.webui.keyword.internal.WebUIKeywordMain.runKeyword(WebUIKeywordMain.groovy:43)
	at com.kms.katalon.core.webui.keyword.builtin.SetTextKeyword.setText(SetTextKeyword.groovy:86)
	at com.kms.katalon.core.webui.keyword.builtin.SetTextKeyword.execute(SetTextKeyword.groovy:39)
	at com.kms.katalon.core.keyword.internal.KeywordExecutor.executeKeywordForPlatform(KeywordExecutor.groovy:74)
	at com.kms.katalon.core.webui.keyword.WebUiBuiltInKeywords.setText(WebUiBuiltInKeywords.groovy:1056)
	at TCC.Hadir.04.028.run(TCC.Hadir.04.028:21)
	at com.kms.katalon.core.main.ScriptEngine.run(ScriptEngine.java:194)
	at com.kms.katalon.core.main.ScriptEngine.runScriptAsRawText(ScriptEngine.java:119)
	at com.kms.katalon.core.main.TestCaseExecutor.runScript(TestCaseExecutor.java:448)
	at com.kms.katalon.core.main.TestCaseExecutor.doExecute(TestCaseExecutor.java:439)
	at com.kms.katalon.core.main.TestCaseExecutor.processExecutionPhase(TestCaseExecutor.java:418)
	at com.kms.katalon.core.main.TestCaseExecutor.accessMainPhase(TestCaseExecutor.java:410)
	at com.kms.katalon.core.main.TestCaseExecutor.execute(TestCaseExecutor.java:285)
	at com.kms.katalon.core.main.TestCaseExecutor.execute(TestCaseExecutor.java:369)
	at com.kms.katalon.core.main.TestCaseExecutor.execute(TestCaseExecutor.java:369)
	at com.kms.katalon.core.main.TestCaseExecutor.execute(TestCaseExecutor.java:369)
	at com.kms.katalon.core.common.CommonExecutor.accessTestCaseMainPhase(CommonExecutor.java:65)
	at com.kms.katalon.core.main.TestSuiteExecutor.accessTestSuiteMainPhase(TestSuiteExecutor.java:161)
	at com.kms.katalon.core.main.TestSuiteExecutor.execute(TestSuiteExecutor.java:107)
	at com.kms.katalon.core.main.TestCaseMain.startTestSuite(TestCaseMain.java:176)
	at TempTestSuite1733191009789.run(TempTestSuite1733191009789.groovy:35)
	at java.base/jdk.internal.reflect.NativeMethodAccessorImpl.invoke0(Native Method)
	at java.base/jdk.internal.reflect.NativeMethodAccessorImpl.invoke(NativeMethodAccessorImpl.java:77)
	at java.base/jdk.internal.reflect.DelegatingMethodAccessorImpl.invoke(DelegatingMethodAccessorImpl.java:43)
Caused by: org.openqa.selenium.InvalidElementStateException: invalid element state
  (Session info: chrome=131.0.6778.86)
Build info: version: '4.22.0', revision: 'c5f3146703'
System info: os.name: 'Windows 10', os.arch: 'amd64', os.version: '10.0', java.version: '17.0.7'
Driver info: com.kms.katalon.selenium.driver.CChromeDriver
Command: [cb62c948b4d5bf7d8de86f391244e864, clearElement {id=f.65AEB2211E9D98946857600764228290.d.C85E0915FFD23F790BFF127552C94E2A.e.73}]
Capabilities {acceptInsecureCerts: false, browserName: chrome, browserVersion: 131.0.6778.86, chrome: {chromedriverVersion: 130.0.6723.91 (53ac07678369..., userDataDir: C:\Users\User\AppData\Local...}, fedcm:accounts: true, goog:chromeOptions: {debuggerAddress: localhost:51252}, networkConnectionEnabled: false, pageLoadStrategy: normal, platformName: windows, proxy: Proxy(), se:cdp: ws://localhost:51252/devtoo..., se:cdpVersion: 131.0.6778.86, setWindowRect: true, strictFileInteractability: false, timeouts: {implicit: 0, pageLoad: 300000, script: 30000}, unhandledPromptBehavior: ignore, webSocketUrl: ws://localhost:22310/sessio..., webauthn:extension:credBlob: true, webauthn:extension:largeBlob: true, webauthn:extension:minPinLength: true, webauthn:extension:prf: true, webauthn:virtualAuthenticators: true}
Element: [[CChromeDriver: chrome on windows (cb62c948b4d5bf7d8de86f391244e864)] -> xpath: (.//*[normalize-space(text()) and normalize-space(.)='Atasan 2'])[1]/following::p[1]]
Session ID: cb62c948b4d5bf7d8de86f391244e864
	at java.base/jdk.internal.reflect.NativeConstructorAccessorImpl.newInstance0(Native Method)
	at java.base/jdk.internal.reflect.NativeConstructorAccessorImpl.newInstance(NativeConstructorAccessorImpl.java:77)
	at java.base/jdk.internal.reflect.DelegatingConstructorAccessorImpl.newInstance(DelegatingConstructorAccessorImpl.java:45)
	at org.openqa.selenium.remote.ErrorCodec.decode(ErrorCodec.java:167)
	at org.openqa.selenium.remote.codec.w3c.W3CHttpResponseCodec.decode(W3CHttpResponseCodec.java:138)
	at org.openqa.selenium.remote.codec.w3c.W3CHttpResponseCodec.decode(W3CHttpResponseCodec.java:50)
	at org.openqa.selenium.remote.HttpCommandExecutor.execute(HttpCommandExecutor.java:190)
	at org.openqa.selenium.remote.service.DriverCommandExecutor.invokeExecute(DriverCommandExecutor.java:216)
	at org.openqa.selenium.remote.service.DriverCommandExecutor.execute(DriverCommandExecutor.java:174)
	at org.openqa.selenium.remote.RemoteWebDriver.execute(RemoteWebDriver.java:518)
	at org.openqa.selenium.remote.RemoteWebElement.execute(RemoteWebElement.java:223)
	at org.openqa.selenium.remote.RemoteWebElement.clear(RemoteWebElement.java:129)
	at jdk.internal.reflect.GeneratedMethodAccessor27.invoke(Unknown Source)
	at java.base/jdk.internal.reflect.DelegatingMethodAccessorImpl.invoke(DelegatingMethodAccessorImpl.java:43)
	at org.openqa.selenium.support.decorators.WebDriverDecorator.call(WebDriverDecorator.java:249)
	at org.openqa.selenium.support.decorators.DefaultDecorated.call(DefaultDecorated.java:48)
	at org.openqa.selenium.support.decorators.WebDriverDecorator.lambda$createProxy$2(WebDriverDecorator.java:321)
	at net.bytebuddy.renamed.java.lang.Object$ByteBuddy$NvTCFAqI.clear(Unknown Source)
	at com.kms.katalon.core.webui.keyword.builtin.SetTextKeyword$_setText_closure1.doCall(SetTextKeyword.groovy:55)
	at com.kms.katalon.core.webui.keyword.builtin.SetTextKeyword$_setText_closure1.call(SetTextKeyword.groovy)
	at com.kms.katalon.core.webui.keyword.internal.WebUIKeywordMain.runKeyword(WebUIKeywordMain.groovy:35)
	at com.kms.katalon.core.webui.keyword.builtin.SetTextKeyword.setText(SetTextKeyword.groovy:86)
	at com.kms.katalon.core.webui.keyword.builtin.SetTextKeyword.execute(SetTextKeyword.groovy:39)
	at com.kms.katalon.core.keyword.internal.KeywordExecutor.executeKeywordForPlatform(KeywordExecutor.groovy:74)
	at com.kms.katalon.core.webui.keyword.WebUiBuiltInKeywords.setText(WebUiBuiltInKeywords.groovy:1056)
	at Script1732788469144.run(Script1732788469144.groovy:21)
	... 18 more
)

03-12-2024T09:00:58 - [TEST_STEP][FAILED] - setText(findTestObject("Object Repository/Admin/Cuti/028/Page_HADIR/inputUpliner"), "BCA"): Unable to set text 'BCA' of object 'Object Repository/Admin/Cuti/028/Page_HADIR/inputUpliner' (Root cause: com.kms.katalon.core.exception.StepFailedException: Unable to set text 'BCA' of object 'Object Repository/Admin/Cuti/028/Page_HADIR/inputUpliner'
	at com.kms.katalon.core.webui.keyword.internal.WebUIKeywordMain.stepFailed(WebUIKeywordMain.groovy:117)
	at com.kms.katalon.core.webui.keyword.internal.WebUIKeywordMain.runKeyword(WebUIKeywordMain.groovy:43)
	at com.kms.katalon.core.webui.keyword.builtin.SetTextKeyword.setText(SetTextKeyword.groovy:86)
	at com.kms.katalon.core.webui.keyword.builtin.SetTextKeyword.execute(SetTextKeyword.groovy:39)
	at com.kms.katalon.core.keyword.internal.KeywordExecutor.executeKeywordForPlatform(KeywordExecutor.groovy:74)
	at com.kms.katalon.core.webui.keyword.WebUiBuiltInKeywords.setText(WebUiBuiltInKeywords.groovy:1056)
	at TCC.Hadir.04.028.run(TCC.Hadir.04.028:21)
	at com.kms.katalon.core.main.ScriptEngine.run(ScriptEngine.java:194)
	at com.kms.katalon.core.main.ScriptEngine.runScriptAsRawText(ScriptEngine.java:119)
	at com.kms.katalon.core.main.TestCaseExecutor.runScript(TestCaseExecutor.java:448)
	at com.kms.katalon.core.main.TestCaseExecutor.doExecute(TestCaseExecutor.java:439)
	at com.kms.katalon.core.main.TestCaseExecutor.processExecutionPhase(TestCaseExecutor.java:418)
	at com.kms.katalon.core.main.TestCaseExecutor.accessMainPhase(TestCaseExecutor.java:410)
	at com.kms.katalon.core.main.TestCaseExecutor.execute(TestCaseExecutor.java:285)
	at com.kms.katalon.core.main.TestCaseExecutor.execute(TestCaseExecutor.java:369)
	at com.kms.katalon.core.main.TestCaseExecutor.execute(TestCaseExecutor.java:369)
	at com.kms.katalon.core.main.TestCaseExecutor.execute(TestCaseExecutor.java:369)
	at com.kms.katalon.core.common.CommonExecutor.accessTestCaseMainPhase(CommonExecutor.java:65)
	at com.kms.katalon.core.main.TestSuiteExecutor.accessTestSuiteMainPhase(TestSuiteExecutor.java:161)
	at com.kms.katalon.core.main.TestSuiteExecutor.execute(TestSuiteExecutor.java:107)
	at com.kms.katalon.core.main.TestCaseMain.startTestSuite(TestCaseMain.java:176)
	at TempTestSuite1733191009789.run(TempTestSuite1733191009789.groovy:35)
	at java.base/jdk.internal.reflect.NativeMethodAccessorImpl.invoke0(Native Method)
	at java.base/jdk.internal.reflect.NativeMethodAccessorImpl.invoke(NativeMethodAccessorImpl.java:77)
	at java.base/jdk.internal.reflect.DelegatingMethodAccessorImpl.invoke(DelegatingMethodAccessorImpl.java:43)
Caused by: org.openqa.selenium.InvalidElementStateException: invalid element state
  (Session info: chrome=131.0.6778.86)
Build info: version: '4.22.0', revision: 'c5f3146703'
System info: os.name: 'Windows 10', os.arch: 'amd64', os.version: '10.0', java.version: '17.0.7'
Driver info: com.kms.katalon.selenium.driver.CChromeDriver
Command: [cb62c948b4d5bf7d8de86f391244e864, clearElement {id=f.65AEB2211E9D98946857600764228290.d.C85E0915FFD23F790BFF127552C94E2A.e.73}]
Capabilities {acceptInsecureCerts: false, browserName: chrome, browserVersion: 131.0.6778.86, chrome: {chromedriverVersion: 130.0.6723.91 (53ac07678369..., userDataDir: C:\Users\User\AppData\Local...}, fedcm:accounts: true, goog:chromeOptions: {debuggerAddress: localhost:51252}, networkConnectionEnabled: false, pageLoadStrategy: normal, platformName: windows, proxy: Proxy(), se:cdp: ws://localhost:51252/devtoo..., se:cdpVersion: 131.0.6778.86, setWindowRect: true, strictFileInteractability: false, timeouts: {implicit: 0, pageLoad: 300000, script: 30000}, unhandledPromptBehavior: ignore, webSocketUrl: ws://localhost:22310/sessio..., webauthn:extension:credBlob: true, webauthn:extension:largeBlob: true, webauthn:extension:minPinLength: true, webauthn:extension:prf: true, webauthn:virtualAuthenticators: true}
Element: [[CChromeDriver: chrome on windows (cb62c948b4d5bf7d8de86f391244e864)] -> xpath: (.//*[normalize-space(text()) and normalize-space(.)='Atasan 2'])[1]/following::p[1]]
Session ID: cb62c948b4d5bf7d8de86f391244e864
	at java.base/jdk.internal.reflect.NativeConstructorAccessorImpl.newInstance0(Native Method)
	at java.base/jdk.internal.reflect.NativeConstructorAccessorImpl.newInstance(NativeConstructorAccessorImpl.java:77)
	at java.base/jdk.internal.reflect.DelegatingConstructorAccessorImpl.newInstance(DelegatingConstructorAccessorImpl.java:45)
	at org.openqa.selenium.remote.ErrorCodec.decode(ErrorCodec.java:167)
	at org.openqa.selenium.remote.codec.w3c.W3CHttpResponseCodec.decode(W3CHttpResponseCodec.java:138)
	at org.openqa.selenium.remote.codec.w3c.W3CHttpResponseCodec.decode(W3CHttpResponseCodec.java:50)
	at org.openqa.selenium.remote.HttpCommandExecutor.execute(HttpCommandExecutor.java:190)
	at org.openqa.selenium.remote.service.DriverCommandExecutor.invokeExecute(DriverCommandExecutor.java:216)
	at org.openqa.selenium.remote.service.DriverCommandExecutor.execute(DriverCommandExecutor.java:174)
	at org.openqa.selenium.remote.RemoteWebDriver.execute(RemoteWebDriver.java:518)
	at org.openqa.selenium.remote.RemoteWebElement.execute(RemoteWebElement.java:223)
	at org.openqa.selenium.remote.RemoteWebElement.clear(RemoteWebElement.java:129)
	at jdk.internal.reflect.GeneratedMethodAccessor27.invoke(Unknown Source)
	at java.base/jdk.internal.reflect.DelegatingMethodAccessorImpl.invoke(DelegatingMethodAccessorImpl.java:43)
	at org.openqa.selenium.support.decorators.WebDriverDecorator.call(WebDriverDecorator.java:249)
	at org.openqa.selenium.support.decorators.DefaultDecorated.call(DefaultDecorated.java:48)
	at org.openqa.selenium.support.decorators.WebDriverDecorator.lambda$createProxy$2(WebDriverDecorator.java:321)
	at net.bytebuddy.renamed.java.lang.Object$ByteBuddy$NvTCFAqI.clear(Unknown Source)
	at com.kms.katalon.core.webui.keyword.builtin.SetTextKeyword$_setText_closure1.doCall(SetTextKeyword.groovy:55)
	at com.kms.katalon.core.webui.keyword.builtin.SetTextKeyword$_setText_closure1.call(SetTextKeyword.groovy)
	at com.kms.katalon.core.webui.keyword.internal.WebUIKeywordMain.runKeyword(WebUIKeywordMain.groovy:35)
	at com.kms.katalon.core.webui.keyword.builtin.SetTextKeyword.setText(SetTextKeyword.groovy:86)
	at com.kms.katalon.core.webui.keyword.builtin.SetTextKeyword.execute(SetTextKeyword.groovy:39)
	at com.kms.katalon.core.keyword.internal.KeywordExecutor.executeKeywordForPlatform(KeywordExecutor.groovy:74)
	at com.kms.katalon.core.webui.keyword.WebUiBuiltInKeywords.setText(WebUiBuiltInKeywords.groovy:1056)
	at Script1732788469144.run(Script1732788469144.groovy:21)
	... 18 more
)

03-12-2024T09:00:58 - [MESSAGE][FAILED] - Unable to set text 'BCA' of object 'Object Repository/Admin/Cuti/028/Page_HADIR/inputUpliner' (Root cause: com.kms.katalon.core.exception.StepFailedException: Unable to set text 'BCA' of object 'Object Repository/Admin/Cuti/028/Page_HADIR/inputUpliner'
	at com.kms.katalon.core.webui.keyword.internal.WebUIKeywordMain.stepFailed(WebUIKeywordMain.groovy:117)
	at com.kms.katalon.core.webui.keyword.internal.WebUIKeywordMain.runKeyword(WebUIKeywordMain.groovy:43)
	at com.kms.katalon.core.webui.keyword.builtin.SetTextKeyword.setText(SetTextKeyword.groovy:86)
	at com.kms.katalon.core.webui.keyword.builtin.SetTextKeyword.execute(SetTextKeyword.groovy:39)
	at com.kms.katalon.core.keyword.internal.KeywordExecutor.executeKeywordForPlatform(KeywordExecutor.groovy:74)
	at com.kms.katalon.core.webui.keyword.WebUiBuiltInKeywords.setText(WebUiBuiltInKeywords.groovy:1056)
	at TCC.Hadir.04.028.run(TCC.Hadir.04.028:21)
	at com.kms.katalon.core.main.ScriptEngine.run(ScriptEngine.java:194)
	at com.kms.katalon.core.main.ScriptEngine.runScriptAsRawText(ScriptEngine.java:119)
	at com.kms.katalon.core.main.TestCaseExecutor.runScript(TestCaseExecutor.java:448)
	at com.kms.katalon.core.main.TestCaseExecutor.doExecute(TestCaseExecutor.java:439)
	at com.kms.katalon.core.main.TestCaseExecutor.processExecutionPhase(TestCaseExecutor.java:418)
	at com.kms.katalon.core.main.TestCaseExecutor.accessMainPhase(TestCaseExecutor.java:410)
	at com.kms.katalon.core.main.TestCaseExecutor.execute(TestCaseExecutor.java:285)
	at com.kms.katalon.core.main.TestCaseExecutor.execute(TestCaseExecutor.java:369)
	at com.kms.katalon.core.main.TestCaseExecutor.execute(TestCaseExecutor.java:369)
	at com.kms.katalon.core.main.TestCaseExecutor.execute(TestCaseExecutor.java:369)
	at com.kms.katalon.core.common.CommonExecutor.accessTestCaseMainPhase(CommonExecutor.java:65)
	at com.kms.katalon.core.main.TestSuiteExecutor.accessTestSuiteMainPhase(TestSuiteExecutor.java:161)
	at com.kms.katalon.core.main.TestSuiteExecutor.execute(TestSuiteExecutor.java:107)
	at com.kms.katalon.core.main.TestCaseMain.startTestSuite(TestCaseMain.java:176)
	at TempTestSuite1733191009789.run(TempTestSuite1733191009789.groovy:35)
	at java.base/jdk.internal.reflect.NativeMethodAccessorImpl.invoke0(Native Method)
	at java.base/jdk.internal.reflect.NativeMethodAccessorImpl.invoke(NativeMethodAccessorImpl.java:77)
	at java.base/jdk.internal.reflect.DelegatingMethodAccessorImpl.invoke(DelegatingMethodAccessorImpl.java:43)
Caused by: org.openqa.selenium.InvalidElementStateException: invalid element state
  (Session info: chrome=131.0.6778.86)
Build info: version: '4.22.0', revision: 'c5f3146703'
System info: os.name: 'Windows 10', os.arch: 'amd64', os.version: '10.0', java.version: '17.0.7'
Driver info: com.kms.katalon.selenium.driver.CChromeDriver
Command: [cb62c948b4d5bf7d8de86f391244e864, clearElement {id=f.65AEB2211E9D98946857600764228290.d.C85E0915FFD23F790BFF127552C94E2A.e.73}]
Capabilities {acceptInsecureCerts: false, browserName: chrome, browserVersion: 131.0.6778.86, chrome: {chromedriverVersion: 130.0.6723.91 (53ac07678369..., userDataDir: C:\Users\User\AppData\Local...}, fedcm:accounts: true, goog:chromeOptions: {debuggerAddress: localhost:51252}, networkConnectionEnabled: false, pageLoadStrategy: normal, platformName: windows, proxy: Proxy(), se:cdp: ws://localhost:51252/devtoo..., se:cdpVersion: 131.0.6778.86, setWindowRect: true, strictFileInteractability: false, timeouts: {implicit: 0, pageLoad: 300000, script: 30000}, unhandledPromptBehavior: ignore, webSocketUrl: ws://localhost:22310/sessio..., webauthn:extension:credBlob: true, webauthn:extension:largeBlob: true, webauthn:extension:minPinLength: true, webauthn:extension:prf: true, webauthn:virtualAuthenticators: true}
Element: [[CChromeDriver: chrome on windows (cb62c948b4d5bf7d8de86f391244e864)] -> xpath: (.//*[normalize-space(text()) and normalize-space(.)='Atasan 2'])[1]/following::p[1]]
Session ID: cb62c948b4d5bf7d8de86f391244e864
	at java.base/jdk.internal.reflect.NativeConstructorAccessorImpl.newInstance0(Native Method)
	at java.base/jdk.internal.reflect.NativeConstructorAccessorImpl.newInstance(NativeConstructorAccessorImpl.java:77)
	at java.base/jdk.internal.reflect.DelegatingConstructorAccessorImpl.newInstance(DelegatingConstructorAccessorImpl.java:45)
	at org.openqa.selenium.remote.ErrorCodec.decode(ErrorCodec.java:167)
	at org.openqa.selenium.remote.codec.w3c.W3CHttpResponseCodec.decode(W3CHttpResponseCodec.java:138)
	at org.openqa.selenium.remote.codec.w3c.W3CHttpResponseCodec.decode(W3CHttpResponseCodec.java:50)
	at org.openqa.selenium.remote.HttpCommandExecutor.execute(HttpCommandExecutor.java:190)
	at org.openqa.selenium.remote.service.DriverCommandExecutor.invokeExecute(DriverCommandExecutor.java:216)
	at org.openqa.selenium.remote.service.DriverCommandExecutor.execute(DriverCommandExecutor.java:174)
	at org.openqa.selenium.remote.RemoteWebDriver.execute(RemoteWebDriver.java:518)
	at org.openqa.selenium.remote.RemoteWebElement.execute(RemoteWebElement.java:223)
	at org.openqa.selenium.remote.RemoteWebElement.clear(RemoteWebElement.java:129)
	at jdk.internal.reflect.GeneratedMethodAccessor27.invoke(Unknown Source)
	at java.base/jdk.internal.reflect.DelegatingMethodAccessorImpl.invoke(DelegatingMethodAccessorImpl.java:43)
	at org.openqa.selenium.support.decorators.WebDriverDecorator.call(WebDriverDecorator.java:249)
	at org.openqa.selenium.support.decorators.DefaultDecorated.call(DefaultDecorated.java:48)
	at org.openqa.selenium.support.decorators.WebDriverDecorator.lambda$createProxy$2(WebDriverDecorator.java:321)
	at net.bytebuddy.renamed.java.lang.Object$ByteBuddy$NvTCFAqI.clear(Unknown Source)
	at com.kms.katalon.core.webui.keyword.builtin.SetTextKeyword$_setText_closure1.doCall(SetTextKeyword.groovy:55)
	at com.kms.katalon.core.webui.keyword.builtin.SetTextKeyword$_setText_closure1.call(SetTextKeyword.groovy)
	at com.kms.katalon.core.webui.keyword.internal.WebUIKeywordMain.runKeyword(WebUIKeywordMain.groovy:35)
	at com.kms.katalon.core.webui.keyword.builtin.SetTextKeyword.setText(SetTextKeyword.groovy:86)
	at com.kms.katalon.core.webui.keyword.builtin.SetTextKeyword.execute(SetTextKeyword.groovy:39)
	at com.kms.katalon.core.keyword.internal.KeywordExecutor.executeKeywordForPlatform(KeywordExecutor.groovy:74)
	at com.kms.katalon.core.webui.keyword.WebUiBuiltInKeywords.setText(WebUiBuiltInKeywords.groovy:1056)
	at Script1732788469144.run(Script1732788469144.groovy:21)
	... 18 more
)
[[ATTACHMENT|C:\\Users\\User\\git\\KatalonHadirApp\\Reports\\20241203_085648\\Cuti\\20241203_085649\\1733191258570.png]]

03-12-2024T09:00:58 - [TEST_STEP][FAILED] - catch (Exception e): Test Cases/Admin/Laporan/02 Cuti/TCC.Hadir.04.028 FAILED.
Reason:
java.lang.AssertionError: An unexpected exception occurred: Unable to set text 'BCA' of object 'Object Repository/Admin/Cuti/028/Page_HADIR/inputUpliner'. Expression: false
	at TCC.Hadir.04.028.run(TCC.Hadir.04.028:26)
	at com.kms.katalon.core.main.ScriptEngine.run(ScriptEngine.java:194)
	at com.kms.katalon.core.main.ScriptEngine.runScriptAsRawText(ScriptEngine.java:119)
	at com.kms.katalon.core.main.TestCaseExecutor.runScript(TestCaseExecutor.java:448)
	at com.kms.katalon.core.main.TestCaseExecutor.doExecute(TestCaseExecutor.java:439)
	at com.kms.katalon.core.main.TestCaseExecutor.processExecutionPhase(TestCaseExecutor.java:418)
	at com.kms.katalon.core.main.TestCaseExecutor.accessMainPhase(TestCaseExecutor.java:410)
	at com.kms.katalon.core.main.TestCaseExecutor.execute(TestCaseExecutor.java:285)
	at com.kms.katalon.core.main.TestCaseExecutor.execute(TestCaseExecutor.java:369)
	at com.kms.katalon.core.main.TestCaseExecutor.execute(TestCaseExecutor.java:369)
	at com.kms.katalon.core.main.TestCaseExecutor.execute(TestCaseExecutor.java:369)
	at com.kms.katalon.core.common.CommonExecutor.accessTestCaseMainPhase(CommonExecutor.java:65)
	at com.kms.katalon.core.main.TestSuiteExecutor.accessTestSuiteMainPhase(TestSuiteExecutor.java:161)
	at com.kms.katalon.core.main.TestSuiteExecutor.execute(TestSuiteExecutor.java:107)
	at com.kms.katalon.core.main.TestCaseMain.startTestSuite(TestCaseMain.java:176)
	at TempTestSuite1733191009789.run(TempTestSuite1733191009789.groovy:35)
	at java.base/jdk.internal.reflect.NativeMethodAccessorImpl.invoke0(Native Method)
	at java.base/jdk.internal.reflect.NativeMethodAccessorImpl.invoke(NativeMethodAccessorImpl.java:77)
	at java.base/jdk.internal.reflect.DelegatingMethodAccessorImpl.invoke(DelegatingMethodAccessorImpl.java:43)


03-12-2024T09:00:58 - [TEST_STEP][FAILED] - assert false: Test Cases/Admin/Laporan/02 Cuti/TCC.Hadir.04.028 FAILED.
Reason:
java.lang.AssertionError: An unexpected exception occurred: Unable to set text 'BCA' of object 'Object Repository/Admin/Cuti/028/Page_HADIR/inputUpliner'. Expression: false
	at TCC.Hadir.04.028.run(TCC.Hadir.04.028:26)
	at com.kms.katalon.core.main.ScriptEngine.run(ScriptEngine.java:194)
	at com.kms.katalon.core.main.ScriptEngine.runScriptAsRawText(ScriptEngine.java:119)
	at com.kms.katalon.core.main.TestCaseExecutor.runScript(TestCaseExecutor.java:448)
	at com.kms.katalon.core.main.TestCaseExecutor.doExecute(TestCaseExecutor.java:439)
	at com.kms.katalon.core.main.TestCaseExecutor.processExecutionPhase(TestCaseExecutor.java:418)
	at com.kms.katalon.core.main.TestCaseExecutor.accessMainPhase(TestCaseExecutor.java:410)
	at com.kms.katalon.core.main.TestCaseExecutor.execute(TestCaseExecutor.java:285)
	at com.kms.katalon.core.main.TestCaseExecutor.execute(TestCaseExecutor.java:369)
	at com.kms.katalon.core.main.TestCaseExecutor.execute(TestCaseExecutor.java:369)
	at com.kms.katalon.core.main.TestCaseExecutor.execute(TestCaseExecutor.java:369)
	at com.kms.katalon.core.common.CommonExecutor.accessTestCaseMainPhase(CommonExecutor.java:65)
	at com.kms.katalon.core.main.TestSuiteExecutor.accessTestSuiteMainPhase(TestSuiteExecutor.java:161)
	at com.kms.katalon.core.main.TestSuiteExecutor.execute(TestSuiteExecutor.java:107)
	at com.kms.katalon.core.main.TestCaseMain.startTestSuite(TestCaseMain.java:176)
	at TempTestSuite1733191009789.run(TempTestSuite1733191009789.groovy:35)
	at java.base/jdk.internal.reflect.NativeMethodAccessorImpl.invoke0(Native Method)
	at java.base/jdk.internal.reflect.NativeMethodAccessorImpl.invoke(NativeMethodAccessorImpl.java:77)
	at java.base/jdk.internal.reflect.DelegatingMethodAccessorImpl.invoke(DelegatingMethodAccessorImpl.java:43)


03-12-2024T09:00:58 - [MESSAGE][FAILED] - Test Cases/Admin/Laporan/02 Cuti/TCC.Hadir.04.028 FAILED.
Reason:
java.lang.AssertionError: An unexpected exception occurred: Unable to set text 'BCA' of object 'Object Repository/Admin/Cuti/028/Page_HADIR/inputUpliner'. Expression: false
	at TCC.Hadir.04.028.run(TCC.Hadir.04.028:26)
	at com.kms.katalon.core.main.ScriptEngine.run(ScriptEngine.java:194)
	at com.kms.katalon.core.main.ScriptEngine.runScriptAsRawText(ScriptEngine.java:119)
	at com.kms.katalon.core.main.TestCaseExecutor.runScript(TestCaseExecutor.java:448)
	at com.kms.katalon.core.main.TestCaseExecutor.doExecute(TestCaseExecutor.java:439)
	at com.kms.katalon.core.main.TestCaseExecutor.processExecutionPhase(TestCaseExecutor.java:418)
	at com.kms.katalon.core.main.TestCaseExecutor.accessMainPhase(TestCaseExecutor.java:410)
	at com.kms.katalon.core.main.TestCaseExecutor.execute(TestCaseExecutor.java:285)
	at com.kms.katalon.core.main.TestCaseExecutor.execute(TestCaseExecutor.java:369)
	at com.kms.katalon.core.main.TestCaseExecutor.execute(TestCaseExecutor.java:369)
	at com.kms.katalon.core.main.TestCaseExecutor.execute(TestCaseExecutor.java:369)
	at com.kms.katalon.core.common.CommonExecutor.accessTestCaseMainPhase(CommonExecutor.java:65)
	at com.kms.katalon.core.main.TestSuiteExecutor.accessTestSuiteMainPhase(TestSuiteExecutor.java:161)
	at com.kms.katalon.core.main.TestSuiteExecutor.execute(TestSuiteExecutor.java:107)
	at com.kms.katalon.core.main.TestCaseMain.startTestSuite(TestCaseMain.java:176)
	at TempTestSuite1733191009789.run(TempTestSuite1733191009789.groovy:35)
	at java.base/jdk.internal.reflect.NativeMethodAccessorImpl.invoke0(Native Method)
	at java.base/jdk.internal.reflect.NativeMethodAccessorImpl.invoke(NativeMethodAccessorImpl.java:77)
	at java.base/jdk.internal.reflect.DelegatingMethodAccessorImpl.invoke(DelegatingMethodAccessorImpl.java:43)]]></system-out>
         <system-err><![CDATA[03-12-2024T09:00:51 - [TEST_CASE][FAILED] - Test Cases/Admin/Laporan/02 Cuti/TCC.Hadir.04.028: Test Cases/Admin/Laporan/02 Cuti/TCC.Hadir.04.028 FAILED.
Reason:
java.lang.AssertionError: An unexpected exception occurred: Unable to set text 'BCA' of object 'Object Repository/Admin/Cuti/028/Page_HADIR/inputUpliner'. Expression: false
	at TCC.Hadir.04.028.run(TCC.Hadir.04.028:26)
	at com.kms.katalon.core.main.ScriptEngine.run(ScriptEngine.java:194)
	at com.kms.katalon.core.main.ScriptEngine.runScriptAsRawText(ScriptEngine.java:119)
	at com.kms.katalon.core.main.TestCaseExecutor.runScript(TestCaseExecutor.java:448)
	at com.kms.katalon.core.main.TestCaseExecutor.doExecute(TestCaseExecutor.java:439)
	at com.kms.katalon.core.main.TestCaseExecutor.processExecutionPhase(TestCaseExecutor.java:418)
	at com.kms.katalon.core.main.TestCaseExecutor.accessMainPhase(TestCaseExecutor.java:410)
	at com.kms.katalon.core.main.TestCaseExecutor.execute(TestCaseExecutor.java:285)
	at com.kms.katalon.core.main.TestCaseExecutor.execute(TestCaseExecutor.java:369)
	at com.kms.katalon.core.main.TestCaseExecutor.execute(TestCaseExecutor.java:369)
	at com.kms.katalon.core.main.TestCaseExecutor.execute(TestCaseExecutor.java:369)
	at com.kms.katalon.core.common.CommonExecutor.accessTestCaseMainPhase(CommonExecutor.java:65)
	at com.kms.katalon.core.main.TestSuiteExecutor.accessTestSuiteMainPhase(TestSuiteExecutor.java:161)
	at com.kms.katalon.core.main.TestSuiteExecutor.execute(TestSuiteExecutor.java:107)
	at com.kms.katalon.core.main.TestCaseMain.startTestSuite(TestCaseMain.java:176)
	at TempTestSuite1733191009789.run(TempTestSuite1733191009789.groovy:35)
	at java.base/jdk.internal.reflect.NativeMethodAccessorImpl.invoke0(Native Method)
	at java.base/jdk.internal.reflect.NativeMethodAccessorImpl.invoke(NativeMethodAccessorImpl.java:77)
	at java.base/jdk.internal.reflect.DelegatingMethodAccessorImpl.invoke(DelegatingMethodAccessorImpl.java:43)]]></system-err>
      </testcase>
      <system-out><![CDATA[03-12-2024T08:57:15 - [TEST_SUITE][ERROR] - Cuti: Test Cases/Admin/Laporan/02 Cuti/TCC.Hadir.04.014 FAILED.
Reason:
groovy.lang.MissingPropertyException: No such property: expectedName for class: Script1732592106615
	at TCC.Hadir.04.014.run(TCC.Hadir.04.014:53)
	at com.kms.katalon.core.main.ScriptEngine.run(ScriptEngine.java:194)
	at com.kms.katalon.core.main.ScriptEngine.runScriptAsRawText(ScriptEngine.java:119)
	at com.kms.katalon.core.main.TestCaseExecutor.runScript(TestCaseExecutor.java:448)
	at com.kms.katalon.core.main.TestCaseExecutor.doExecute(TestCaseExecutor.java:439)
	at com.kms.katalon.core.main.TestCaseExecutor.processExecutionPhase(TestCaseExecutor.java:418)
	at com.kms.katalon.core.main.TestCaseExecutor.accessMainPhase(TestCaseExecutor.java:410)
	at com.kms.katalon.core.main.TestCaseExecutor.execute(TestCaseExecutor.java:285)
	at com.kms.katalon.core.common.CommonExecutor.accessTestCaseMainPhase(CommonExecutor.java:65)
	at com.kms.katalon.core.main.TestSuiteExecutor.accessTestSuiteMainPhase(TestSuiteExecutor.java:161)
	at com.kms.katalon.core.main.TestSuiteExecutor.execute(TestSuiteExecutor.java:107)
	at com.kms.katalon.core.main.TestCaseMain.startTestSuite(TestCaseMain.java:176)
	at TempTestSuite1733191009789.run(TempTestSuite1733191009789.groovy:35)
	at java.base/jdk.internal.reflect.NativeMethodAccessorImpl.invoke0(Native Method)
	at java.base/jdk.internal.reflect.NativeMethodAccessorImpl.invoke(NativeMethodAccessorImpl.java:77)
	at java.base/jdk.internal.reflect.DelegatingMethodAccessorImpl.invoke(DelegatingMethodAccessorImpl.java:43)]]></system-out>
      <system-err><![CDATA[03-12-2024T08:57:15 - [TEST_SUITE][ERROR] - Cuti: Test Cases/Admin/Laporan/02 Cuti/TCC.Hadir.04.014 FAILED.
Reason:
groovy.lang.MissingPropertyException: No such property: expectedName for class: Script1732592106615
	at TCC.Hadir.04.014.run(TCC.Hadir.04.014:53)
	at com.kms.katalon.core.main.ScriptEngine.run(ScriptEngine.java:194)
	at com.kms.katalon.core.main.ScriptEngine.runScriptAsRawText(ScriptEngine.java:119)
	at com.kms.katalon.core.main.TestCaseExecutor.runScript(TestCaseExecutor.java:448)
	at com.kms.katalon.core.main.TestCaseExecutor.doExecute(TestCaseExecutor.java:439)
	at com.kms.katalon.core.main.TestCaseExecutor.processExecutionPhase(TestCaseExecutor.java:418)
	at com.kms.katalon.core.main.TestCaseExecutor.accessMainPhase(TestCaseExecutor.java:410)
	at com.kms.katalon.core.main.TestCaseExecutor.execute(TestCaseExecutor.java:285)
	at com.kms.katalon.core.common.CommonExecutor.accessTestCaseMainPhase(CommonExecutor.java:65)
	at com.kms.katalon.core.main.TestSuiteExecutor.accessTestSuiteMainPhase(TestSuiteExecutor.java:161)
	at com.kms.katalon.core.main.TestSuiteExecutor.execute(TestSuiteExecutor.java:107)
	at com.kms.katalon.core.main.TestCaseMain.startTestSuite(TestCaseMain.java:176)
	at TempTestSuite1733191009789.run(TempTestSuite1733191009789.groovy:35)
	at java.base/jdk.internal.reflect.NativeMethodAccessorImpl.invoke0(Native Method)
	at java.base/jdk.internal.reflect.NativeMethodAccessorImpl.invoke(NativeMethodAccessorImpl.java:77)
	at java.base/jdk.internal.reflect.DelegatingMethodAccessorImpl.invoke(DelegatingMethodAccessorImpl.java:43)]]></system-err>
   </testsuite>
</testsuites>
