<?xml version="1.0" encoding="UTF-8"?>
<testsuites name="Login" time="38.329" tests="12" failures="0" errors="0">
   <testsuite name="Login" tests="12" failures="0" errors="0" time="38.329" skipped="0" timestamp="03-12-2024T16:46:06" hostname="Irga - Irga.mshome.net" id="Test Suites/Login">
      <properties>
         <property name="deviceName" value=""/>
         <property name="devicePlatform"/>
         <property name="logFolder" value="C:\\Users\\User\\git\\KatalonHadirApp\\Reports\\20241203_164544\\Login\\20241203_164545"/>
         <property name="logFiles" value="C:\\Users\\User\\git\\KatalonHadirApp\\Reports\\20241203_164544\\Login\\20241203_164545\\execution0.log"/>
         <property name="attachments" value=""/>
         <property name="hostName" value="Irga - Irga.mshome.net"/>
         <property name="os" value="Windows 10 64bit"/>
         <property name="katalonVersion" value="10.0.0.223"/>
         <property name="browser" value="Chrome 131.0.0.0"/>
         <property name="hostAddress" value="172.24.112.1"/>
         <property name="sessionId" value="7e374c1f4dacc184b023cffa31f7638c"/>
         <property name="seleniumVersion" value="4.22.0"/>
         <property name="proxyInformation" value="ProxyInformation { proxyOption=NO_PROXY, proxyServerType=HTTP, username=, password=********, proxyServerAddress=, proxyServerPort=0, executionList=&quot;&quot;, isApplyToDesiredCapabilities=true }"/>
         <property name="platform" value="Windows 10"/>
      </properties>
      <testcase name="Test Cases/Admin/Login/TCC.Hadir.01.001" time="5.415" classname="Test Cases/Admin/Login/TCC.Hadir.01.001" status="PASSED">
         <system-out><![CDATA[03-12-2024T16:46:06 - [TEST_CASE][PASSED] - Test Cases/Admin/Login/TCC.Hadir.01.001: Test Cases/Admin/Login/TCC.Hadir.01.001

03-12-2024T16:46:06 - [TEST_STEP][PASSED] - openBrowser(""): Browser is opened with url: ''

03-12-2024T16:46:06 - [MESSAGE][INFO] - Starting 'Chrome' driver

03-12-2024T16:46:06 - [MESSAGE][INFO] - Action delay is set to 0 milliseconds

03-12-2024T16:46:07 - [MESSAGE][PASSED] - Browser is opened with url: ''

03-12-2024T16:46:07 - [TEST_STEP][PASSED] - maximizeWindow(): Current window maximized

03-12-2024T16:46:07 - [MESSAGE][PASSED] - Current window maximized

03-12-2024T16:46:07 - [TEST_STEP][PASSED] - navigateToUrl("https://magang.dikahadir.com/authentication/login"): Navigate to 'https://magang.dikahadir.com/authentication/login' successfully

03-12-2024T16:46:08 - [MESSAGE][PASSED] - Navigate to 'https://magang.dikahadir.com/authentication/login' successfully

03-12-2024T16:46:08 - [TEST_STEP][PASSED] - verifyElementPresent(findTestObject("Object Repository/Login/Login_Page/input_Email_email"), 10, STOP_ON_FAILURE): Object 'Object Repository/Login/Login_Page/input_Email_email' is present

03-12-2024T16:46:09 - [MESSAGE][PASSED] - Object 'Object Repository/Login/Login_Page/input_Email_email' is present

03-12-2024T16:46:09 - [TEST_STEP][PASSED] - setText(findTestObject("Object Repository/Login/Login_Page/input_Email_email"), "Admin@hadir.com"): Text 'Admin@hadir.com' is set on object 'Object Repository/Login/Login_Page/input_Email_email'

03-12-2024T16:46:09 - [MESSAGE][PASSED] - Text 'Admin@hadir.com' is set on object 'Object Repository/Login/Login_Page/input_Email_email'

03-12-2024T16:46:09 - [TEST_STEP][PASSED] - setEncryptedText(findTestObject("Object Repository/Login/Login_Page/input_Password_password"), "aSC42nPN26UggVXAwmiGmQ=="): Text ****** has been set on object 'Object Repository/Login/Login_Page/input_Password_password'

03-12-2024T16:46:10 - [MESSAGE][PASSED] - Text ****** has been set on object 'Object Repository/Login/Login_Page/input_Password_password'

03-12-2024T16:46:10 - [TEST_STEP][PASSED] - click(findTestObject("Object Repository/Login/Login_Page/button_Masuk")): Object: 'Object Repository/Login/Login_Page/button_Masuk' is clicked on

03-12-2024T16:46:10 - [MESSAGE][PASSED] - Object: 'Object Repository/Login/Login_Page/button_Masuk' is clicked on

03-12-2024T16:46:10 - [TEST_STEP][PASSED] - waitForPageLoad(10): Wait for page load successfully

03-12-2024T16:46:10 - [MESSAGE][PASSED] - Wait for page load successfully

03-12-2024T16:46:10 - [TEST_STEP][PASSED] - loginSuccess = verifyElementPresent(findTestObject("Object Repository/Login/Login_Page/p_2022 Aplikasi Hadir"), 10, CONTINUE_ON_FAILURE): Object 'Object Repository/Login/Login_Page/p_2022 Aplikasi Hadir' is present

03-12-2024T16:46:11 - [MESSAGE][PASSED] - Object 'Object Repository/Login/Login_Page/p_2022 Aplikasi Hadir' is present

03-12-2024T16:46:11 - [TEST_STEP][PASSED] - if (loginSuccess): Login successful. Verification passed.

03-12-2024T16:46:11 - [TEST_STEP][PASSED] - comment("Login successful. Verification passed."): Login successful. Verification passed.

03-12-2024T16:46:11 - [MESSAGE][INFO] - Login successful. Verification passed.

03-12-2024T16:46:11 - [TEST_STEP][PASSED] - closeBrowser(): Browser is closed

03-12-2024T16:46:11 - [MESSAGE][PASSED] - Browser is closed]]></system-out>
         <system-err><![CDATA[]]></system-err>
      </testcase>
      <testcase name="Test Cases/Admin/Login/TCC.Hadir.01.002" time="2.865" classname="Test Cases/Admin/Login/TCC.Hadir.01.002" status="PASSED">
         <system-out><![CDATA[03-12-2024T16:46:11 - [TEST_CASE][PASSED] - Test Cases/Admin/Login/TCC.Hadir.01.002: Test Cases/Admin/Login/TCC.Hadir.01.002

03-12-2024T16:46:11 - [TEST_STEP][PASSED] - openBrowser(""): Browser is opened with url: ''

03-12-2024T16:46:11 - [MESSAGE][INFO] - Starting 'Chrome' driver

03-12-2024T16:46:11 - [MESSAGE][INFO] - Action delay is set to 0 milliseconds

03-12-2024T16:46:12 - [MESSAGE][PASSED] - Browser is opened with url: ''

03-12-2024T16:46:12 - [TEST_STEP][PASSED] - maximizeWindow(): Current window maximized

03-12-2024T16:46:12 - [MESSAGE][PASSED] - Current window maximized

03-12-2024T16:46:12 - [TEST_STEP][PASSED] - navigateToUrl("https://magang.dikahadir.com/authentication/login"): Navigate to 'https://magang.dikahadir.com/authentication/login' successfully

03-12-2024T16:46:12 - [MESSAGE][PASSED] - Navigate to 'https://magang.dikahadir.com/authentication/login' successfully

03-12-2024T16:46:12 - [TEST_STEP][PASSED] - verifyElementPresent(findTestObject("Object Repository/Login/Login_Page/input_Email_email"), 10, STOP_ON_FAILURE): Object 'Object Repository/Login/Login_Page/input_Email_email' is present

03-12-2024T16:46:13 - [MESSAGE][PASSED] - Object 'Object Repository/Login/Login_Page/input_Email_email' is present

03-12-2024T16:46:13 - [TEST_STEP][PASSED] - setText(findTestObject("Object Repository/Login/Login_Page/input_Email_email"), "Irga@hadir.com"): Text 'Irga@hadir.com' is set on object 'Object Repository/Login/Login_Page/input_Email_email'

03-12-2024T16:46:13 - [MESSAGE][PASSED] - Text 'Irga@hadir.com' is set on object 'Object Repository/Login/Login_Page/input_Email_email'

03-12-2024T16:46:13 - [TEST_STEP][PASSED] - setEncryptedText(findTestObject("Object Repository/Login/Login_Page/input_Password_password"), "aSC42nPN26UggVXAwmiGmQ=="): Text ****** has been set on object 'Object Repository/Login/Login_Page/input_Password_password'

03-12-2024T16:46:14 - [MESSAGE][PASSED] - Text ****** has been set on object 'Object Repository/Login/Login_Page/input_Password_password'

03-12-2024T16:46:14 - [TEST_STEP][PASSED] - click(findTestObject("Object Repository/Login/Login_Page/button_Masuk")): Object: 'Object Repository/Login/Login_Page/button_Masuk' is clicked on

03-12-2024T16:46:14 - [MESSAGE][PASSED] - Object: 'Object Repository/Login/Login_Page/button_Masuk' is clicked on

03-12-2024T16:46:14 - [TEST_STEP][PASSED] - errorMessageObject = findTestObject("Object Repository/Login/Login_Page/div_ErrorMessage"): Test object with id 'Object Repository/Login/Login_Page/div_ErrorMessage' does not exist

03-12-2024T16:46:14 - [MESSAGE][WARNING] - Test object with id 'Object Repository/Login/Login_Page/div_ErrorMessage' does not exist

03-12-2024T16:46:14 - [TEST_STEP][PASSED] - if (errorMessageObject != null): null

03-12-2024T16:46:14 - [TEST_STEP][PASSED] - else: Error message object not found. Verify the Object Repository setup.

03-12-2024T16:46:14 - [TEST_STEP][PASSED] - comment("Error message object not found. Verify the Object Repository setup."): Error message object not found. Verify the Object Repository setup.

03-12-2024T16:46:14 - [MESSAGE][INFO] - Error message object not found. Verify the Object Repository setup.

03-12-2024T16:46:14 - [TEST_STEP][PASSED] - closeBrowser(): Browser is closed

03-12-2024T16:46:14 - [MESSAGE][PASSED] - Browser is closed]]></system-out>
         <system-err><![CDATA[]]></system-err>
      </testcase>
      <testcase name="Test Cases/Admin/Login/TCC.Hadir.01.003" time="2.775" classname="Test Cases/Admin/Login/TCC.Hadir.01.003" status="PASSED">
         <system-out><![CDATA[03-12-2024T16:46:14 - [TEST_CASE][PASSED] - Test Cases/Admin/Login/TCC.Hadir.01.003: Test Cases/Admin/Login/TCC.Hadir.01.003

03-12-2024T16:46:14 - [TEST_STEP][PASSED] - openBrowser(""): Browser is opened with url: ''

03-12-2024T16:46:14 - [MESSAGE][INFO] - Starting 'Chrome' driver

03-12-2024T16:46:14 - [MESSAGE][INFO] - Action delay is set to 0 milliseconds

03-12-2024T16:46:15 - [MESSAGE][PASSED] - Browser is opened with url: ''

03-12-2024T16:46:15 - [TEST_STEP][PASSED] - maximizeWindow(): Current window maximized

03-12-2024T16:46:15 - [MESSAGE][PASSED] - Current window maximized

03-12-2024T16:46:15 - [TEST_STEP][PASSED] - navigateToUrl("https://magang.dikahadir.com/authentication/login"): Navigate to 'https://magang.dikahadir.com/authentication/login' successfully

03-12-2024T16:46:15 - [MESSAGE][PASSED] - Navigate to 'https://magang.dikahadir.com/authentication/login' successfully

03-12-2024T16:46:15 - [TEST_STEP][PASSED] - verifyElementPresent(findTestObject("Object Repository/Login/Login_Page/input_Email_email"), 10, STOP_ON_FAILURE): Object 'Object Repository/Login/Login_Page/input_Email_email' is present

03-12-2024T16:46:16 - [MESSAGE][PASSED] - Object 'Object Repository/Login/Login_Page/input_Email_email' is present

03-12-2024T16:46:16 - [TEST_STEP][PASSED] - setText(findTestObject("Object Repository/Login/Login_Page/input_Email_email"), "Irga@hadir.com"): Text 'Irga@hadir.com' is set on object 'Object Repository/Login/Login_Page/input_Email_email'

03-12-2024T16:46:16 - [MESSAGE][PASSED] - Text 'Irga@hadir.com' is set on object 'Object Repository/Login/Login_Page/input_Email_email'

03-12-2024T16:46:16 - [TEST_STEP][PASSED] - setEncryptedText(findTestObject("Object Repository/Login/Login_Page/input_Password_password"), "aSC42nPN26UggVXAwmiGmQ=="): Text ****** has been set on object 'Object Repository/Login/Login_Page/input_Password_password'

03-12-2024T16:46:16 - [MESSAGE][PASSED] - Text ****** has been set on object 'Object Repository/Login/Login_Page/input_Password_password'

03-12-2024T16:46:16 - [TEST_STEP][PASSED] - click(findTestObject("Object Repository/Login/Login_Page/button_Masuk")): Object: 'Object Repository/Login/Login_Page/button_Masuk' is clicked on

03-12-2024T16:46:17 - [MESSAGE][PASSED] - Object: 'Object Repository/Login/Login_Page/button_Masuk' is clicked on

03-12-2024T16:46:17 - [TEST_STEP][PASSED] - errorMessageObject = findTestObject("Object Repository/Login/Login_Page/div_ErrorMessage"): Test object with id 'Object Repository/Login/Login_Page/div_ErrorMessage' does not exist

03-12-2024T16:46:17 - [MESSAGE][WARNING] - Test object with id 'Object Repository/Login/Login_Page/div_ErrorMessage' does not exist

03-12-2024T16:46:17 - [TEST_STEP][PASSED] - if (errorMessageObject != null): null

03-12-2024T16:46:17 - [TEST_STEP][PASSED] - else: Error message object not found. Verify the Object Repository setup.

03-12-2024T16:46:17 - [TEST_STEP][PASSED] - comment("Error message object not found. Verify the Object Repository setup."): Error message object not found. Verify the Object Repository setup.

03-12-2024T16:46:17 - [MESSAGE][INFO] - Error message object not found. Verify the Object Repository setup.

03-12-2024T16:46:17 - [TEST_STEP][PASSED] - closeBrowser(): Browser is closed

03-12-2024T16:46:17 - [MESSAGE][PASSED] - Browser is closed]]></system-out>
         <system-err><![CDATA[]]></system-err>
      </testcase>
      <testcase name="Test Cases/Admin/Login/TCC.Hadir.01.004" time="3.256" classname="Test Cases/Admin/Login/TCC.Hadir.01.004" status="PASSED">
         <system-out><![CDATA[03-12-2024T16:46:17 - [TEST_CASE][PASSED] - Test Cases/Admin/Login/TCC.Hadir.01.004: Test Cases/Admin/Login/TCC.Hadir.01.004

03-12-2024T16:46:17 - [TEST_STEP][PASSED] - openBrowser(""): Browser is opened with url: ''

03-12-2024T16:46:17 - [MESSAGE][INFO] - Starting 'Chrome' driver

03-12-2024T16:46:17 - [MESSAGE][INFO] - Action delay is set to 0 milliseconds

03-12-2024T16:46:18 - [MESSAGE][PASSED] - Browser is opened with url: ''

03-12-2024T16:46:18 - [TEST_STEP][PASSED] - maximizeWindow(): Current window maximized

03-12-2024T16:46:18 - [MESSAGE][PASSED] - Current window maximized

03-12-2024T16:46:18 - [TEST_STEP][PASSED] - navigateToUrl("https://magang.dikahadir.com/authentication/login"): Navigate to 'https://magang.dikahadir.com/authentication/login' successfully

03-12-2024T16:46:18 - [MESSAGE][PASSED] - Navigate to 'https://magang.dikahadir.com/authentication/login' successfully

03-12-2024T16:46:18 - [TEST_STEP][PASSED] - verifyElementPresent(findTestObject("Object Repository/Login/Login_Page/input_Email_email"), 10): Object 'Object Repository/Login/Login_Page/input_Email_email' is present

03-12-2024T16:46:18 - [MESSAGE][PASSED] - Object 'Object Repository/Login/Login_Page/input_Email_email' is present

03-12-2024T16:46:18 - [TEST_STEP][PASSED] - setText(findTestObject("Object Repository/Login/Login_Page/input_Email_email"), "Adminhadir.com"): Text 'Adminhadir.com' is set on object 'Object Repository/Login/Login_Page/input_Email_email'

03-12-2024T16:46:19 - [MESSAGE][PASSED] - Text 'Adminhadir.com' is set on object 'Object Repository/Login/Login_Page/input_Email_email'

03-12-2024T16:46:19 - [TEST_STEP][PASSED] - setEncryptedText(findTestObject("Object Repository/Login/Login_Page/input_Password_password"), "aSC42nPN26UggVXAwmiGmQ=="): Text ****** has been set on object 'Object Repository/Login/Login_Page/input_Password_password'

03-12-2024T16:46:19 - [MESSAGE][PASSED] - Text ****** has been set on object 'Object Repository/Login/Login_Page/input_Password_password'

03-12-2024T16:46:19 - [TEST_STEP][PASSED] - click(findTestObject("Object Repository/Login/Login_Page/button_Masuk")): Object: 'Object Repository/Login/Login_Page/button_Masuk' is clicked on

03-12-2024T16:46:19 - [MESSAGE][PASSED] - Object: 'Object Repository/Login/Login_Page/button_Masuk' is clicked on

03-12-2024T16:46:19 - [TEST_STEP][PASSED] - emailField = getWebDriver().findElement(By.name("email")): null

03-12-2024T16:46:20 - [TEST_STEP][PASSED] - validationMessage = emailField.getAttribute("validationMessage"): null

03-12-2024T16:46:20 - [TEST_STEP][PASSED] - expectedMessage = "Please include an '@' in the email address. 'adminhadir.com' is missing an '@'.": null

03-12-2024T16:46:20 - [TEST_STEP][PASSED] - if (validationMessage == expectedMessage): null

03-12-2024T16:46:20 - [TEST_STEP][PASSED] - else: Validation message is incorrect. Found: Please include an '@' in the email address. 'Adminhadir.com' is missing an '@'.

03-12-2024T16:46:20 - [TEST_STEP][PASSED] - comment(Validation message is incorrect. Found: $validationMessage): Validation message is incorrect. Found: Please include an '@' in the email address. 'Adminhadir.com' is missing an '@'.

03-12-2024T16:46:20 - [MESSAGE][INFO] - Validation message is incorrect. Found: Please include an '@' in the email address. 'Adminhadir.com' is missing an '@'.

03-12-2024T16:46:20 - [TEST_STEP][PASSED] - closeBrowser(): Browser is closed

03-12-2024T16:46:20 - [MESSAGE][PASSED] - Browser is closed]]></system-out>
         <system-err><![CDATA[]]></system-err>
      </testcase>
      <testcase name="Test Cases/Admin/Login/TCC.Hadir.01.005" time="3.175" classname="Test Cases/Admin/Login/TCC.Hadir.01.005" status="PASSED">
         <system-out><![CDATA[03-12-2024T16:46:20 - [TEST_CASE][PASSED] - Test Cases/Admin/Login/TCC.Hadir.01.005: Test Cases/Admin/Login/TCC.Hadir.01.005

03-12-2024T16:46:20 - [TEST_STEP][PASSED] - openBrowser(""): Browser is opened with url: ''

03-12-2024T16:46:20 - [MESSAGE][INFO] - Starting 'Chrome' driver

03-12-2024T16:46:20 - [MESSAGE][INFO] - Action delay is set to 0 milliseconds

03-12-2024T16:46:21 - [MESSAGE][PASSED] - Browser is opened with url: ''

03-12-2024T16:46:21 - [TEST_STEP][PASSED] - maximizeWindow(): Current window maximized

03-12-2024T16:46:21 - [MESSAGE][PASSED] - Current window maximized

03-12-2024T16:46:21 - [TEST_STEP][PASSED] - navigateToUrl("https://magang.dikahadir.com/authentication/login"): Navigate to 'https://magang.dikahadir.com/authentication/login' successfully

03-12-2024T16:46:21 - [MESSAGE][PASSED] - Navigate to 'https://magang.dikahadir.com/authentication/login' successfully

03-12-2024T16:46:21 - [TEST_STEP][PASSED] - verifyElementPresent(findTestObject("Object Repository/Login/Login_Page/input_Email_email"), 10): Object 'Object Repository/Login/Login_Page/input_Email_email' is present

03-12-2024T16:46:22 - [MESSAGE][PASSED] - Object 'Object Repository/Login/Login_Page/input_Email_email' is present

03-12-2024T16:46:22 - [TEST_STEP][PASSED] - setText(findTestObject("Object Repository/Login/Login_Page/input_Email_email"), "Admin@@hadir.com"): Text 'Admin@@hadir.com' is set on object 'Object Repository/Login/Login_Page/input_Email_email'

03-12-2024T16:46:22 - [MESSAGE][PASSED] - Text 'Admin@@hadir.com' is set on object 'Object Repository/Login/Login_Page/input_Email_email'

03-12-2024T16:46:22 - [TEST_STEP][PASSED] - setEncryptedText(findTestObject("Object Repository/Login/Login_Page/input_Password_password"), "aSC42nPN26UggVXAwmiGmQ=="): Text ****** has been set on object 'Object Repository/Login/Login_Page/input_Password_password'

03-12-2024T16:46:22 - [MESSAGE][PASSED] - Text ****** has been set on object 'Object Repository/Login/Login_Page/input_Password_password'

03-12-2024T16:46:22 - [TEST_STEP][PASSED] - click(findTestObject("Object Repository/Login/Login_Page/button_Masuk")): Object: 'Object Repository/Login/Login_Page/button_Masuk' is clicked on

03-12-2024T16:46:23 - [MESSAGE][PASSED] - Object: 'Object Repository/Login/Login_Page/button_Masuk' is clicked on

03-12-2024T16:46:23 - [TEST_STEP][PASSED] - emailField = getWebDriver().findElement(By.name("email")): null

03-12-2024T16:46:23 - [TEST_STEP][PASSED] - validationMessage = emailField.getAttribute("validationMessage"): null

03-12-2024T16:46:23 - [TEST_STEP][PASSED] - expectedMessage = "A part following '@' should not contain the symbol '@'.": null

03-12-2024T16:46:23 - [TEST_STEP][PASSED] - if (validationMessage == expectedMessage): Validation message is correct: A part following '@' should not contain the symbol '@'.

03-12-2024T16:46:23 - [TEST_STEP][PASSED] - comment(Validation message is correct: $validationMessage): Validation message is correct: A part following '@' should not contain the symbol '@'.

03-12-2024T16:46:23 - [MESSAGE][INFO] - Validation message is correct: A part following '@' should not contain the symbol '@'.

03-12-2024T16:46:23 - [TEST_STEP][PASSED] - closeBrowser(): Browser is closed

03-12-2024T16:46:23 - [MESSAGE][PASSED] - Browser is closed]]></system-out>
         <system-err><![CDATA[]]></system-err>
      </testcase>
      <testcase name="Test Cases/Admin/Login/TCC.Hadir.01.006" time="2.705" classname="Test Cases/Admin/Login/TCC.Hadir.01.006" status="PASSED">
         <system-out><![CDATA[03-12-2024T16:46:23 - [TEST_CASE][PASSED] - Test Cases/Admin/Login/TCC.Hadir.01.006: Test Cases/Admin/Login/TCC.Hadir.01.006

03-12-2024T16:46:23 - [TEST_STEP][PASSED] - openBrowser(""): Browser is opened with url: ''

03-12-2024T16:46:23 - [MESSAGE][INFO] - Starting 'Chrome' driver

03-12-2024T16:46:23 - [MESSAGE][INFO] - Action delay is set to 0 milliseconds

03-12-2024T16:46:24 - [MESSAGE][PASSED] - Browser is opened with url: ''

03-12-2024T16:46:24 - [TEST_STEP][PASSED] - maximizeWindow(): Current window maximized

03-12-2024T16:46:24 - [MESSAGE][PASSED] - Current window maximized

03-12-2024T16:46:24 - [TEST_STEP][PASSED] - navigateToUrl("https://magang.dikahadir.com/authentication/login"): Navigate to 'https://magang.dikahadir.com/authentication/login' successfully

03-12-2024T16:46:24 - [MESSAGE][PASSED] - Navigate to 'https://magang.dikahadir.com/authentication/login' successfully

03-12-2024T16:46:24 - [TEST_STEP][PASSED] - verifyElementPresent(findTestObject("Object Repository/Login/Login_Page/input_Email_email"), 10, STOP_ON_FAILURE): Object 'Object Repository/Login/Login_Page/input_Email_email' is present

03-12-2024T16:46:25 - [MESSAGE][PASSED] - Object 'Object Repository/Login/Login_Page/input_Email_email' is present

03-12-2024T16:46:25 - [TEST_STEP][PASSED] - setText(findTestObject("Object Repository/Login/Login_Page/input_Email_email"), "Admin@hadir.co.id"): Text 'Admin@hadir.co.id' is set on object 'Object Repository/Login/Login_Page/input_Email_email'

03-12-2024T16:46:25 - [MESSAGE][PASSED] - Text 'Admin@hadir.co.id' is set on object 'Object Repository/Login/Login_Page/input_Email_email'

03-12-2024T16:46:25 - [TEST_STEP][PASSED] - setEncryptedText(findTestObject("Object Repository/Login/Login_Page/input_Password_password"), "aSC42nPN26UggVXAwmiGmQ=="): Text ****** has been set on object 'Object Repository/Login/Login_Page/input_Password_password'

03-12-2024T16:46:26 - [MESSAGE][PASSED] - Text ****** has been set on object 'Object Repository/Login/Login_Page/input_Password_password'

03-12-2024T16:46:26 - [TEST_STEP][PASSED] - click(findTestObject("Object Repository/Login/Login_Page/button_Masuk")): Object: 'Object Repository/Login/Login_Page/button_Masuk' is clicked on

03-12-2024T16:46:26 - [MESSAGE][PASSED] - Object: 'Object Repository/Login/Login_Page/button_Masuk' is clicked on

03-12-2024T16:46:26 - [TEST_STEP][PASSED] - errorMessageObject = findTestObject("Object Repository/Login/Login_Page/div_ErrorMessage"): Test object with id 'Object Repository/Login/Login_Page/div_ErrorMessage' does not exist

03-12-2024T16:46:26 - [MESSAGE][WARNING] - Test object with id 'Object Repository/Login/Login_Page/div_ErrorMessage' does not exist

03-12-2024T16:46:26 - [TEST_STEP][PASSED] - if (errorMessageObject != null): null

03-12-2024T16:46:26 - [TEST_STEP][PASSED] - else: Error message object not found. Verify the Object Repository setup.

03-12-2024T16:46:26 - [TEST_STEP][PASSED] - comment("Error message object not found. Verify the Object Repository setup."): Error message object not found. Verify the Object Repository setup.

03-12-2024T16:46:26 - [MESSAGE][INFO] - Error message object not found. Verify the Object Repository setup.

03-12-2024T16:46:26 - [TEST_STEP][PASSED] - closeBrowser(): Browser is closed

03-12-2024T16:46:26 - [MESSAGE][PASSED] - Browser is closed]]></system-out>
         <system-err><![CDATA[]]></system-err>
      </testcase>
      <testcase name="Test Cases/Admin/Login/TCC.Hadir.01.007" time="3.308" classname="Test Cases/Admin/Login/TCC.Hadir.01.007" status="PASSED">
         <system-out><![CDATA[03-12-2024T16:46:26 - [TEST_CASE][PASSED] - Test Cases/Admin/Login/TCC.Hadir.01.007: Test Cases/Admin/Login/TCC.Hadir.01.007

03-12-2024T16:46:26 - [TEST_STEP][PASSED] - openBrowser(""): Browser is opened with url: ''

03-12-2024T16:46:26 - [MESSAGE][INFO] - Starting 'Chrome' driver

03-12-2024T16:46:26 - [MESSAGE][INFO] - Action delay is set to 0 milliseconds

03-12-2024T16:46:27 - [MESSAGE][PASSED] - Browser is opened with url: ''

03-12-2024T16:46:27 - [TEST_STEP][PASSED] - maximizeWindow(): Current window maximized

03-12-2024T16:46:27 - [MESSAGE][PASSED] - Current window maximized

03-12-2024T16:46:27 - [TEST_STEP][PASSED] - navigateToUrl("https://magang.dikahadir.com/authentication/login"): Navigate to 'https://magang.dikahadir.com/authentication/login' successfully

03-12-2024T16:46:28 - [MESSAGE][PASSED] - Navigate to 'https://magang.dikahadir.com/authentication/login' successfully

03-12-2024T16:46:28 - [TEST_STEP][PASSED] - verifyElementPresent(findTestObject("Object Repository/Login/Login_Page/input_Email_email"), 10, STOP_ON_FAILURE): Object 'Object Repository/Login/Login_Page/input_Email_email' is present

03-12-2024T16:46:28 - [MESSAGE][PASSED] - Object 'Object Repository/Login/Login_Page/input_Email_email' is present

03-12-2024T16:46:28 - [TEST_STEP][PASSED] - setText(findTestObject("Object Repository/Login/Login_Page/input_Email_email"), ""): Text '' is set on object 'Object Repository/Login/Login_Page/input_Email_email'

03-12-2024T16:46:29 - [MESSAGE][PASSED] - Text '' is set on object 'Object Repository/Login/Login_Page/input_Email_email'

03-12-2024T16:46:29 - [TEST_STEP][PASSED] - setEncryptedText(findTestObject("Object Repository/Login/Login_Page/input_Password_password"), ""): Text ****** has been set on object 'Object Repository/Login/Login_Page/input_Password_password'

03-12-2024T16:46:29 - [MESSAGE][PASSED] - Text ****** has been set on object 'Object Repository/Login/Login_Page/input_Password_password'

03-12-2024T16:46:29 - [TEST_STEP][PASSED] - click(findTestObject("Object Repository/Login/Login_Page/button_Masuk")): Object: 'Object Repository/Login/Login_Page/button_Masuk' is clicked on

03-12-2024T16:46:29 - [MESSAGE][PASSED] - Object: 'Object Repository/Login/Login_Page/button_Masuk' is clicked on

03-12-2024T16:46:29 - [TEST_STEP][PASSED] - errorMessageObject = findTestObject("Object Repository/Login/Login_Page/div_ErrorMessage"): Test object with id 'Object Repository/Login/Login_Page/div_ErrorMessage' does not exist

03-12-2024T16:46:29 - [MESSAGE][WARNING] - Test object with id 'Object Repository/Login/Login_Page/div_ErrorMessage' does not exist

03-12-2024T16:46:29 - [TEST_STEP][PASSED] - if (errorMessageObject != null): null

03-12-2024T16:46:29 - [TEST_STEP][PASSED] - else: Error message object not found. Verify the Object Repository setup.

03-12-2024T16:46:29 - [TEST_STEP][PASSED] - comment("Error message object not found. Verify the Object Repository setup."): Error message object not found. Verify the Object Repository setup.

03-12-2024T16:46:29 - [MESSAGE][INFO] - Error message object not found. Verify the Object Repository setup.

03-12-2024T16:46:29 - [TEST_STEP][PASSED] - closeBrowser(): Browser is closed

03-12-2024T16:46:29 - [MESSAGE][PASSED] - Browser is closed]]></system-out>
         <system-err><![CDATA[]]></system-err>
      </testcase>
      <testcase name="Test Cases/Admin/Login/TCC.Hadir.01.008" time="2.79" classname="Test Cases/Admin/Login/TCC.Hadir.01.008" status="PASSED">
         <system-out><![CDATA[03-12-2024T16:46:29 - [TEST_CASE][PASSED] - Test Cases/Admin/Login/TCC.Hadir.01.008: Test Cases/Admin/Login/TCC.Hadir.01.008

03-12-2024T16:46:29 - [TEST_STEP][PASSED] - openBrowser(""): Browser is opened with url: ''

03-12-2024T16:46:29 - [MESSAGE][INFO] - Starting 'Chrome' driver

03-12-2024T16:46:29 - [MESSAGE][INFO] - Action delay is set to 0 milliseconds

03-12-2024T16:46:30 - [MESSAGE][PASSED] - Browser is opened with url: ''

03-12-2024T16:46:30 - [TEST_STEP][PASSED] - maximizeWindow(): Current window maximized

03-12-2024T16:46:30 - [MESSAGE][PASSED] - Current window maximized

03-12-2024T16:46:30 - [TEST_STEP][PASSED] - navigateToUrl("https://magang.dikahadir.com/authentication/login"): Navigate to 'https://magang.dikahadir.com/authentication/login' successfully

03-12-2024T16:46:30 - [MESSAGE][PASSED] - Navigate to 'https://magang.dikahadir.com/authentication/login' successfully

03-12-2024T16:46:30 - [TEST_STEP][PASSED] - verifyElementPresent(findTestObject("Object Repository/Login/Login_Page/input_Email_email"), 10, STOP_ON_FAILURE): Object 'Object Repository/Login/Login_Page/input_Email_email' is present

03-12-2024T16:46:31 - [MESSAGE][PASSED] - Object 'Object Repository/Login/Login_Page/input_Email_email' is present

03-12-2024T16:46:31 - [TEST_STEP][PASSED] - setText(findTestObject("Object Repository/Login/Login_Page/input_Email_email"), ""): Text '' is set on object 'Object Repository/Login/Login_Page/input_Email_email'

03-12-2024T16:46:31 - [MESSAGE][PASSED] - Text '' is set on object 'Object Repository/Login/Login_Page/input_Email_email'

03-12-2024T16:46:31 - [TEST_STEP][PASSED] - setEncryptedText(findTestObject("Object Repository/Login/Login_Page/input_Password_password"), "aSC42nPN26UggVXAwmiGmQ=="): Text ****** has been set on object 'Object Repository/Login/Login_Page/input_Password_password'

03-12-2024T16:46:32 - [MESSAGE][PASSED] - Text ****** has been set on object 'Object Repository/Login/Login_Page/input_Password_password'

03-12-2024T16:46:32 - [TEST_STEP][PASSED] - click(findTestObject("Object Repository/Login/Login_Page/button_Masuk")): Object: 'Object Repository/Login/Login_Page/button_Masuk' is clicked on

03-12-2024T16:46:32 - [MESSAGE][PASSED] - Object: 'Object Repository/Login/Login_Page/button_Masuk' is clicked on

03-12-2024T16:46:32 - [TEST_STEP][PASSED] - errorMessageObject = findTestObject("Object Repository/Login/Login_Page/div_ErrorMessage"): Test object with id 'Object Repository/Login/Login_Page/div_ErrorMessage' does not exist

03-12-2024T16:46:32 - [MESSAGE][WARNING] - Test object with id 'Object Repository/Login/Login_Page/div_ErrorMessage' does not exist

03-12-2024T16:46:32 - [TEST_STEP][PASSED] - if (errorMessageObject != null): null

03-12-2024T16:46:32 - [TEST_STEP][PASSED] - else: Error message object not found. Verify the Object Repository setup.

03-12-2024T16:46:32 - [TEST_STEP][PASSED] - comment("Error message object not found. Verify the Object Repository setup."): Error message object not found. Verify the Object Repository setup.

03-12-2024T16:46:32 - [MESSAGE][INFO] - Error message object not found. Verify the Object Repository setup.

03-12-2024T16:46:32 - [TEST_STEP][PASSED] - closeBrowser(): Browser is closed

03-12-2024T16:46:32 - [MESSAGE][PASSED] - Browser is closed]]></system-out>
         <system-err><![CDATA[]]></system-err>
      </testcase>
      <testcase name="Test Cases/Admin/Login/TCC.Hadir.01.009" time="2.765" classname="Test Cases/Admin/Login/TCC.Hadir.01.009" status="PASSED">
         <system-out><![CDATA[03-12-2024T16:46:32 - [TEST_CASE][PASSED] - Test Cases/Admin/Login/TCC.Hadir.01.009: Test Cases/Admin/Login/TCC.Hadir.01.009

03-12-2024T16:46:32 - [TEST_STEP][PASSED] - openBrowser(""): Browser is opened with url: ''

03-12-2024T16:46:32 - [MESSAGE][INFO] - Starting 'Chrome' driver

03-12-2024T16:46:32 - [MESSAGE][INFO] - Action delay is set to 0 milliseconds

03-12-2024T16:46:33 - [MESSAGE][PASSED] - Browser is opened with url: ''

03-12-2024T16:46:33 - [TEST_STEP][PASSED] - maximizeWindow(): Current window maximized

03-12-2024T16:46:33 - [MESSAGE][PASSED] - Current window maximized

03-12-2024T16:46:33 - [TEST_STEP][PASSED] - navigateToUrl("https://magang.dikahadir.com/authentication/login"): Navigate to 'https://magang.dikahadir.com/authentication/login' successfully

03-12-2024T16:46:33 - [MESSAGE][PASSED] - Navigate to 'https://magang.dikahadir.com/authentication/login' successfully

03-12-2024T16:46:33 - [TEST_STEP][PASSED] - verifyElementPresent(findTestObject("Object Repository/Login/Login_Page/input_Email_email"), 10, STOP_ON_FAILURE): Object 'Object Repository/Login/Login_Page/input_Email_email' is present

03-12-2024T16:46:34 - [MESSAGE][PASSED] - Object 'Object Repository/Login/Login_Page/input_Email_email' is present

03-12-2024T16:46:34 - [TEST_STEP][PASSED] - setText(findTestObject("Object Repository/Login/Login_Page/input_Email_email"), "Admin@hadir.com"): Text 'Admin@hadir.com' is set on object 'Object Repository/Login/Login_Page/input_Email_email'

03-12-2024T16:46:34 - [MESSAGE][PASSED] - Text 'Admin@hadir.com' is set on object 'Object Repository/Login/Login_Page/input_Email_email'

03-12-2024T16:46:34 - [TEST_STEP][PASSED] - setEncryptedText(findTestObject("Object Repository/Login/Login_Page/input_Password_password"), ""): Text ****** has been set on object 'Object Repository/Login/Login_Page/input_Password_password'

03-12-2024T16:46:34 - [MESSAGE][PASSED] - Text ****** has been set on object 'Object Repository/Login/Login_Page/input_Password_password'

03-12-2024T16:46:34 - [TEST_STEP][PASSED] - click(findTestObject("Object Repository/Login/Login_Page/button_Masuk")): Object: 'Object Repository/Login/Login_Page/button_Masuk' is clicked on

03-12-2024T16:46:35 - [MESSAGE][PASSED] - Object: 'Object Repository/Login/Login_Page/button_Masuk' is clicked on

03-12-2024T16:46:35 - [TEST_STEP][PASSED] - errorMessageObject = findTestObject("Object Repository/Login/Login_Page/div_ErrorMessage"): Test object with id 'Object Repository/Login/Login_Page/div_ErrorMessage' does not exist

03-12-2024T16:46:35 - [MESSAGE][WARNING] - Test object with id 'Object Repository/Login/Login_Page/div_ErrorMessage' does not exist

03-12-2024T16:46:35 - [TEST_STEP][PASSED] - if (errorMessageObject != null): null

03-12-2024T16:46:35 - [TEST_STEP][PASSED] - else: Error message object not found. Verify the Object Repository setup.

03-12-2024T16:46:35 - [TEST_STEP][PASSED] - comment("Error message object not found. Verify the Object Repository setup."): Error message object not found. Verify the Object Repository setup.

03-12-2024T16:46:35 - [MESSAGE][INFO] - Error message object not found. Verify the Object Repository setup.

03-12-2024T16:46:35 - [TEST_STEP][PASSED] - closeBrowser(): Browser is closed

03-12-2024T16:46:35 - [MESSAGE][PASSED] - Browser is closed]]></system-out>
         <system-err><![CDATA[]]></system-err>
      </testcase>
      <testcase name="Test Cases/Admin/Login/TCC.Hadir.01.010" time="2.966" classname="Test Cases/Admin/Login/TCC.Hadir.01.010" status="PASSED">
         <system-out><![CDATA[03-12-2024T16:46:35 - [TEST_CASE][PASSED] - Test Cases/Admin/Login/TCC.Hadir.01.010: Test Cases/Admin/Login/TCC.Hadir.01.010

03-12-2024T16:46:35 - [TEST_STEP][PASSED] - openBrowser(""): Browser is opened with url: ''

03-12-2024T16:46:35 - [MESSAGE][INFO] - Starting 'Chrome' driver

03-12-2024T16:46:35 - [MESSAGE][INFO] - Action delay is set to 0 milliseconds

03-12-2024T16:46:35 - [MESSAGE][PASSED] - Browser is opened with url: ''

03-12-2024T16:46:35 - [TEST_STEP][PASSED] - maximizeWindow(): Current window maximized

03-12-2024T16:46:36 - [MESSAGE][PASSED] - Current window maximized

03-12-2024T16:46:36 - [TEST_STEP][PASSED] - navigateToUrl("https://magang.dikahadir.com/authentication/login"): Navigate to 'https://magang.dikahadir.com/authentication/login' successfully

03-12-2024T16:46:36 - [MESSAGE][PASSED] - Navigate to 'https://magang.dikahadir.com/authentication/login' successfully

03-12-2024T16:46:36 - [TEST_STEP][PASSED] - verifyElementPresent(findTestObject("Object Repository/Login/Login_Page/input_Email_email"), 10, STOP_ON_FAILURE): Object 'Object Repository/Login/Login_Page/input_Email_email' is present

03-12-2024T16:46:37 - [MESSAGE][PASSED] - Object 'Object Repository/Login/Login_Page/input_Email_email' is present

03-12-2024T16:46:37 - [TEST_STEP][PASSED] - setText(findTestObject("Object Repository/Login/Login_Page/input_Email_email"), "Admin@hadir.com"): Text 'Admin@hadir.com' is set on object 'Object Repository/Login/Login_Page/input_Email_email'

03-12-2024T16:46:37 - [MESSAGE][PASSED] - Text 'Admin@hadir.com' is set on object 'Object Repository/Login/Login_Page/input_Email_email'

03-12-2024T16:46:37 - [TEST_STEP][PASSED] - setEncryptedText(findTestObject("Object Repository/Login/Login_Page/input_Password_password"), "4nvbrPglk7k="): Text ****** has been set on object 'Object Repository/Login/Login_Page/input_Password_password'

03-12-2024T16:46:37 - [MESSAGE][PASSED] - Text ****** has been set on object 'Object Repository/Login/Login_Page/input_Password_password'

03-12-2024T16:46:37 - [TEST_STEP][PASSED] - click(findTestObject("Object Repository/Login/Login_Page/button_Masuk")): Object: 'Object Repository/Login/Login_Page/button_Masuk' is clicked on

03-12-2024T16:46:38 - [MESSAGE][PASSED] - Object: 'Object Repository/Login/Login_Page/button_Masuk' is clicked on

03-12-2024T16:46:38 - [TEST_STEP][PASSED] - errorMessageObject = findTestObject("Object Repository/Login/Login_Page/div_ErrorMessage"): Test object with id 'Object Repository/Login/Login_Page/div_ErrorMessage' does not exist

03-12-2024T16:46:38 - [MESSAGE][WARNING] - Test object with id 'Object Repository/Login/Login_Page/div_ErrorMessage' does not exist

03-12-2024T16:46:38 - [TEST_STEP][PASSED] - if (errorMessageObject != null): null

03-12-2024T16:46:38 - [TEST_STEP][PASSED] - else: Error message object not found. Verify the Object Repository setup.

03-12-2024T16:46:38 - [TEST_STEP][PASSED] - comment("Error message object not found. Verify the Object Repository setup."): Error message object not found. Verify the Object Repository setup.

03-12-2024T16:46:38 - [MESSAGE][INFO] - Error message object not found. Verify the Object Repository setup.

03-12-2024T16:46:38 - [TEST_STEP][PASSED] - closeBrowser(): Browser is closed

03-12-2024T16:46:38 - [MESSAGE][PASSED] - Browser is closed]]></system-out>
         <system-err><![CDATA[]]></system-err>
      </testcase>
      <testcase name="Test Cases/Admin/Login/TCC.Hadir.01.011" time="2.376" classname="Test Cases/Admin/Login/TCC.Hadir.01.011" status="PASSED">
         <system-out><![CDATA[03-12-2024T16:46:38 - [TEST_CASE][PASSED] - Test Cases/Admin/Login/TCC.Hadir.01.011: Test Cases/Admin/Login/TCC.Hadir.01.011

03-12-2024T16:46:38 - [TEST_STEP][PASSED] - openBrowser(""): Browser is opened with url: ''

03-12-2024T16:46:38 - [MESSAGE][INFO] - Starting 'Chrome' driver

03-12-2024T16:46:38 - [MESSAGE][INFO] - Action delay is set to 0 milliseconds

03-12-2024T16:46:38 - [MESSAGE][PASSED] - Browser is opened with url: ''

03-12-2024T16:46:38 - [TEST_STEP][PASSED] - maximizeWindow(): Current window maximized

03-12-2024T16:46:38 - [MESSAGE][PASSED] - Current window maximized

03-12-2024T16:46:38 - [TEST_STEP][PASSED] - navigateToUrl("https://magang.dikahadir.com/authentication/login"): Navigate to 'https://magang.dikahadir.com/authentication/login' successfully

03-12-2024T16:46:39 - [MESSAGE][PASSED] - Navigate to 'https://magang.dikahadir.com/authentication/login' successfully

03-12-2024T16:46:39 - [TEST_STEP][PASSED] - verifyElementPresent(findTestObject("Object Repository/Login/Login_Page/input_Email_email"), 10, STOP_ON_FAILURE): Object 'Object Repository/Login/Login_Page/input_Email_email' is present

03-12-2024T16:46:39 - [MESSAGE][PASSED] - Object 'Object Repository/Login/Login_Page/input_Email_email' is present

03-12-2024T16:46:39 - [TEST_STEP][PASSED] - setText(findTestObject("Object Repository/Login/Login_Page/input_Email_email"), "Admin@hadir.com"): Text 'Admin@hadir.com' is set on object 'Object Repository/Login/Login_Page/input_Email_email'

03-12-2024T16:46:40 - [MESSAGE][PASSED] - Text 'Admin@hadir.com' is set on object 'Object Repository/Login/Login_Page/input_Email_email'

03-12-2024T16:46:40 - [TEST_STEP][PASSED] - inputFieldType = getAttribute(findTestObject("Object Repository/Login/Login_Page/input_Password_password"), "type"): Attribute 'type' of object 'Object Repository/Login/Login_Page/input_Password_password' is: 'password'

03-12-2024T16:46:40 - [MESSAGE][PASSED] - Attribute 'type' of object 'Object Repository/Login/Login_Page/input_Password_password' is: 'password'

03-12-2024T16:46:40 - [TEST_STEP][PASSED] - verifyMatch(inputFieldType, "password", false): Actual text 'password' and expected text 'password' are matched 

03-12-2024T16:46:40 - [MESSAGE][PASSED] - Actual text 'password' and expected text 'password' are matched 

03-12-2024T16:46:40 - [TEST_STEP][PASSED] - closeBrowser(): Browser is closed

03-12-2024T16:46:40 - [MESSAGE][PASSED] - Browser is closed]]></system-out>
         <system-err><![CDATA[]]></system-err>
      </testcase>
      <testcase name="Test Cases/Admin/Login/TCC.Hadir.01.012" time="3.796" classname="Test Cases/Admin/Login/TCC.Hadir.01.012" status="PASSED">
         <system-out><![CDATA[03-12-2024T16:46:40 - [TEST_CASE][PASSED] - Test Cases/Admin/Login/TCC.Hadir.01.012: Test Cases/Admin/Login/TCC.Hadir.01.012

03-12-2024T16:46:40 - [TEST_STEP][PASSED] - openBrowser(""): Browser is opened with url: ''

03-12-2024T16:46:40 - [MESSAGE][INFO] - Starting 'Chrome' driver

03-12-2024T16:46:40 - [MESSAGE][INFO] - Action delay is set to 0 milliseconds

03-12-2024T16:46:41 - [MESSAGE][PASSED] - Browser is opened with url: ''

03-12-2024T16:46:41 - [TEST_STEP][PASSED] - maximizeWindow(): Current window maximized

03-12-2024T16:46:41 - [MESSAGE][PASSED] - Current window maximized

03-12-2024T16:46:41 - [TEST_STEP][PASSED] - navigateToUrl("https://magang.dikahadir.com/authentication/login"): Navigate to 'https://magang.dikahadir.com/authentication/login' successfully

03-12-2024T16:46:42 - [MESSAGE][PASSED] - Navigate to 'https://magang.dikahadir.com/authentication/login' successfully

03-12-2024T16:46:42 - [TEST_STEP][PASSED] - setText(findTestObject("Object Repository/Login/Login_Page/input_Email_email"), "Admin@hadir.com"): Text 'Admin@hadir.com' is set on object 'Object Repository/Login/Login_Page/input_Email_email'

03-12-2024T16:46:43 - [MESSAGE][PASSED] - Text 'Admin@hadir.com' is set on object 'Object Repository/Login/Login_Page/input_Email_email'

03-12-2024T16:46:43 - [TEST_STEP][PASSED] - setText(findTestObject("Object Repository/Login/Login_Page/input_Password_password"), "admin@hadir"): Text 'admin@hadir' is set on object 'Object Repository/Login/Login_Page/input_Password_password'

03-12-2024T16:46:43 - [MESSAGE][PASSED] - Text 'admin@hadir' is set on object 'Object Repository/Login/Login_Page/input_Password_password'

03-12-2024T16:46:43 - [TEST_STEP][PASSED] - click(findTestObject("Object Repository/Login/Login_Page/button_HiddenPassword")): Object: 'Object Repository/Login/Login_Page/button_HiddenPassword' is clicked on

03-12-2024T16:46:43 - [MESSAGE][PASSED] - Object: 'Object Repository/Login/Login_Page/button_HiddenPassword' is clicked on

03-12-2024T16:46:43 - [TEST_STEP][PASSED] - passwordFieldType = getAttribute(findTestObject("Object Repository/Login/Login_Page/input_Password_password"), "type"): Attribute 'type' of object 'Object Repository/Login/Login_Page/input_Password_password' is: 'text'

03-12-2024T16:46:44 - [MESSAGE][PASSED] - Attribute 'type' of object 'Object Repository/Login/Login_Page/input_Password_password' is: 'text'

03-12-2024T16:46:44 - [TEST_STEP][PASSED] - Assert.assertEquals(passwordFieldType, "text"): null

03-12-2024T16:46:44 - [TEST_STEP][PASSED] - closeBrowser(): Browser is closed

03-12-2024T16:46:44 - [MESSAGE][PASSED] - Browser is closed]]></system-out>
         <system-err><![CDATA[]]></system-err>
      </testcase>
      <system-out><![CDATA[03-12-2024T16:46:06 - [TEST_SUITE][PASSED] - Login: Test Cases/Admin/Login/TCC.Hadir.01.012]]></system-out>
      <system-err><![CDATA[]]></system-err>
   </testsuite>
</testsuites>
